Build output check failed:
    Regex: 'unknown .*option'
    Output line: 'warning: unknown warning option '-Wno-deprecated-enum-enum-conversion', did you mean '-Wno-bitfield-enum-conversion'? [-Wunknown-warning-option]'
Compilation failed:
    source file: '/Users/chungting/MyOpenCV/Repo/opencv/platforms/ios/output/build/build-armv7s-iphoneos/CMakeFiles/CMakeTmp/src.cxx'
    check option: ' -fsigned-char -W -Wall -Werror=return-type -Werror=non-virtual-dtor -Werror=address -Werror=sequence-point -Wformat -Werror=format-security -Wmissing-declarations -Wmissing-prototypes -Wstrict-prototypes -Wundef -Winit-self -Wpointer-arith -Wshadow -Wsign-promo -Wuninitialized -Winit-self -Wno-delete-non-virtual-dtor -Wno-unnamed-type-template-args -Wno-comment  -Wno-deprecated-enum-enum-conversion'
===== BUILD LOG =====
Change Dir: /Users/chungting/MyOpenCV/Repo/opencv/platforms/ios/output/build/build-armv7s-iphoneos/CMakeFiles/CMakeTmp

Run Build Command(s):/Users/chungting/MyOpenCV/Repo/opencv/platforms/ios/output/build/build-armv7s-iphoneos/xcodebuild_wrapper -project CMAKE_TRY_COMPILE.xcodeproj build -target cmTC_01a9c -configuration Release -hideShellScriptEnvironment && Command line invocation:
    /Users/chungting/Downloads/Xcode.app/Contents/Developer/usr/bin/xcodebuild IPHONEOS_DEPLOYMENT_TARGET=8.0 CODE_SIGN_IDENTITY= CODE_SIGNING_REQUIRED=NO ARCHS=armv7s -sdk iphoneos -project CMAKE_TRY_COMPILE.xcodeproj build -target cmTC_01a9c -configuration Debug -hideShellScriptEnvironment

User defaults from command line:
    HideShellScriptEnvironment = YES

Build settings from command line:
    ARCHS = armv7s
    CODE_SIGN_IDENTITY = 
    CODE_SIGNING_REQUIRED = NO
    IPHONEOS_DEPLOYMENT_TARGET = 8.0
    SDKROOT = iphoneos13.4

Prepare build
note: Using legacy build system
=== BUILD TARGET cmTC_01a9c OF PROJECT CMAKE_TRY_COMPILE WITH CONFIGURATION Debug ===

Check dependencies

Write auxiliary files
/bin/mkdir -p /Users/chungting/MyOpenCV/Repo/opencv/platforms/ios/output/build/build-armv7s-iphoneos/CMakeFiles/CMakeTmp/CMAKE_TRY_COMPILE.build/Debug-iphoneos/cmTC_01a9c.build/Objects-normal/armv7s
write-file /Users/chungting/MyOpenCV/Repo/opencv/platforms/ios/output/build/build-armv7s-iphoneos/CMakeFiles/CMakeTmp/CMAKE_TRY_COMPILE.build/Debug-iphoneos/cmTC_01a9c.build/Objects-normal/armv7s/cmTC_01a9c.LinkFileList

Create product structure
/bin/mkdir -p /Users/chungting/MyOpenCV/Repo/opencv/platforms/ios/output/build/build-armv7s-iphoneos/CMakeFiles/CMakeTmp/Debug/cmTC_01a9c.app

ProcessInfoPlistFile Debug/cmTC_01a9c.app/Info.plist CMakeFiles/cmTC_01a9c.dir/Info.plist
    cd /Users/chungting/MyOpenCV/Repo/opencv/platforms/ios/output/build/build-armv7s-iphoneos/CMakeFiles/CMakeTmp
    builtin-infoPlistUtility /Users/chungting/MyOpenCV/Repo/opencv/platforms/ios/output/build/build-armv7s-iphoneos/CMakeFiles/CMakeTmp/CMakeFiles/cmTC_01a9c.dir/Info.plist -genpkginfo /Users/chungting/MyOpenCV/Repo/opencv/platforms/ios/output/build/build-armv7s-iphoneos/CMakeFiles/CMakeTmp/Debug/cmTC_01a9c.app/PkgInfo -expandbuildsettings -format binary -platform iphoneos -o /Users/chungting/MyOpenCV/Repo/opencv/platforms/ios/output/build/build-armv7s-iphoneos/CMakeFiles/CMakeTmp/Debug/cmTC_01a9c.app/Info.plist

CompileC CMAKE_TRY_COMPILE.build/Debug-iphoneos/cmTC_01a9c.build/Objects-normal/armv7s/src.o src.cxx normal armv7s c++ com.apple.compilers.llvm.clang.1_0.compiler
    cd /Users/chungting/MyOpenCV/Repo/opencv/platforms/ios/output/build/build-armv7s-iphoneos/CMakeFiles/CMakeTmp
    /Users/chungting/Downloads/Xcode.app/Contents/Developer/Toolchains/XcodeDefault.xctoolchain/usr/bin/clang -x c++ -target armv7s-apple-ios8.0 -fmessage-length=0 -fdiagnostics-show-note-include-stack -fmacro-backtrace-limit=0 -Wno-trigraphs -fpascal-strings -O0 -Wno-missing-field-initializers -Wno-missing-prototypes -Wno-return-type -Wno-non-virtual-dtor -Wno-overloaded-virtual -Wno-exit-time-destructors -Wno-missing-braces -Wparentheses -Wswitch -Wno-unused-function -Wno-unused-label -Wno-unused-parameter -Wno-unused-variable -Wunused-value -Wno-empty-body -Wno-uninitialized -Wno-unknown-pragmas -Wno-shadow -Wno-four-char-constants -Wno-conversion -Wno-constant-conversion -Wno-int-conversion -Wno-bool-conversion -Wno-enum-conversion -Wno-float-conversion -Wno-non-literal-null-conversion -Wno-objc-literal-conversion -Wno-shorten-64-to-32 -Wno-newline-eof -Wno-c++11-extensions -DCMAKE_INTDIR=\"Debug-iphoneos\" -isysroot /Users/chungting/Downloads/Xcode.app/Contents/Developer/Platforms/iPhoneOS.platform/Developer/SDKs/iPhoneOS13.4.sdk -fstrict-aliasing -Wdeprecated-declarations -Winvalid-offsetof -g -Wno-sign-conversion -Wno-infinite-recursion -Wno-move -Wno-comma -Wno-block-capture-autoreleasing -Wno-strict-prototypes -Wno-range-loop-analysis -Wno-semicolon-before-method-body -fembed-bitcode-marker -I/Users/chungting/MyOpenCV/Repo/opencv/platforms/ios/output/build/build-armv7s-iphoneos/CMakeFiles/CMakeTmp/Debug/include -I/Users/chungting/MyOpenCV/Repo/opencv/platforms/ios/output/build/build-armv7s-iphoneos/CMakeFiles/CMakeTmp/CMAKE_TRY_COMPILE.build/Debug-iphoneos/cmTC_01a9c.build/DerivedSources-normal/armv7s -I/Users/chungting/MyOpenCV/Repo/opencv/platforms/ios/output/build/build-armv7s-iphoneos/CMakeFiles/CMakeTmp/CMAKE_TRY_COMPILE.build/Debug-iphoneos/cmTC_01a9c.build/DerivedSources/armv7s -I/Users/chungting/MyOpenCV/Repo/opencv/platforms/ios/output/build/build-armv7s-iphoneos/CMakeFiles/CMakeTmp/CMAKE_TRY_COMPILE.build/Debug-iphoneos/cmTC_01a9c.build/DerivedSources -F/Users/chungting/MyOpenCV/Repo/opencv/platforms/ios/output/build/build-armv7s-iphoneos/CMakeFiles/CMakeTmp/Debug -fembed-bitcode -fPIE -std=c++11 -fsigned-char -W -Wall -Werror=return-type -Werror=non-virtual-dtor -Werror=address -Werror=sequence-point -Wformat -Werror=format-security -Wmissing-declarations -Wmissing-prototypes -Wstrict-prototypes -Wundef -Winit-self -Wpointer-arith -Wshadow -Wsign-promo -Wuninitialized -Winit-self -Wno-delete-non-virtual-dtor -Wno-unnamed-type-template-args -Wno-comment -Wno-deprecated-enum-enum-conversion -MMD -MT dependencies -MF /Users/chungting/MyOpenCV/Repo/opencv/platforms/ios/output/build/build-armv7s-iphoneos/CMakeFiles/CMakeTmp/CMAKE_TRY_COMPILE.build/Debug-iphoneos/cmTC_01a9c.build/Objects-normal/armv7s/src.d --serialize-diagnostics /Users/chungting/MyOpenCV/Repo/opencv/platforms/ios/output/build/build-armv7s-iphoneos/CMakeFiles/CMakeTmp/CMAKE_TRY_COMPILE.build/Debug-iphoneos/cmTC_01a9c.build/Objects-normal/armv7s/src.dia -c /Users/chungting/MyOpenCV/Repo/opencv/platforms/ios/output/build/build-armv7s-iphoneos/CMakeFiles/CMakeTmp/src.cxx -o /Users/chungting/MyOpenCV/Repo/opencv/platforms/ios/output/build/build-armv7s-iphoneos/CMakeFiles/CMakeTmp/CMAKE_TRY_COMPILE.build/Debug-iphoneos/cmTC_01a9c.build/Objects-normal/armv7s/src.o
warning: unknown warning option '-Wno-deprecated-enum-enum-conversion'; did you mean '-Wno-bitfield-enum-conversion'? [-Wunknown-warning-option]
/Users/chungting/MyOpenCV/Repo/opencv/platforms/ios/output/build/build-armv7s-iphoneos/CMakeFiles/CMakeTmp/src.cxx:1:8: warning: unknown pragma ignored [-Wunknown-pragmas]
#pragma
       ^
2 warnings generated.

Ld Debug/cmTC_01a9c.app/cmTC_01a9c normal armv7s
    cd /Users/chungting/MyOpenCV/Repo/opencv/platforms/ios/output/build/build-armv7s-iphoneos/CMakeFiles/CMakeTmp
    /Users/chungting/Downloads/Xcode.app/Contents/Developer/Toolchains/XcodeDefault.xctoolchain/usr/bin/clang++ -target armv7s-apple-ios8.0 -isysroot /Users/chungting/Downloads/Xcode.app/Contents/Developer/Platforms/iPhoneOS.platform/Developer/SDKs/iPhoneOS13.4.sdk -L/Users/chungting/MyOpenCV/Repo/opencv/platforms/ios/output/build/build-armv7s-iphoneos/CMakeFiles/CMakeTmp/Debug -F/Users/chungting/MyOpenCV/Repo/opencv/platforms/ios/output/build/build-armv7s-iphoneos/CMakeFiles/CMakeTmp/Debug -filelist /Users/chungting/MyOpenCV/Repo/opencv/platforms/ios/output/build/build-armv7s-iphoneos/CMakeFiles/CMakeTmp/CMAKE_TRY_COMPILE.build/Debug-iphoneos/cmTC_01a9c.build/Objects-normal/armv7s/cmTC_01a9c.LinkFileList -dead_strip -Xlinker -object_path_lto -Xlinker /Users/chungting/MyOpenCV/Repo/opencv/platforms/ios/output/build/build-armv7s-iphoneos/CMakeFiles/CMakeTmp/CMAKE_TRY_COMPILE.build/Debug-iphoneos/cmTC_01a9c.build/Objects-normal/armv7s/cmTC_01a9c_lto.o -Xlinker -no_deduplicate -fembed-bitcode-marker -Wl,-search_paths_first -Wl,-headerpad_max_install_names -Xlinker -dependency_info -Xlinker /Users/chungting/MyOpenCV/Repo/opencv/platforms/ios/output/build/build-armv7s-iphoneos/CMakeFiles/CMakeTmp/CMAKE_TRY_COMPILE.build/Debug-iphoneos/cmTC_01a9c.build/Objects-normal/armv7s/cmTC_01a9c_dependency_info.dat -o /Users/chungting/MyOpenCV/Repo/opencv/platforms/ios/output/build/build-armv7s-iphoneos/CMakeFiles/CMakeTmp/Debug/cmTC_01a9c.app/cmTC_01a9c
ld: warning: -headerpad_max_install_names is ignored when used with -bitcode_bundle (Xcode setting ENABLE_BITCODE=YES)

GenerateDSYMFile Debug/cmTC_01a9c.app.dSYM Debug/cmTC_01a9c.app/cmTC_01a9c
    cd /Users/chungting/MyOpenCV/Repo/opencv/platforms/ios/output/build/build-armv7s-iphoneos/CMakeFiles/CMakeTmp
    /Users/chungting/Downloads/Xcode.app/Contents/Developer/Toolchains/XcodeDefault.xctoolchain/usr/bin/dsymutil /Users/chungting/MyOpenCV/Repo/opencv/platforms/ios/output/build/build-armv7s-iphoneos/CMakeFiles/CMakeTmp/Debug/cmTC_01a9c.app/cmTC_01a9c -o /Users/chungting/MyOpenCV/Repo/opencv/platforms/ios/output/build/build-armv7s-iphoneos/CMakeFiles/CMakeTmp/Debug/cmTC_01a9c.app.dSYM

Touch Debug/cmTC_01a9c.app
    cd /Users/chungting/MyOpenCV/Repo/opencv/platforms/ios/output/build/build-armv7s-iphoneos/CMakeFiles/CMakeTmp
    /usr/bin/touch -c /Users/chungting/MyOpenCV/Repo/opencv/platforms/ios/output/build/build-armv7s-iphoneos/CMakeFiles/CMakeTmp/Debug/cmTC_01a9c.app

Validate Debug/cmTC_01a9c.app
    cd /Users/chungting/MyOpenCV/Repo/opencv/platforms/ios/output/build/build-armv7s-iphoneos/CMakeFiles/CMakeTmp
    builtin-validationUtility /Users/chungting/MyOpenCV/Repo/opencv/platforms/ios/output/build/build-armv7s-iphoneos/CMakeFiles/CMakeTmp/Debug/cmTC_01a9c.app

** BUILD SUCCEEDED **



===== END =====

Build output check failed:
    Regex: 'unknown .*option'
    Output line: 'warning: unknown warning option '-Wno-deprecated-enum-enum-conversion', did you mean '-Wno-bitfield-enum-conversion'? [-Wunknown-warning-option]'
Compilation failed:
    source file: '/Users/chungting/MyOpenCV/Repo/opencv/platforms/ios/output/build/build-armv7s-iphoneos/CMakeFiles/CMakeTmp/src.c'
    check option: ' -fsigned-char -W -Wall -Werror=return-type -Werror=non-virtual-dtor -Werror=address -Werror=sequence-point -Wformat -Werror=format-security -Wmissing-declarations -Wmissing-prototypes -Wstrict-prototypes -Wundef -Winit-self -Wpointer-arith -Wshadow -Wsign-promo -Wuninitialized -Winit-self -Wno-delete-non-virtual-dtor -Wno-unnamed-type-template-args -Wno-comment  -Wno-deprecated-enum-enum-conversion'
===== BUILD LOG =====
Change Dir: /Users/chungting/MyOpenCV/Repo/opencv/platforms/ios/output/build/build-armv7s-iphoneos/CMakeFiles/CMakeTmp

Run Build Command(s):/Users/chungting/MyOpenCV/Repo/opencv/platforms/ios/output/build/build-armv7s-iphoneos/xcodebuild_wrapper -project CMAKE_TRY_COMPILE.xcodeproj build -target cmTC_2a6b5 -configuration Release -hideShellScriptEnvironment && Command line invocation:
    /Users/chungting/Downloads/Xcode.app/Contents/Developer/usr/bin/xcodebuild IPHONEOS_DEPLOYMENT_TARGET=8.0 CODE_SIGN_IDENTITY= CODE_SIGNING_REQUIRED=NO ARCHS=armv7s -sdk iphoneos -project CMAKE_TRY_COMPILE.xcodeproj build -target cmTC_2a6b5 -configuration Debug -hideShellScriptEnvironment

User defaults from command line:
    HideShellScriptEnvironment = YES

Build settings from command line:
    ARCHS = armv7s
    CODE_SIGN_IDENTITY = 
    CODE_SIGNING_REQUIRED = NO
    IPHONEOS_DEPLOYMENT_TARGET = 8.0
    SDKROOT = iphoneos13.4

Prepare build
note: Using legacy build system
=== BUILD TARGET cmTC_2a6b5 OF PROJECT CMAKE_TRY_COMPILE WITH CONFIGURATION Debug ===

Check dependencies

Write auxiliary files
/bin/mkdir -p /Users/chungting/MyOpenCV/Repo/opencv/platforms/ios/output/build/build-armv7s-iphoneos/CMakeFiles/CMakeTmp/CMAKE_TRY_COMPILE.build/Debug-iphoneos/cmTC_2a6b5.build/Objects-normal/armv7s
write-file /Users/chungting/MyOpenCV/Repo/opencv/platforms/ios/output/build/build-armv7s-iphoneos/CMakeFiles/CMakeTmp/CMAKE_TRY_COMPILE.build/Debug-iphoneos/cmTC_2a6b5.build/Objects-normal/armv7s/cmTC_2a6b5.LinkFileList

Create product structure
/bin/mkdir -p /Users/chungting/MyOpenCV/Repo/opencv/platforms/ios/output/build/build-armv7s-iphoneos/CMakeFiles/CMakeTmp/Debug/cmTC_2a6b5.app

ProcessInfoPlistFile Debug/cmTC_2a6b5.app/Info.plist CMakeFiles/cmTC_2a6b5.dir/Info.plist
    cd /Users/chungting/MyOpenCV/Repo/opencv/platforms/ios/output/build/build-armv7s-iphoneos/CMakeFiles/CMakeTmp
    builtin-infoPlistUtility /Users/chungting/MyOpenCV/Repo/opencv/platforms/ios/output/build/build-armv7s-iphoneos/CMakeFiles/CMakeTmp/CMakeFiles/cmTC_2a6b5.dir/Info.plist -genpkginfo /Users/chungting/MyOpenCV/Repo/opencv/platforms/ios/output/build/build-armv7s-iphoneos/CMakeFiles/CMakeTmp/Debug/cmTC_2a6b5.app/PkgInfo -expandbuildsettings -format binary -platform iphoneos -o /Users/chungting/MyOpenCV/Repo/opencv/platforms/ios/output/build/build-armv7s-iphoneos/CMakeFiles/CMakeTmp/Debug/cmTC_2a6b5.app/Info.plist

CompileC CMAKE_TRY_COMPILE.build/Debug-iphoneos/cmTC_2a6b5.build/Objects-normal/armv7s/src.o src.c normal armv7s c com.apple.compilers.llvm.clang.1_0.compiler
    cd /Users/chungting/MyOpenCV/Repo/opencv/platforms/ios/output/build/build-armv7s-iphoneos/CMakeFiles/CMakeTmp
    /Users/chungting/Downloads/Xcode.app/Contents/Developer/Toolchains/XcodeDefault.xctoolchain/usr/bin/clang -x c -target armv7s-apple-ios8.0 -fmessage-length=0 -fdiagnostics-show-note-include-stack -fmacro-backtrace-limit=0 -Wno-trigraphs -fpascal-strings -O0 -Wno-missing-field-initializers -Wno-missing-prototypes -Wno-return-type -Wno-missing-braces -Wparentheses -Wswitch -Wno-unused-function -Wno-unused-label -Wno-unused-parameter -Wno-unused-variable -Wunused-value -Wno-empty-body -Wno-uninitialized -Wno-unknown-pragmas -Wno-shadow -Wno-four-char-constants -Wno-conversion -Wno-constant-conversion -Wno-int-conversion -Wno-bool-conversion -Wno-enum-conversion -Wno-float-conversion -Wno-non-literal-null-conversion -Wno-objc-literal-conversion -Wno-shorten-64-to-32 -Wpointer-sign -Wno-newline-eof -DCMAKE_INTDIR=\"Debug-iphoneos\" -isysroot /Users/chungting/Downloads/Xcode.app/Contents/Developer/Platforms/iPhoneOS.platform/Developer/SDKs/iPhoneOS13.4.sdk -fstrict-aliasing -Wdeprecated-declarations -g -Wno-sign-conversion -Wno-infinite-recursion -Wno-comma -Wno-block-capture-autoreleasing -Wno-strict-prototypes -Wno-semicolon-before-method-body -fembed-bitcode-marker -I/Users/chungting/MyOpenCV/Repo/opencv/platforms/ios/output/build/build-armv7s-iphoneos/CMakeFiles/CMakeTmp/Debug/include -I/Users/chungting/MyOpenCV/Repo/opencv/platforms/ios/output/build/build-armv7s-iphoneos/CMakeFiles/CMakeTmp/CMAKE_TRY_COMPILE.build/Debug-iphoneos/cmTC_2a6b5.build/DerivedSources-normal/armv7s -I/Users/chungting/MyOpenCV/Repo/opencv/platforms/ios/output/build/build-armv7s-iphoneos/CMakeFiles/CMakeTmp/CMAKE_TRY_COMPILE.build/Debug-iphoneos/cmTC_2a6b5.build/DerivedSources/armv7s -I/Users/chungting/MyOpenCV/Repo/opencv/platforms/ios/output/build/build-armv7s-iphoneos/CMakeFiles/CMakeTmp/CMAKE_TRY_COMPILE.build/Debug-iphoneos/cmTC_2a6b5.build/DerivedSources -F/Users/chungting/MyOpenCV/Repo/opencv/platforms/ios/output/build/build-armv7s-iphoneos/CMakeFiles/CMakeTmp/Debug -fembed-bitcode -fPIE -fsigned-char -W -Wall -Werror=return-type -Werror=non-virtual-dtor -Werror=address -Werror=sequence-point -Wformat -Werror=format-security -Wmissing-declarations -Wmissing-prototypes -Wstrict-prototypes -Wundef -Winit-self -Wpointer-arith -Wshadow -Wsign-promo -Wuninitialized -Winit-self -Wno-delete-non-virtual-dtor -Wno-unnamed-type-template-args -Wno-comment -Wno-deprecated-enum-enum-conversion -MMD -MT dependencies -MF /Users/chungting/MyOpenCV/Repo/opencv/platforms/ios/output/build/build-armv7s-iphoneos/CMakeFiles/CMakeTmp/CMAKE_TRY_COMPILE.build/Debug-iphoneos/cmTC_2a6b5.build/Objects-normal/armv7s/src.d --serialize-diagnostics /Users/chungting/MyOpenCV/Repo/opencv/platforms/ios/output/build/build-armv7s-iphoneos/CMakeFiles/CMakeTmp/CMAKE_TRY_COMPILE.build/Debug-iphoneos/cmTC_2a6b5.build/Objects-normal/armv7s/src.dia -c /Users/chungting/MyOpenCV/Repo/opencv/platforms/ios/output/build/build-armv7s-iphoneos/CMakeFiles/CMakeTmp/src.c -o /Users/chungting/MyOpenCV/Repo/opencv/platforms/ios/output/build/build-armv7s-iphoneos/CMakeFiles/CMakeTmp/CMAKE_TRY_COMPILE.build/Debug-iphoneos/cmTC_2a6b5.build/Objects-normal/armv7s/src.o
warning: unknown warning option '-Wno-deprecated-enum-enum-conversion'; did you mean '-Wno-bitfield-enum-conversion'? [-Wunknown-warning-option]
/Users/chungting/MyOpenCV/Repo/opencv/platforms/ios/output/build/build-armv7s-iphoneos/CMakeFiles/CMakeTmp/src.c:1:8: warning: unknown pragma ignored [-Wunknown-pragmas]
#pragma
       ^
2 warnings generated.

Ld Debug/cmTC_2a6b5.app/cmTC_2a6b5 normal armv7s
    cd /Users/chungting/MyOpenCV/Repo/opencv/platforms/ios/output/build/build-armv7s-iphoneos/CMakeFiles/CMakeTmp
    /Users/chungting/Downloads/Xcode.app/Contents/Developer/Toolchains/XcodeDefault.xctoolchain/usr/bin/clang -target armv7s-apple-ios8.0 -isysroot /Users/chungting/Downloads/Xcode.app/Contents/Developer/Platforms/iPhoneOS.platform/Developer/SDKs/iPhoneOS13.4.sdk -L/Users/chungting/MyOpenCV/Repo/opencv/platforms/ios/output/build/build-armv7s-iphoneos/CMakeFiles/CMakeTmp/Debug -F/Users/chungting/MyOpenCV/Repo/opencv/platforms/ios/output/build/build-armv7s-iphoneos/CMakeFiles/CMakeTmp/Debug -filelist /Users/chungting/MyOpenCV/Repo/opencv/platforms/ios/output/build/build-armv7s-iphoneos/CMakeFiles/CMakeTmp/CMAKE_TRY_COMPILE.build/Debug-iphoneos/cmTC_2a6b5.build/Objects-normal/armv7s/cmTC_2a6b5.LinkFileList -dead_strip -Xlinker -object_path_lto -Xlinker /Users/chungting/MyOpenCV/Repo/opencv/platforms/ios/output/build/build-armv7s-iphoneos/CMakeFiles/CMakeTmp/CMAKE_TRY_COMPILE.build/Debug-iphoneos/cmTC_2a6b5.build/Objects-normal/armv7s/cmTC_2a6b5_lto.o -Xlinker -no_deduplicate -fembed-bitcode-marker -Wl,-search_paths_first -Wl,-headerpad_max_install_names -Xlinker -dependency_info -Xlinker /Users/chungting/MyOpenCV/Repo/opencv/platforms/ios/output/build/build-armv7s-iphoneos/CMakeFiles/CMakeTmp/CMAKE_TRY_COMPILE.build/Debug-iphoneos/cmTC_2a6b5.build/Objects-normal/armv7s/cmTC_2a6b5_dependency_info.dat -o /Users/chungting/MyOpenCV/Repo/opencv/platforms/ios/output/build/build-armv7s-iphoneos/CMakeFiles/CMakeTmp/Debug/cmTC_2a6b5.app/cmTC_2a6b5
ld: warning: -headerpad_max_install_names is ignored when used with -bitcode_bundle (Xcode setting ENABLE_BITCODE=YES)

GenerateDSYMFile Debug/cmTC_2a6b5.app.dSYM Debug/cmTC_2a6b5.app/cmTC_2a6b5
    cd /Users/chungting/MyOpenCV/Repo/opencv/platforms/ios/output/build/build-armv7s-iphoneos/CMakeFiles/CMakeTmp
    /Users/chungting/Downloads/Xcode.app/Contents/Developer/Toolchains/XcodeDefault.xctoolchain/usr/bin/dsymutil /Users/chungting/MyOpenCV/Repo/opencv/platforms/ios/output/build/build-armv7s-iphoneos/CMakeFiles/CMakeTmp/Debug/cmTC_2a6b5.app/cmTC_2a6b5 -o /Users/chungting/MyOpenCV/Repo/opencv/platforms/ios/output/build/build-armv7s-iphoneos/CMakeFiles/CMakeTmp/Debug/cmTC_2a6b5.app.dSYM

Touch Debug/cmTC_2a6b5.app
    cd /Users/chungting/MyOpenCV/Repo/opencv/platforms/ios/output/build/build-armv7s-iphoneos/CMakeFiles/CMakeTmp
    /usr/bin/touch -c /Users/chungting/MyOpenCV/Repo/opencv/platforms/ios/output/build/build-armv7s-iphoneos/CMakeFiles/CMakeTmp/Debug/cmTC_2a6b5.app

Validate Debug/cmTC_2a6b5.app
    cd /Users/chungting/MyOpenCV/Repo/opencv/platforms/ios/output/build/build-armv7s-iphoneos/CMakeFiles/CMakeTmp
    builtin-validationUtility /Users/chungting/MyOpenCV/Repo/opencv/platforms/ios/output/build/build-armv7s-iphoneos/CMakeFiles/CMakeTmp/Debug/cmTC_2a6b5.app

** BUILD SUCCEEDED **



===== END =====

Build output check failed:
    Regex: 'unknown .*option'
    Output line: 'warning: unknown warning option '-Wno-deprecated-anon-enum-enum-conversion', did you mean '-Wno-deprecated-increment-bool'? [-Wunknown-warning-option]'
Compilation failed:
    source file: '/Users/chungting/MyOpenCV/Repo/opencv/platforms/ios/output/build/build-armv7s-iphoneos/CMakeFiles/CMakeTmp/src.cxx'
    check option: ' -fsigned-char -W -Wall -Werror=return-type -Werror=non-virtual-dtor -Werror=address -Werror=sequence-point -Wformat -Werror=format-security -Wmissing-declarations -Wmissing-prototypes -Wstrict-prototypes -Wundef -Winit-self -Wpointer-arith -Wshadow -Wsign-promo -Wuninitialized -Winit-self -Wno-delete-non-virtual-dtor -Wno-unnamed-type-template-args -Wno-comment  -Wno-deprecated-anon-enum-enum-conversion'
===== BUILD LOG =====
Change Dir: /Users/chungting/MyOpenCV/Repo/opencv/platforms/ios/output/build/build-armv7s-iphoneos/CMakeFiles/CMakeTmp

Run Build Command(s):/Users/chungting/MyOpenCV/Repo/opencv/platforms/ios/output/build/build-armv7s-iphoneos/xcodebuild_wrapper -project CMAKE_TRY_COMPILE.xcodeproj build -target cmTC_d6dd8 -configuration Release -hideShellScriptEnvironment && Command line invocation:
    /Users/chungting/Downloads/Xcode.app/Contents/Developer/usr/bin/xcodebuild IPHONEOS_DEPLOYMENT_TARGET=8.0 CODE_SIGN_IDENTITY= CODE_SIGNING_REQUIRED=NO ARCHS=armv7s -sdk iphoneos -project CMAKE_TRY_COMPILE.xcodeproj build -target cmTC_d6dd8 -configuration Debug -hideShellScriptEnvironment

User defaults from command line:
    HideShellScriptEnvironment = YES

Build settings from command line:
    ARCHS = armv7s
    CODE_SIGN_IDENTITY = 
    CODE_SIGNING_REQUIRED = NO
    IPHONEOS_DEPLOYMENT_TARGET = 8.0
    SDKROOT = iphoneos13.4

Prepare build
note: Using legacy build system
=== BUILD TARGET cmTC_d6dd8 OF PROJECT CMAKE_TRY_COMPILE WITH CONFIGURATION Debug ===

Check dependencies

Write auxiliary files
/bin/mkdir -p /Users/chungting/MyOpenCV/Repo/opencv/platforms/ios/output/build/build-armv7s-iphoneos/CMakeFiles/CMakeTmp/CMAKE_TRY_COMPILE.build/Debug-iphoneos/cmTC_d6dd8.build/Objects-normal/armv7s
write-file /Users/chungting/MyOpenCV/Repo/opencv/platforms/ios/output/build/build-armv7s-iphoneos/CMakeFiles/CMakeTmp/CMAKE_TRY_COMPILE.build/Debug-iphoneos/cmTC_d6dd8.build/Objects-normal/armv7s/cmTC_d6dd8.LinkFileList

Create product structure
/bin/mkdir -p /Users/chungting/MyOpenCV/Repo/opencv/platforms/ios/output/build/build-armv7s-iphoneos/CMakeFiles/CMakeTmp/Debug/cmTC_d6dd8.app

ProcessInfoPlistFile Debug/cmTC_d6dd8.app/Info.plist CMakeFiles/cmTC_d6dd8.dir/Info.plist
    cd /Users/chungting/MyOpenCV/Repo/opencv/platforms/ios/output/build/build-armv7s-iphoneos/CMakeFiles/CMakeTmp
    builtin-infoPlistUtility /Users/chungting/MyOpenCV/Repo/opencv/platforms/ios/output/build/build-armv7s-iphoneos/CMakeFiles/CMakeTmp/CMakeFiles/cmTC_d6dd8.dir/Info.plist -genpkginfo /Users/chungting/MyOpenCV/Repo/opencv/platforms/ios/output/build/build-armv7s-iphoneos/CMakeFiles/CMakeTmp/Debug/cmTC_d6dd8.app/PkgInfo -expandbuildsettings -format binary -platform iphoneos -o /Users/chungting/MyOpenCV/Repo/opencv/platforms/ios/output/build/build-armv7s-iphoneos/CMakeFiles/CMakeTmp/Debug/cmTC_d6dd8.app/Info.plist

CompileC CMAKE_TRY_COMPILE.build/Debug-iphoneos/cmTC_d6dd8.build/Objects-normal/armv7s/src.o src.cxx normal armv7s c++ com.apple.compilers.llvm.clang.1_0.compiler
    cd /Users/chungting/MyOpenCV/Repo/opencv/platforms/ios/output/build/build-armv7s-iphoneos/CMakeFiles/CMakeTmp
    /Users/chungting/Downloads/Xcode.app/Contents/Developer/Toolchains/XcodeDefault.xctoolchain/usr/bin/clang -x c++ -target armv7s-apple-ios8.0 -fmessage-length=0 -fdiagnostics-show-note-include-stack -fmacro-backtrace-limit=0 -Wno-trigraphs -fpascal-strings -O0 -Wno-missing-field-initializers -Wno-missing-prototypes -Wno-return-type -Wno-non-virtual-dtor -Wno-overloaded-virtual -Wno-exit-time-destructors -Wno-missing-braces -Wparentheses -Wswitch -Wno-unused-function -Wno-unused-label -Wno-unused-parameter -Wno-unused-variable -Wunused-value -Wno-empty-body -Wno-uninitialized -Wno-unknown-pragmas -Wno-shadow -Wno-four-char-constants -Wno-conversion -Wno-constant-conversion -Wno-int-conversion -Wno-bool-conversion -Wno-enum-conversion -Wno-float-conversion -Wno-non-literal-null-conversion -Wno-objc-literal-conversion -Wno-shorten-64-to-32 -Wno-newline-eof -Wno-c++11-extensions -DCMAKE_INTDIR=\"Debug-iphoneos\" -isysroot /Users/chungting/Downloads/Xcode.app/Contents/Developer/Platforms/iPhoneOS.platform/Developer/SDKs/iPhoneOS13.4.sdk -fstrict-aliasing -Wdeprecated-declarations -Winvalid-offsetof -g -Wno-sign-conversion -Wno-infinite-recursion -Wno-move -Wno-comma -Wno-block-capture-autoreleasing -Wno-strict-prototypes -Wno-range-loop-analysis -Wno-semicolon-before-method-body -fembed-bitcode-marker -I/Users/chungting/MyOpenCV/Repo/opencv/platforms/ios/output/build/build-armv7s-iphoneos/CMakeFiles/CMakeTmp/Debug/include -I/Users/chungting/MyOpenCV/Repo/opencv/platforms/ios/output/build/build-armv7s-iphoneos/CMakeFiles/CMakeTmp/CMAKE_TRY_COMPILE.build/Debug-iphoneos/cmTC_d6dd8.build/DerivedSources-normal/armv7s -I/Users/chungting/MyOpenCV/Repo/opencv/platforms/ios/output/build/build-armv7s-iphoneos/CMakeFiles/CMakeTmp/CMAKE_TRY_COMPILE.build/Debug-iphoneos/cmTC_d6dd8.build/DerivedSources/armv7s -I/Users/chungting/MyOpenCV/Repo/opencv/platforms/ios/output/build/build-armv7s-iphoneos/CMakeFiles/CMakeTmp/CMAKE_TRY_COMPILE.build/Debug-iphoneos/cmTC_d6dd8.build/DerivedSources -F/Users/chungting/MyOpenCV/Repo/opencv/platforms/ios/output/build/build-armv7s-iphoneos/CMakeFiles/CMakeTmp/Debug -fembed-bitcode -fPIE -std=c++11 -fsigned-char -W -Wall -Werror=return-type -Werror=non-virtual-dtor -Werror=address -Werror=sequence-point -Wformat -Werror=format-security -Wmissing-declarations -Wmissing-prototypes -Wstrict-prototypes -Wundef -Winit-self -Wpointer-arith -Wshadow -Wsign-promo -Wuninitialized -Winit-self -Wno-delete-non-virtual-dtor -Wno-unnamed-type-template-args -Wno-comment -Wno-deprecated-anon-enum-enum-conversion -MMD -MT dependencies -MF /Users/chungting/MyOpenCV/Repo/opencv/platforms/ios/output/build/build-armv7s-iphoneos/CMakeFiles/CMakeTmp/CMAKE_TRY_COMPILE.build/Debug-iphoneos/cmTC_d6dd8.build/Objects-normal/armv7s/src.d --serialize-diagnostics /Users/chungting/MyOpenCV/Repo/opencv/platforms/ios/output/build/build-armv7s-iphoneos/CMakeFiles/CMakeTmp/CMAKE_TRY_COMPILE.build/Debug-iphoneos/cmTC_d6dd8.build/Objects-normal/armv7s/src.dia -c /Users/chungting/MyOpenCV/Repo/opencv/platforms/ios/output/build/build-armv7s-iphoneos/CMakeFiles/CMakeTmp/src.cxx -o /Users/chungting/MyOpenCV/Repo/opencv/platforms/ios/output/build/build-armv7s-iphoneos/CMakeFiles/CMakeTmp/CMAKE_TRY_COMPILE.build/Debug-iphoneos/cmTC_d6dd8.build/Objects-normal/armv7s/src.o
warning: unknown warning option '-Wno-deprecated-anon-enum-enum-conversion'; did you mean '-Wno-deprecated-increment-bool'? [-Wunknown-warning-option]
/Users/chungting/MyOpenCV/Repo/opencv/platforms/ios/output/build/build-armv7s-iphoneos/CMakeFiles/CMakeTmp/src.cxx:1:8: warning: unknown pragma ignored [-Wunknown-pragmas]
#pragma
       ^
2 warnings generated.

Ld Debug/cmTC_d6dd8.app/cmTC_d6dd8 normal armv7s
    cd /Users/chungting/MyOpenCV/Repo/opencv/platforms/ios/output/build/build-armv7s-iphoneos/CMakeFiles/CMakeTmp
    /Users/chungting/Downloads/Xcode.app/Contents/Developer/Toolchains/XcodeDefault.xctoolchain/usr/bin/clang++ -target armv7s-apple-ios8.0 -isysroot /Users/chungting/Downloads/Xcode.app/Contents/Developer/Platforms/iPhoneOS.platform/Developer/SDKs/iPhoneOS13.4.sdk -L/Users/chungting/MyOpenCV/Repo/opencv/platforms/ios/output/build/build-armv7s-iphoneos/CMakeFiles/CMakeTmp/Debug -F/Users/chungting/MyOpenCV/Repo/opencv/platforms/ios/output/build/build-armv7s-iphoneos/CMakeFiles/CMakeTmp/Debug -filelist /Users/chungting/MyOpenCV/Repo/opencv/platforms/ios/output/build/build-armv7s-iphoneos/CMakeFiles/CMakeTmp/CMAKE_TRY_COMPILE.build/Debug-iphoneos/cmTC_d6dd8.build/Objects-normal/armv7s/cmTC_d6dd8.LinkFileList -dead_strip -Xlinker -object_path_lto -Xlinker /Users/chungting/MyOpenCV/Repo/opencv/platforms/ios/output/build/build-armv7s-iphoneos/CMakeFiles/CMakeTmp/CMAKE_TRY_COMPILE.build/Debug-iphoneos/cmTC_d6dd8.build/Objects-normal/armv7s/cmTC_d6dd8_lto.o -Xlinker -no_deduplicate -fembed-bitcode-marker -Wl,-search_paths_first -Wl,-headerpad_max_install_names -Xlinker -dependency_info -Xlinker /Users/chungting/MyOpenCV/Repo/opencv/platforms/ios/output/build/build-armv7s-iphoneos/CMakeFiles/CMakeTmp/CMAKE_TRY_COMPILE.build/Debug-iphoneos/cmTC_d6dd8.build/Objects-normal/armv7s/cmTC_d6dd8_dependency_info.dat -o /Users/chungting/MyOpenCV/Repo/opencv/platforms/ios/output/build/build-armv7s-iphoneos/CMakeFiles/CMakeTmp/Debug/cmTC_d6dd8.app/cmTC_d6dd8
ld: warning: -headerpad_max_install_names is ignored when used with -bitcode_bundle (Xcode setting ENABLE_BITCODE=YES)

GenerateDSYMFile Debug/cmTC_d6dd8.app.dSYM Debug/cmTC_d6dd8.app/cmTC_d6dd8
    cd /Users/chungting/MyOpenCV/Repo/opencv/platforms/ios/output/build/build-armv7s-iphoneos/CMakeFiles/CMakeTmp
    /Users/chungting/Downloads/Xcode.app/Contents/Developer/Toolchains/XcodeDefault.xctoolchain/usr/bin/dsymutil /Users/chungting/MyOpenCV/Repo/opencv/platforms/ios/output/build/build-armv7s-iphoneos/CMakeFiles/CMakeTmp/Debug/cmTC_d6dd8.app/cmTC_d6dd8 -o /Users/chungting/MyOpenCV/Repo/opencv/platforms/ios/output/build/build-armv7s-iphoneos/CMakeFiles/CMakeTmp/Debug/cmTC_d6dd8.app.dSYM

Touch Debug/cmTC_d6dd8.app
    cd /Users/chungting/MyOpenCV/Repo/opencv/platforms/ios/output/build/build-armv7s-iphoneos/CMakeFiles/CMakeTmp
    /usr/bin/touch -c /Users/chungting/MyOpenCV/Repo/opencv/platforms/ios/output/build/build-armv7s-iphoneos/CMakeFiles/CMakeTmp/Debug/cmTC_d6dd8.app

Validate Debug/cmTC_d6dd8.app
    cd /Users/chungting/MyOpenCV/Repo/opencv/platforms/ios/output/build/build-armv7s-iphoneos/CMakeFiles/CMakeTmp
    builtin-validationUtility /Users/chungting/MyOpenCV/Repo/opencv/platforms/ios/output/build/build-armv7s-iphoneos/CMakeFiles/CMakeTmp/Debug/cmTC_d6dd8.app

** BUILD SUCCEEDED **



===== END =====

Build output check failed:
    Regex: 'unknown .*option'
    Output line: 'warning: unknown warning option '-Wno-deprecated-anon-enum-enum-conversion', did you mean '-Wno-deprecated-increment-bool'? [-Wunknown-warning-option]'
Compilation failed:
    source file: '/Users/chungting/MyOpenCV/Repo/opencv/platforms/ios/output/build/build-armv7s-iphoneos/CMakeFiles/CMakeTmp/src.c'
    check option: ' -fsigned-char -W -Wall -Werror=return-type -Werror=non-virtual-dtor -Werror=address -Werror=sequence-point -Wformat -Werror=format-security -Wmissing-declarations -Wmissing-prototypes -Wstrict-prototypes -Wundef -Winit-self -Wpointer-arith -Wshadow -Wsign-promo -Wuninitialized -Winit-self -Wno-delete-non-virtual-dtor -Wno-unnamed-type-template-args -Wno-comment  -Wno-deprecated-anon-enum-enum-conversion'
===== BUILD LOG =====
Change Dir: /Users/chungting/MyOpenCV/Repo/opencv/platforms/ios/output/build/build-armv7s-iphoneos/CMakeFiles/CMakeTmp

Run Build Command(s):/Users/chungting/MyOpenCV/Repo/opencv/platforms/ios/output/build/build-armv7s-iphoneos/xcodebuild_wrapper -project CMAKE_TRY_COMPILE.xcodeproj build -target cmTC_c0fbc -configuration Release -hideShellScriptEnvironment && Command line invocation:
    /Users/chungting/Downloads/Xcode.app/Contents/Developer/usr/bin/xcodebuild IPHONEOS_DEPLOYMENT_TARGET=8.0 CODE_SIGN_IDENTITY= CODE_SIGNING_REQUIRED=NO ARCHS=armv7s -sdk iphoneos -project CMAKE_TRY_COMPILE.xcodeproj build -target cmTC_c0fbc -configuration Debug -hideShellScriptEnvironment

User defaults from command line:
    HideShellScriptEnvironment = YES

Build settings from command line:
    ARCHS = armv7s
    CODE_SIGN_IDENTITY = 
    CODE_SIGNING_REQUIRED = NO
    IPHONEOS_DEPLOYMENT_TARGET = 8.0
    SDKROOT = iphoneos13.4

Prepare build
note: Using legacy build system
=== BUILD TARGET cmTC_c0fbc OF PROJECT CMAKE_TRY_COMPILE WITH CONFIGURATION Debug ===

Check dependencies

Write auxiliary files
/bin/mkdir -p /Users/chungting/MyOpenCV/Repo/opencv/platforms/ios/output/build/build-armv7s-iphoneos/CMakeFiles/CMakeTmp/CMAKE_TRY_COMPILE.build/Debug-iphoneos/cmTC_c0fbc.build/Objects-normal/armv7s
write-file /Users/chungting/MyOpenCV/Repo/opencv/platforms/ios/output/build/build-armv7s-iphoneos/CMakeFiles/CMakeTmp/CMAKE_TRY_COMPILE.build/Debug-iphoneos/cmTC_c0fbc.build/Objects-normal/armv7s/cmTC_c0fbc.LinkFileList

Create product structure
/bin/mkdir -p /Users/chungting/MyOpenCV/Repo/opencv/platforms/ios/output/build/build-armv7s-iphoneos/CMakeFiles/CMakeTmp/Debug/cmTC_c0fbc.app

ProcessInfoPlistFile Debug/cmTC_c0fbc.app/Info.plist CMakeFiles/cmTC_c0fbc.dir/Info.plist
    cd /Users/chungting/MyOpenCV/Repo/opencv/platforms/ios/output/build/build-armv7s-iphoneos/CMakeFiles/CMakeTmp
    builtin-infoPlistUtility /Users/chungting/MyOpenCV/Repo/opencv/platforms/ios/output/build/build-armv7s-iphoneos/CMakeFiles/CMakeTmp/CMakeFiles/cmTC_c0fbc.dir/Info.plist -genpkginfo /Users/chungting/MyOpenCV/Repo/opencv/platforms/ios/output/build/build-armv7s-iphoneos/CMakeFiles/CMakeTmp/Debug/cmTC_c0fbc.app/PkgInfo -expandbuildsettings -format binary -platform iphoneos -o /Users/chungting/MyOpenCV/Repo/opencv/platforms/ios/output/build/build-armv7s-iphoneos/CMakeFiles/CMakeTmp/Debug/cmTC_c0fbc.app/Info.plist

CompileC CMAKE_TRY_COMPILE.build/Debug-iphoneos/cmTC_c0fbc.build/Objects-normal/armv7s/src.o src.c normal armv7s c com.apple.compilers.llvm.clang.1_0.compiler
    cd /Users/chungting/MyOpenCV/Repo/opencv/platforms/ios/output/build/build-armv7s-iphoneos/CMakeFiles/CMakeTmp
    /Users/chungting/Downloads/Xcode.app/Contents/Developer/Toolchains/XcodeDefault.xctoolchain/usr/bin/clang -x c -target armv7s-apple-ios8.0 -fmessage-length=0 -fdiagnostics-show-note-include-stack -fmacro-backtrace-limit=0 -Wno-trigraphs -fpascal-strings -O0 -Wno-missing-field-initializers -Wno-missing-prototypes -Wno-return-type -Wno-missing-braces -Wparentheses -Wswitch -Wno-unused-function -Wno-unused-label -Wno-unused-parameter -Wno-unused-variable -Wunused-value -Wno-empty-body -Wno-uninitialized -Wno-unknown-pragmas -Wno-shadow -Wno-four-char-constants -Wno-conversion -Wno-constant-conversion -Wno-int-conversion -Wno-bool-conversion -Wno-enum-conversion -Wno-float-conversion -Wno-non-literal-null-conversion -Wno-objc-literal-conversion -Wno-shorten-64-to-32 -Wpointer-sign -Wno-newline-eof -DCMAKE_INTDIR=\"Debug-iphoneos\" -isysroot /Users/chungting/Downloads/Xcode.app/Contents/Developer/Platforms/iPhoneOS.platform/Developer/SDKs/iPhoneOS13.4.sdk -fstrict-aliasing -Wdeprecated-declarations -g -Wno-sign-conversion -Wno-infinite-recursion -Wno-comma -Wno-block-capture-autoreleasing -Wno-strict-prototypes -Wno-semicolon-before-method-body -fembed-bitcode-marker -I/Users/chungting/MyOpenCV/Repo/opencv/platforms/ios/output/build/build-armv7s-iphoneos/CMakeFiles/CMakeTmp/Debug/include -I/Users/chungting/MyOpenCV/Repo/opencv/platforms/ios/output/build/build-armv7s-iphoneos/CMakeFiles/CMakeTmp/CMAKE_TRY_COMPILE.build/Debug-iphoneos/cmTC_c0fbc.build/DerivedSources-normal/armv7s -I/Users/chungting/MyOpenCV/Repo/opencv/platforms/ios/output/build/build-armv7s-iphoneos/CMakeFiles/CMakeTmp/CMAKE_TRY_COMPILE.build/Debug-iphoneos/cmTC_c0fbc.build/DerivedSources/armv7s -I/Users/chungting/MyOpenCV/Repo/opencv/platforms/ios/output/build/build-armv7s-iphoneos/CMakeFiles/CMakeTmp/CMAKE_TRY_COMPILE.build/Debug-iphoneos/cmTC_c0fbc.build/DerivedSources -F/Users/chungting/MyOpenCV/Repo/opencv/platforms/ios/output/build/build-armv7s-iphoneos/CMakeFiles/CMakeTmp/Debug -fembed-bitcode -fPIE -fsigned-char -W -Wall -Werror=return-type -Werror=non-virtual-dtor -Werror=address -Werror=sequence-point -Wformat -Werror=format-security -Wmissing-declarations -Wmissing-prototypes -Wstrict-prototypes -Wundef -Winit-self -Wpointer-arith -Wshadow -Wsign-promo -Wuninitialized -Winit-self -Wno-delete-non-virtual-dtor -Wno-unnamed-type-template-args -Wno-comment -Wno-deprecated-anon-enum-enum-conversion -MMD -MT dependencies -MF /Users/chungting/MyOpenCV/Repo/opencv/platforms/ios/output/build/build-armv7s-iphoneos/CMakeFiles/CMakeTmp/CMAKE_TRY_COMPILE.build/Debug-iphoneos/cmTC_c0fbc.build/Objects-normal/armv7s/src.d --serialize-diagnostics /Users/chungting/MyOpenCV/Repo/opencv/platforms/ios/output/build/build-armv7s-iphoneos/CMakeFiles/CMakeTmp/CMAKE_TRY_COMPILE.build/Debug-iphoneos/cmTC_c0fbc.build/Objects-normal/armv7s/src.dia -c /Users/chungting/MyOpenCV/Repo/opencv/platforms/ios/output/build/build-armv7s-iphoneos/CMakeFiles/CMakeTmp/src.c -o /Users/chungting/MyOpenCV/Repo/opencv/platforms/ios/output/build/build-armv7s-iphoneos/CMakeFiles/CMakeTmp/CMAKE_TRY_COMPILE.build/Debug-iphoneos/cmTC_c0fbc.build/Objects-normal/armv7s/src.o
warning: unknown warning option '-Wno-deprecated-anon-enum-enum-conversion'; did you mean '-Wno-deprecated-increment-bool'? [-Wunknown-warning-option]
/Users/chungting/MyOpenCV/Repo/opencv/platforms/ios/output/build/build-armv7s-iphoneos/CMakeFiles/CMakeTmp/src.c:1:8: warning: unknown pragma ignored [-Wunknown-pragmas]
#pragma
       ^
2 warnings generated.

Ld Debug/cmTC_c0fbc.app/cmTC_c0fbc normal armv7s
    cd /Users/chungting/MyOpenCV/Repo/opencv/platforms/ios/output/build/build-armv7s-iphoneos/CMakeFiles/CMakeTmp
    /Users/chungting/Downloads/Xcode.app/Contents/Developer/Toolchains/XcodeDefault.xctoolchain/usr/bin/clang -target armv7s-apple-ios8.0 -isysroot /Users/chungting/Downloads/Xcode.app/Contents/Developer/Platforms/iPhoneOS.platform/Developer/SDKs/iPhoneOS13.4.sdk -L/Users/chungting/MyOpenCV/Repo/opencv/platforms/ios/output/build/build-armv7s-iphoneos/CMakeFiles/CMakeTmp/Debug -F/Users/chungting/MyOpenCV/Repo/opencv/platforms/ios/output/build/build-armv7s-iphoneos/CMakeFiles/CMakeTmp/Debug -filelist /Users/chungting/MyOpenCV/Repo/opencv/platforms/ios/output/build/build-armv7s-iphoneos/CMakeFiles/CMakeTmp/CMAKE_TRY_COMPILE.build/Debug-iphoneos/cmTC_c0fbc.build/Objects-normal/armv7s/cmTC_c0fbc.LinkFileList -dead_strip -Xlinker -object_path_lto -Xlinker /Users/chungting/MyOpenCV/Repo/opencv/platforms/ios/output/build/build-armv7s-iphoneos/CMakeFiles/CMakeTmp/CMAKE_TRY_COMPILE.build/Debug-iphoneos/cmTC_c0fbc.build/Objects-normal/armv7s/cmTC_c0fbc_lto.o -Xlinker -no_deduplicate -fembed-bitcode-marker -Wl,-search_paths_first -Wl,-headerpad_max_install_names -Xlinker -dependency_info -Xlinker /Users/chungting/MyOpenCV/Repo/opencv/platforms/ios/output/build/build-armv7s-iphoneos/CMakeFiles/CMakeTmp/CMAKE_TRY_COMPILE.build/Debug-iphoneos/cmTC_c0fbc.build/Objects-normal/armv7s/cmTC_c0fbc_dependency_info.dat -o /Users/chungting/MyOpenCV/Repo/opencv/platforms/ios/output/build/build-armv7s-iphoneos/CMakeFiles/CMakeTmp/Debug/cmTC_c0fbc.app/cmTC_c0fbc
ld: warning: -headerpad_max_install_names is ignored when used with -bitcode_bundle (Xcode setting ENABLE_BITCODE=YES)

GenerateDSYMFile Debug/cmTC_c0fbc.app.dSYM Debug/cmTC_c0fbc.app/cmTC_c0fbc
    cd /Users/chungting/MyOpenCV/Repo/opencv/platforms/ios/output/build/build-armv7s-iphoneos/CMakeFiles/CMakeTmp
    /Users/chungting/Downloads/Xcode.app/Contents/Developer/Toolchains/XcodeDefault.xctoolchain/usr/bin/dsymutil /Users/chungting/MyOpenCV/Repo/opencv/platforms/ios/output/build/build-armv7s-iphoneos/CMakeFiles/CMakeTmp/Debug/cmTC_c0fbc.app/cmTC_c0fbc -o /Users/chungting/MyOpenCV/Repo/opencv/platforms/ios/output/build/build-armv7s-iphoneos/CMakeFiles/CMakeTmp/Debug/cmTC_c0fbc.app.dSYM

Touch Debug/cmTC_c0fbc.app
    cd /Users/chungting/MyOpenCV/Repo/opencv/platforms/ios/output/build/build-armv7s-iphoneos/CMakeFiles/CMakeTmp
    /usr/bin/touch -c /Users/chungting/MyOpenCV/Repo/opencv/platforms/ios/output/build/build-armv7s-iphoneos/CMakeFiles/CMakeTmp/Debug/cmTC_c0fbc.app

Validate Debug/cmTC_c0fbc.app
    cd /Users/chungting/MyOpenCV/Repo/opencv/platforms/ios/output/build/build-armv7s-iphoneos/CMakeFiles/CMakeTmp
    builtin-validationUtility /Users/chungting/MyOpenCV/Repo/opencv/platforms/ios/output/build/build-armv7s-iphoneos/CMakeFiles/CMakeTmp/Debug/cmTC_c0fbc.app

** BUILD SUCCEEDED **



===== END =====

Compilation failed:
    source file: '/Users/chungting/MyOpenCV/Repo/opencv/platforms/ios/output/build/build-armv7s-iphoneos/CMakeFiles/CMakeTmp/src.cxx'
    check option: ''
===== BUILD LOG =====
Change Dir: /Users/chungting/MyOpenCV/Repo/opencv/platforms/ios/output/build/build-armv7s-iphoneos/CMakeFiles/CMakeTmp

Run Build Command(s):/Users/chungting/MyOpenCV/Repo/opencv/platforms/ios/output/build/build-armv7s-iphoneos/xcodebuild_wrapper -project CMAKE_TRY_COMPILE.xcodeproj build -target cmTC_dfbd3 -configuration Release -hideShellScriptEnvironment && Command line invocation:
    /Users/chungting/Downloads/Xcode.app/Contents/Developer/usr/bin/xcodebuild IPHONEOS_DEPLOYMENT_TARGET=8.0 CODE_SIGN_IDENTITY= CODE_SIGNING_REQUIRED=NO ARCHS=armv7s -sdk iphoneos -project CMAKE_TRY_COMPILE.xcodeproj build -target cmTC_dfbd3 -configuration Debug -hideShellScriptEnvironment

User defaults from command line:
    HideShellScriptEnvironment = YES

Build settings from command line:
    ARCHS = armv7s
    CODE_SIGN_IDENTITY = 
    CODE_SIGNING_REQUIRED = NO
    IPHONEOS_DEPLOYMENT_TARGET = 8.0
    SDKROOT = iphoneos13.4

Prepare build
note: Using legacy build system
=== BUILD TARGET cmTC_dfbd3 OF PROJECT CMAKE_TRY_COMPILE WITH CONFIGURATION Debug ===

Check dependencies

Write auxiliary files
/bin/mkdir -p /Users/chungting/MyOpenCV/Repo/opencv/platforms/ios/output/build/build-armv7s-iphoneos/CMakeFiles/CMakeTmp/CMAKE_TRY_COMPILE.build/Debug-iphoneos/cmTC_dfbd3.build/Objects-normal/armv7s
write-file /Users/chungting/MyOpenCV/Repo/opencv/platforms/ios/output/build/build-armv7s-iphoneos/CMakeFiles/CMakeTmp/CMAKE_TRY_COMPILE.build/Debug-iphoneos/cmTC_dfbd3.build/Objects-normal/armv7s/cmTC_dfbd3.LinkFileList

Create product structure
/bin/mkdir -p /Users/chungting/MyOpenCV/Repo/opencv/platforms/ios/output/build/build-armv7s-iphoneos/CMakeFiles/CMakeTmp/Debug/cmTC_dfbd3.app

ProcessInfoPlistFile Debug/cmTC_dfbd3.app/Info.plist CMakeFiles/cmTC_dfbd3.dir/Info.plist
    cd /Users/chungting/MyOpenCV/Repo/opencv/platforms/ios/output/build/build-armv7s-iphoneos/CMakeFiles/CMakeTmp
    builtin-infoPlistUtility /Users/chungting/MyOpenCV/Repo/opencv/platforms/ios/output/build/build-armv7s-iphoneos/CMakeFiles/CMakeTmp/CMakeFiles/cmTC_dfbd3.dir/Info.plist -genpkginfo /Users/chungting/MyOpenCV/Repo/opencv/platforms/ios/output/build/build-armv7s-iphoneos/CMakeFiles/CMakeTmp/Debug/cmTC_dfbd3.app/PkgInfo -expandbuildsettings -format binary -platform iphoneos -o /Users/chungting/MyOpenCV/Repo/opencv/platforms/ios/output/build/build-armv7s-iphoneos/CMakeFiles/CMakeTmp/Debug/cmTC_dfbd3.app/Info.plist

CompileC CMAKE_TRY_COMPILE.build/Debug-iphoneos/cmTC_dfbd3.build/Objects-normal/armv7s/src.o src.cxx normal armv7s c++ com.apple.compilers.llvm.clang.1_0.compiler
    cd /Users/chungting/MyOpenCV/Repo/opencv/platforms/ios/output/build/build-armv7s-iphoneos/CMakeFiles/CMakeTmp
    /Users/chungting/Downloads/Xcode.app/Contents/Developer/Toolchains/XcodeDefault.xctoolchain/usr/bin/clang -x c++ -target armv7s-apple-ios8.0 -fmessage-length=0 -fdiagnostics-show-note-include-stack -fmacro-backtrace-limit=0 -Wno-trigraphs -fpascal-strings -O0 -Wno-missing-field-initializers -Wno-missing-prototypes -Wno-return-type -Wno-non-virtual-dtor -Wno-overloaded-virtual -Wno-exit-time-destructors -Wno-missing-braces -Wparentheses -Wswitch -Wno-unused-function -Wno-unused-label -Wno-unused-parameter -Wno-unused-variable -Wunused-value -Wno-empty-body -Wno-uninitialized -Wno-unknown-pragmas -Wno-shadow -Wno-four-char-constants -Wno-conversion -Wno-constant-conversion -Wno-int-conversion -Wno-bool-conversion -Wno-enum-conversion -Wno-float-conversion -Wno-non-literal-null-conversion -Wno-objc-literal-conversion -Wno-shorten-64-to-32 -Wno-newline-eof -Wno-c++11-extensions -DCMAKE_INTDIR=\"Debug-iphoneos\" -isysroot /Users/chungting/Downloads/Xcode.app/Contents/Developer/Platforms/iPhoneOS.platform/Developer/SDKs/iPhoneOS13.4.sdk -fstrict-aliasing -Wdeprecated-declarations -Winvalid-offsetof -g -Wno-sign-conversion -Wno-infinite-recursion -Wno-move -Wno-comma -Wno-block-capture-autoreleasing -Wno-strict-prototypes -Wno-range-loop-analysis -Wno-semicolon-before-method-body -fembed-bitcode-marker -I/Users/chungting/MyOpenCV/Repo/opencv/platforms/ios/output/build/build-armv7s-iphoneos/CMakeFiles/CMakeTmp/Debug/include -I/Users/chungting/MyOpenCV/Repo/opencv/platforms/ios/output/build/build-armv7s-iphoneos/CMakeFiles/CMakeTmp/CMAKE_TRY_COMPILE.build/Debug-iphoneos/cmTC_dfbd3.build/DerivedSources-normal/armv7s -I/Users/chungting/MyOpenCV/Repo/opencv/platforms/ios/output/build/build-armv7s-iphoneos/CMakeFiles/CMakeTmp/CMAKE_TRY_COMPILE.build/Debug-iphoneos/cmTC_dfbd3.build/DerivedSources/armv7s -I/Users/chungting/MyOpenCV/Repo/opencv/platforms/ios/output/build/build-armv7s-iphoneos/CMakeFiles/CMakeTmp/CMAKE_TRY_COMPILE.build/Debug-iphoneos/cmTC_dfbd3.build/DerivedSources -F/Users/chungting/MyOpenCV/Repo/opencv/platforms/ios/output/build/build-armv7s-iphoneos/CMakeFiles/CMakeTmp/Debug -fembed-bitcode -fPIE -std=c++11 -MMD -MT dependencies -MF /Users/chungting/MyOpenCV/Repo/opencv/platforms/ios/output/build/build-armv7s-iphoneos/CMakeFiles/CMakeTmp/CMAKE_TRY_COMPILE.build/Debug-iphoneos/cmTC_dfbd3.build/Objects-normal/armv7s/src.d --serialize-diagnostics /Users/chungting/MyOpenCV/Repo/opencv/platforms/ios/output/build/build-armv7s-iphoneos/CMakeFiles/CMakeTmp/CMAKE_TRY_COMPILE.build/Debug-iphoneos/cmTC_dfbd3.build/Objects-normal/armv7s/src.dia -c /Users/chungting/MyOpenCV/Repo/opencv/platforms/ios/output/build/build-armv7s-iphoneos/CMakeFiles/CMakeTmp/src.cxx -o /Users/chungting/MyOpenCV/Repo/opencv/platforms/ios/output/build/build-armv7s-iphoneos/CMakeFiles/CMakeTmp/CMAKE_TRY_COMPILE.build/Debug-iphoneos/cmTC_dfbd3.build/Objects-normal/armv7s/src.o

Ld Debug/cmTC_dfbd3.app/cmTC_dfbd3 normal armv7s
    cd /Users/chungting/MyOpenCV/Repo/opencv/platforms/ios/output/build/build-armv7s-iphoneos/CMakeFiles/CMakeTmp
    /Users/chungting/Downloads/Xcode.app/Contents/Developer/Toolchains/XcodeDefault.xctoolchain/usr/bin/clang++ -target armv7s-apple-ios8.0 -isysroot /Users/chungting/Downloads/Xcode.app/Contents/Developer/Platforms/iPhoneOS.platform/Developer/SDKs/iPhoneOS13.4.sdk -L/Users/chungting/MyOpenCV/Repo/opencv/platforms/ios/output/build/build-armv7s-iphoneos/CMakeFiles/CMakeTmp/Debug -F/Users/chungting/MyOpenCV/Repo/opencv/platforms/ios/output/build/build-armv7s-iphoneos/CMakeFiles/CMakeTmp/Debug -filelist /Users/chungting/MyOpenCV/Repo/opencv/platforms/ios/output/build/build-armv7s-iphoneos/CMakeFiles/CMakeTmp/CMAKE_TRY_COMPILE.build/Debug-iphoneos/cmTC_dfbd3.build/Objects-normal/armv7s/cmTC_dfbd3.LinkFileList -dead_strip -Xlinker -object_path_lto -Xlinker /Users/chungting/MyOpenCV/Repo/opencv/platforms/ios/output/build/build-armv7s-iphoneos/CMakeFiles/CMakeTmp/CMAKE_TRY_COMPILE.build/Debug-iphoneos/cmTC_dfbd3.build/Objects-normal/armv7s/cmTC_dfbd3_lto.o -Xlinker -no_deduplicate -fembed-bitcode-marker -Wl,--as-needed -Wl,-search_paths_first -Wl,-headerpad_max_install_names -Xlinker -dependency_info -Xlinker /Users/chungting/MyOpenCV/Repo/opencv/platforms/ios/output/build/build-armv7s-iphoneos/CMakeFiles/CMakeTmp/CMAKE_TRY_COMPILE.build/Debug-iphoneos/cmTC_dfbd3.build/Objects-normal/armv7s/cmTC_dfbd3_dependency_info.dat -o /Users/chungting/MyOpenCV/Repo/opencv/platforms/ios/output/build/build-armv7s-iphoneos/CMakeFiles/CMakeTmp/Debug/cmTC_dfbd3.app/cmTC_dfbd3
ld: unknown option: --as-needed
clang: error: linker command failed with exit code 1 (use -v to see invocation)

** BUILD FAILED **


The following build commands failed:
	Ld Debug/cmTC_dfbd3.app/cmTC_dfbd3 normal armv7s
(1 failure)


===== END =====

Determining if the include file malloc.h exists failed with the following output:
Change Dir: /Users/chungting/MyOpenCV/Repo/opencv/platforms/ios/output/build/build-armv7s-iphoneos/CMakeFiles/CMakeTmp

Run Build Command(s):/Users/chungting/MyOpenCV/Repo/opencv/platforms/ios/output/build/build-armv7s-iphoneos/xcodebuild_wrapper -project CMAKE_TRY_COMPILE.xcodeproj build -target cmTC_da013 -configuration Release -hideShellScriptEnvironment && Command line invocation:
    /Users/chungting/Downloads/Xcode.app/Contents/Developer/usr/bin/xcodebuild IPHONEOS_DEPLOYMENT_TARGET=8.0 CODE_SIGN_IDENTITY= CODE_SIGNING_REQUIRED=NO ARCHS=armv7s -sdk iphoneos -project CMAKE_TRY_COMPILE.xcodeproj build -target cmTC_da013 -configuration Debug -hideShellScriptEnvironment

User defaults from command line:
    HideShellScriptEnvironment = YES

Build settings from command line:
    ARCHS = armv7s
    CODE_SIGN_IDENTITY = 
    CODE_SIGNING_REQUIRED = NO
    IPHONEOS_DEPLOYMENT_TARGET = 8.0
    SDKROOT = iphoneos13.4

Prepare build
note: Using legacy build system
=== BUILD TARGET cmTC_da013 OF PROJECT CMAKE_TRY_COMPILE WITH CONFIGURATION Debug ===

Check dependencies

Write auxiliary files
/bin/mkdir -p /Users/chungting/MyOpenCV/Repo/opencv/platforms/ios/output/build/build-armv7s-iphoneos/CMakeFiles/CMakeTmp/CMAKE_TRY_COMPILE.build/Debug-iphoneos/cmTC_da013.build/Objects-normal/armv7s
write-file /Users/chungting/MyOpenCV/Repo/opencv/platforms/ios/output/build/build-armv7s-iphoneos/CMakeFiles/CMakeTmp/CMAKE_TRY_COMPILE.build/Debug-iphoneos/cmTC_da013.build/Objects-normal/armv7s/cmTC_da013.LinkFileList

Create product structure
/bin/mkdir -p /Users/chungting/MyOpenCV/Repo/opencv/platforms/ios/output/build/build-armv7s-iphoneos/CMakeFiles/CMakeTmp/Debug/cmTC_da013.app

ProcessInfoPlistFile Debug/cmTC_da013.app/Info.plist CMakeFiles/cmTC_da013.dir/Info.plist
    cd /Users/chungting/MyOpenCV/Repo/opencv/platforms/ios/output/build/build-armv7s-iphoneos/CMakeFiles/CMakeTmp
    builtin-infoPlistUtility /Users/chungting/MyOpenCV/Repo/opencv/platforms/ios/output/build/build-armv7s-iphoneos/CMakeFiles/CMakeTmp/CMakeFiles/cmTC_da013.dir/Info.plist -genpkginfo /Users/chungting/MyOpenCV/Repo/opencv/platforms/ios/output/build/build-armv7s-iphoneos/CMakeFiles/CMakeTmp/Debug/cmTC_da013.app/PkgInfo -expandbuildsettings -format binary -platform iphoneos -o /Users/chungting/MyOpenCV/Repo/opencv/platforms/ios/output/build/build-armv7s-iphoneos/CMakeFiles/CMakeTmp/Debug/cmTC_da013.app/Info.plist

CompileC CMAKE_TRY_COMPILE.build/Debug-iphoneos/cmTC_da013.build/Objects-normal/armv7s/CheckIncludeFile.o CheckIncludeFile.c normal armv7s c com.apple.compilers.llvm.clang.1_0.compiler
    cd /Users/chungting/MyOpenCV/Repo/opencv/platforms/ios/output/build/build-armv7s-iphoneos/CMakeFiles/CMakeTmp
    /Users/chungting/Downloads/Xcode.app/Contents/Developer/Toolchains/XcodeDefault.xctoolchain/usr/bin/clang -x c -target armv7s-apple-ios8.0 -fmessage-length=0 -fdiagnostics-show-note-include-stack -fmacro-backtrace-limit=0 -Wno-trigraphs -fpascal-strings -O0 -Wno-missing-field-initializers -Wno-missing-prototypes -Wno-return-type -Wno-missing-braces -Wparentheses -Wswitch -Wno-unused-function -Wno-unused-label -Wno-unused-parameter -Wno-unused-variable -Wunused-value -Wno-empty-body -Wno-uninitialized -Wno-unknown-pragmas -Wno-shadow -Wno-four-char-constants -Wno-conversion -Wno-constant-conversion -Wno-int-conversion -Wno-bool-conversion -Wno-enum-conversion -Wno-float-conversion -Wno-non-literal-null-conversion -Wno-objc-literal-conversion -Wno-shorten-64-to-32 -Wpointer-sign -Wno-newline-eof -DCMAKE_INTDIR=\"Debug-iphoneos\" -isysroot /Users/chungting/Downloads/Xcode.app/Contents/Developer/Platforms/iPhoneOS.platform/Developer/SDKs/iPhoneOS13.4.sdk -fstrict-aliasing -Wdeprecated-declarations -g -Wno-sign-conversion -Wno-infinite-recursion -Wno-comma -Wno-block-capture-autoreleasing -Wno-strict-prototypes -Wno-semicolon-before-method-body -fembed-bitcode-marker -I/Users/chungting/MyOpenCV/Repo/opencv/platforms/ios/output/build/build-armv7s-iphoneos/CMakeFiles/CMakeTmp/Debug/include -I/Users/chungting/MyOpenCV/Repo/opencv/platforms/ios/output/build/build-armv7s-iphoneos/CMakeFiles/CMakeTmp/CMAKE_TRY_COMPILE.build/Debug-iphoneos/cmTC_da013.build/DerivedSources-normal/armv7s -I/Users/chungting/MyOpenCV/Repo/opencv/platforms/ios/output/build/build-armv7s-iphoneos/CMakeFiles/CMakeTmp/CMAKE_TRY_COMPILE.build/Debug-iphoneos/cmTC_da013.build/DerivedSources/armv7s -I/Users/chungting/MyOpenCV/Repo/opencv/platforms/ios/output/build/build-armv7s-iphoneos/CMakeFiles/CMakeTmp/CMAKE_TRY_COMPILE.build/Debug-iphoneos/cmTC_da013.build/DerivedSources -F/Users/chungting/MyOpenCV/Repo/opencv/platforms/ios/output/build/build-armv7s-iphoneos/CMakeFiles/CMakeTmp/Debug -fembed-bitcode -fsigned-char -W -Wall -Werror=return-type -Werror=non-virtual-dtor -Werror=address -Werror=sequence-point -Wformat -Werror=format-security -Wmissing-declarations -Wmissing-prototypes -Wstrict-prototypes -Wundef -Winit-self -Wpointer-arith -Wshadow -Wsign-promo -Wuninitialized -Winit-self -Wno-delete-non-virtual-dtor -Wno-unnamed-type-template-args -Wno-comment -fdiagnostics-show-option -Qunused-arguments -Wno-semicolon-before-method-body -fvisibility=hidden -fvisibility-inlines-hidden -fPIE -MMD -MT dependencies -MF /Users/chungting/MyOpenCV/Repo/opencv/platforms/ios/output/build/build-armv7s-iphoneos/CMakeFiles/CMakeTmp/CMAKE_TRY_COMPILE.build/Debug-iphoneos/cmTC_da013.build/Objects-normal/armv7s/CheckIncludeFile.d --serialize-diagnostics /Users/chungting/MyOpenCV/Repo/opencv/platforms/ios/output/build/build-armv7s-iphoneos/CMakeFiles/CMakeTmp/CMAKE_TRY_COMPILE.build/Debug-iphoneos/cmTC_da013.build/Objects-normal/armv7s/CheckIncludeFile.dia -c /Users/chungting/MyOpenCV/Repo/opencv/platforms/ios/output/build/build-armv7s-iphoneos/CMakeFiles/CMakeTmp/CheckIncludeFile.c -o /Users/chungting/MyOpenCV/Repo/opencv/platforms/ios/output/build/build-armv7s-iphoneos/CMakeFiles/CMakeTmp/CMAKE_TRY_COMPILE.build/Debug-iphoneos/cmTC_da013.build/Objects-normal/armv7s/CheckIncludeFile.o
/Users/chungting/MyOpenCV/Repo/opencv/platforms/ios/output/build/build-armv7s-iphoneos/CMakeFiles/CMakeTmp/CheckIncludeFile.c:1:10: fatal error: 'malloc.h' file not found
#include <malloc.h>
         ^~~~~~~~~~
1 error generated.

** BUILD FAILED **


The following build commands failed:
	CompileC CMAKE_TRY_COMPILE.build/Debug-iphoneos/cmTC_da013.build/Objects-normal/armv7s/CheckIncludeFile.o CheckIncludeFile.c normal armv7s c com.apple.compilers.llvm.clang.1_0.compiler
(1 failure)



Determining size of off64_t failed with the following output:
Change Dir: /Users/chungting/MyOpenCV/Repo/opencv/platforms/ios/output/build/build-armv7s-iphoneos/CMakeFiles/CMakeTmp

Run Build Command(s):/Users/chungting/MyOpenCV/Repo/opencv/platforms/ios/output/build/build-armv7s-iphoneos/xcodebuild_wrapper -project CMAKE_TRY_COMPILE.xcodeproj build -target cmTC_6c936 -configuration Release -hideShellScriptEnvironment && Command line invocation:
    /Users/chungting/Downloads/Xcode.app/Contents/Developer/usr/bin/xcodebuild IPHONEOS_DEPLOYMENT_TARGET=8.0 CODE_SIGN_IDENTITY= CODE_SIGNING_REQUIRED=NO ARCHS=armv7s -sdk iphoneos -project CMAKE_TRY_COMPILE.xcodeproj build -target cmTC_6c936 -configuration Debug -hideShellScriptEnvironment

User defaults from command line:
    HideShellScriptEnvironment = YES

Build settings from command line:
    ARCHS = armv7s
    CODE_SIGN_IDENTITY = 
    CODE_SIGNING_REQUIRED = NO
    IPHONEOS_DEPLOYMENT_TARGET = 8.0
    SDKROOT = iphoneos13.4

Prepare build
note: Using legacy build system
=== BUILD TARGET cmTC_6c936 OF PROJECT CMAKE_TRY_COMPILE WITH CONFIGURATION Debug ===

Check dependencies

Write auxiliary files
/bin/mkdir -p /Users/chungting/MyOpenCV/Repo/opencv/platforms/ios/output/build/build-armv7s-iphoneos/CMakeFiles/CMakeTmp/CMAKE_TRY_COMPILE.build/Debug-iphoneos/cmTC_6c936.build/Objects-normal/armv7s
write-file /Users/chungting/MyOpenCV/Repo/opencv/platforms/ios/output/build/build-armv7s-iphoneos/CMakeFiles/CMakeTmp/CMAKE_TRY_COMPILE.build/Debug-iphoneos/cmTC_6c936.build/Objects-normal/armv7s/cmTC_6c936.LinkFileList

Create product structure
/bin/mkdir -p /Users/chungting/MyOpenCV/Repo/opencv/platforms/ios/output/build/build-armv7s-iphoneos/CMakeFiles/CMakeTmp/Debug/cmTC_6c936.app

ProcessInfoPlistFile Debug/cmTC_6c936.app/Info.plist CMakeFiles/cmTC_6c936.dir/Info.plist
    cd /Users/chungting/MyOpenCV/Repo/opencv/platforms/ios/output/build/build-armv7s-iphoneos/CMakeFiles/CMakeTmp
    builtin-infoPlistUtility /Users/chungting/MyOpenCV/Repo/opencv/platforms/ios/output/build/build-armv7s-iphoneos/CMakeFiles/CMakeTmp/CMakeFiles/cmTC_6c936.dir/Info.plist -genpkginfo /Users/chungting/MyOpenCV/Repo/opencv/platforms/ios/output/build/build-armv7s-iphoneos/CMakeFiles/CMakeTmp/Debug/cmTC_6c936.app/PkgInfo -expandbuildsettings -format binary -platform iphoneos -o /Users/chungting/MyOpenCV/Repo/opencv/platforms/ios/output/build/build-armv7s-iphoneos/CMakeFiles/CMakeTmp/Debug/cmTC_6c936.app/Info.plist

CompileC CMAKE_TRY_COMPILE.build/Debug-iphoneos/cmTC_6c936.build/Objects-normal/armv7s/OFF64_T.o /Users/chungting/MyOpenCV/Repo/opencv/platforms/ios/output/build/build-armv7s-iphoneos/CMakeFiles/CheckTypeSize/OFF64_T.c normal armv7s c com.apple.compilers.llvm.clang.1_0.compiler
    cd /Users/chungting/MyOpenCV/Repo/opencv/platforms/ios/output/build/build-armv7s-iphoneos/CMakeFiles/CMakeTmp
    /Users/chungting/Downloads/Xcode.app/Contents/Developer/Toolchains/XcodeDefault.xctoolchain/usr/bin/clang -x c -target armv7s-apple-ios8.0 -fmessage-length=0 -fdiagnostics-show-note-include-stack -fmacro-backtrace-limit=0 -Wno-trigraphs -fpascal-strings -O0 -Wno-missing-field-initializers -Wno-missing-prototypes -Wno-return-type -Wno-missing-braces -Wparentheses -Wswitch -Wno-unused-function -Wno-unused-label -Wno-unused-parameter -Wno-unused-variable -Wunused-value -Wno-empty-body -Wno-uninitialized -Wno-unknown-pragmas -Wno-shadow -Wno-four-char-constants -Wno-conversion -Wno-constant-conversion -Wno-int-conversion -Wno-bool-conversion -Wno-enum-conversion -Wno-float-conversion -Wno-non-literal-null-conversion -Wno-objc-literal-conversion -Wno-shorten-64-to-32 -Wpointer-sign -Wno-newline-eof -DCMAKE_INTDIR=\"Debug-iphoneos\" -isysroot /Users/chungting/Downloads/Xcode.app/Contents/Developer/Platforms/iPhoneOS.platform/Developer/SDKs/iPhoneOS13.4.sdk -fstrict-aliasing -Wdeprecated-declarations -g -Wno-sign-conversion -Wno-infinite-recursion -Wno-comma -Wno-block-capture-autoreleasing -Wno-strict-prototypes -Wno-semicolon-before-method-body -fembed-bitcode-marker -I/Users/chungting/MyOpenCV/Repo/opencv/platforms/ios/output/build/build-armv7s-iphoneos/CMakeFiles/CMakeTmp/Debug/include -I/Users/chungting/MyOpenCV/Repo/opencv/platforms/ios/output/build/build-armv7s-iphoneos/CMakeFiles/CMakeTmp/CMAKE_TRY_COMPILE.build/Debug-iphoneos/cmTC_6c936.build/DerivedSources-normal/armv7s -I/Users/chungting/MyOpenCV/Repo/opencv/platforms/ios/output/build/build-armv7s-iphoneos/CMakeFiles/CMakeTmp/CMAKE_TRY_COMPILE.build/Debug-iphoneos/cmTC_6c936.build/DerivedSources/armv7s -I/Users/chungting/MyOpenCV/Repo/opencv/platforms/ios/output/build/build-armv7s-iphoneos/CMakeFiles/CMakeTmp/CMAKE_TRY_COMPILE.build/Debug-iphoneos/cmTC_6c936.build/DerivedSources -F/Users/chungting/MyOpenCV/Repo/opencv/platforms/ios/output/build/build-armv7s-iphoneos/CMakeFiles/CMakeTmp/Debug -fembed-bitcode -fsigned-char -W -Wall -Werror=return-type -Werror=non-virtual-dtor -Werror=address -Werror=sequence-point -Wformat -Werror=format-security -Wmissing-declarations -Wmissing-prototypes -Wstrict-prototypes -Wundef -Winit-self -Wpointer-arith -Wshadow -Wsign-promo -Wuninitialized -Winit-self -Wno-delete-non-virtual-dtor -Wno-unnamed-type-template-args -Wno-comment -fdiagnostics-show-option -Qunused-arguments -Wno-semicolon-before-method-body -fvisibility=hidden -fvisibility-inlines-hidden -fPIE -MMD -MT dependencies -MF /Users/chungting/MyOpenCV/Repo/opencv/platforms/ios/output/build/build-armv7s-iphoneos/CMakeFiles/CMakeTmp/CMAKE_TRY_COMPILE.build/Debug-iphoneos/cmTC_6c936.build/Objects-normal/armv7s/OFF64_T.d --serialize-diagnostics /Users/chungting/MyOpenCV/Repo/opencv/platforms/ios/output/build/build-armv7s-iphoneos/CMakeFiles/CMakeTmp/CMAKE_TRY_COMPILE.build/Debug-iphoneos/cmTC_6c936.build/Objects-normal/armv7s/OFF64_T.dia -c /Users/chungting/MyOpenCV/Repo/opencv/platforms/ios/output/build/build-armv7s-iphoneos/CMakeFiles/CheckTypeSize/OFF64_T.c -o /Users/chungting/MyOpenCV/Repo/opencv/platforms/ios/output/build/build-armv7s-iphoneos/CMakeFiles/CMakeTmp/CMAKE_TRY_COMPILE.build/Debug-iphoneos/cmTC_6c936.build/Objects-normal/armv7s/OFF64_T.o
/Users/chungting/MyOpenCV/Repo/opencv/platforms/ios/output/build/build-armv7s-iphoneos/CMakeFiles/CheckTypeSize/OFF64_T.c:29:12: error: use of undeclared identifier 'off64_t'
  ('0' + ((SIZE / 10000)%10)),
           ^
/Users/chungting/MyOpenCV/Repo/opencv/platforms/ios/output/build/build-armv7s-iphoneos/CMakeFiles/CheckTypeSize/OFF64_T.c:27:22: note: expanded from macro 'SIZE'
#define SIZE (sizeof(off64_t))
                     ^
/Users/chungting/MyOpenCV/Repo/opencv/platforms/ios/output/build/build-armv7s-iphoneos/CMakeFiles/CheckTypeSize/OFF64_T.c:30:12: error: use of undeclared identifier 'off64_t'
  ('0' + ((SIZE / 1000)%10)),
           ^
/Users/chungting/MyOpenCV/Repo/opencv/platforms/ios/output/build/build-armv7s-iphoneos/CMakeFiles/CheckTypeSize/OFF64_T.c:27:22: note: expanded from macro 'SIZE'
#define SIZE (sizeof(off64_t))
                     ^
/Users/chungting/MyOpenCV/Repo/opencv/platforms/ios/output/build/build-armv7s-iphoneos/CMakeFiles/CheckTypeSize/OFF64_T.c:31:12: error: use of undeclared identifier 'off64_t'
  ('0' + ((SIZE / 100)%10)),
           ^
/Users/chungting/MyOpenCV/Repo/opencv/platforms/ios/output/build/build-armv7s-iphoneos/CMakeFiles/CheckTypeSize/OFF64_T.c:27:22: note: expanded from macro 'SIZE'
#define SIZE (sizeof(off64_t))
                     ^
/Users/chungting/MyOpenCV/Repo/opencv/platforms/ios/output/build/build-armv7s-iphoneos/CMakeFiles/CheckTypeSize/OFF64_T.c:32:12: error: use of undeclared identifier 'off64_t'
  ('0' + ((SIZE / 10)%10)),
           ^
/Users/chungting/MyOpenCV/Repo/opencv/platforms/ios/output/build/build-armv7s-iphoneos/CMakeFiles/CheckTypeSize/OFF64_T.c:27:22: note: expanded from macro 'SIZE'
#define SIZE (sizeof(off64_t))
                     ^
/Users/chungting/MyOpenCV/Repo/opencv/platforms/ios/output/build/build-armv7s-iphoneos/CMakeFiles/CheckTypeSize/OFF64_T.c:33:12: error: use of undeclared identifier 'off64_t'
  ('0' +  (SIZE    % 10)),
           ^
/Users/chungting/MyOpenCV/Repo/opencv/platforms/ios/output/build/build-armv7s-iphoneos/CMakeFiles/CheckTypeSize/OFF64_T.c:27:22: note: expanded from macro 'SIZE'
#define SIZE (sizeof(off64_t))
                     ^
5 errors generated.

** BUILD FAILED **


The following build commands failed:
	CompileC CMAKE_TRY_COMPILE.build/Debug-iphoneos/cmTC_6c936.build/Objects-normal/armv7s/OFF64_T.o /Users/chungting/MyOpenCV/Repo/opencv/platforms/ios/output/build/build-armv7s-iphoneos/CMakeFiles/CheckTypeSize/OFF64_T.c normal armv7s c com.apple.compilers.llvm.clang.1_0.compiler
(1 failure)


/Users/chungting/MyOpenCV/Repo/opencv/platforms/ios/output/build/build-armv7s-iphoneos/CMakeFiles/CheckTypeSize/OFF64_T.c:
#include <sys/types.h>
#include <stdint.h>
#include <stddef.h>


#undef KEY
#if defined(__i386)
# define KEY '_','_','i','3','8','6'
#elif defined(__x86_64)
# define KEY '_','_','x','8','6','_','6','4'
#elif defined(__PPC64__)
# define KEY '_','_','P','P','C','6','4','_','_'
#elif defined(__ppc64__)
# define KEY '_','_','p','p','c','6','4','_','_'
#elif defined(__PPC__)
# define KEY '_','_','P','P','C','_','_'
#elif defined(__ppc__)
# define KEY '_','_','p','p','c','_','_'
#elif defined(__aarch64__)
# define KEY '_','_','a','a','r','c','h','6','4','_','_'
#elif defined(__ARM_ARCH_7A__)
# define KEY '_','_','A','R','M','_','A','R','C','H','_','7','A','_','_'
#elif defined(__ARM_ARCH_7S__)
# define KEY '_','_','A','R','M','_','A','R','C','H','_','7','S','_','_'
#endif

#define SIZE (sizeof(off64_t))
static char info_size[] =  {'I', 'N', 'F', 'O', ':', 's','i','z','e','[',
  ('0' + ((SIZE / 10000)%10)),
  ('0' + ((SIZE / 1000)%10)),
  ('0' + ((SIZE / 100)%10)),
  ('0' + ((SIZE / 10)%10)),
  ('0' +  (SIZE    % 10)),
  ']',
#ifdef KEY
  ' ','k','e','y','[', KEY, ']',
#endif
  '\0'};

#ifdef __CLASSIC_C__
int main(argc, argv) int argc; char *argv[];
#else
int main(int argc, char *argv[])
#endif
{
  int require = 0;
  require += info_size[argc];
  (void)argv;
  return require;
}


Build output check failed:
    Regex: 'unknown .*option'
    Output line: 'warning: unknown warning option '-Wno-maybe-uninitialized', did you mean '-Wno-uninitialized'? [-Wunknown-warning-option]'
Compilation failed:
    source file: '/Users/chungting/MyOpenCV/Repo/opencv/platforms/ios/output/build/build-armv7s-iphoneos/CMakeFiles/CMakeTmp/src.c'
    check option: ' -Wno-maybe-uninitialized'
===== BUILD LOG =====
Change Dir: /Users/chungting/MyOpenCV/Repo/opencv/platforms/ios/output/build/build-armv7s-iphoneos/CMakeFiles/CMakeTmp

Run Build Command(s):/Users/chungting/MyOpenCV/Repo/opencv/platforms/ios/output/build/build-armv7s-iphoneos/xcodebuild_wrapper -project CMAKE_TRY_COMPILE.xcodeproj build -target cmTC_5ff40 -configuration Release -hideShellScriptEnvironment && Command line invocation:
    /Users/chungting/Downloads/Xcode.app/Contents/Developer/usr/bin/xcodebuild IPHONEOS_DEPLOYMENT_TARGET=8.0 CODE_SIGN_IDENTITY= CODE_SIGNING_REQUIRED=NO ARCHS=armv7s -sdk iphoneos -project CMAKE_TRY_COMPILE.xcodeproj build -target cmTC_5ff40 -configuration Debug -hideShellScriptEnvironment

User defaults from command line:
    HideShellScriptEnvironment = YES

Build settings from command line:
    ARCHS = armv7s
    CODE_SIGN_IDENTITY = 
    CODE_SIGNING_REQUIRED = NO
    IPHONEOS_DEPLOYMENT_TARGET = 8.0
    SDKROOT = iphoneos13.4

Prepare build
note: Using legacy build system
=== BUILD TARGET cmTC_5ff40 OF PROJECT CMAKE_TRY_COMPILE WITH CONFIGURATION Debug ===

Check dependencies

Write auxiliary files
/bin/mkdir -p /Users/chungting/MyOpenCV/Repo/opencv/platforms/ios/output/build/build-armv7s-iphoneos/CMakeFiles/CMakeTmp/CMAKE_TRY_COMPILE.build/Debug-iphoneos/cmTC_5ff40.build/Objects-normal/armv7s
write-file /Users/chungting/MyOpenCV/Repo/opencv/platforms/ios/output/build/build-armv7s-iphoneos/CMakeFiles/CMakeTmp/CMAKE_TRY_COMPILE.build/Debug-iphoneos/cmTC_5ff40.build/Objects-normal/armv7s/cmTC_5ff40.LinkFileList

Create product structure
/bin/mkdir -p /Users/chungting/MyOpenCV/Repo/opencv/platforms/ios/output/build/build-armv7s-iphoneos/CMakeFiles/CMakeTmp/Debug/cmTC_5ff40.app

ProcessInfoPlistFile Debug/cmTC_5ff40.app/Info.plist CMakeFiles/cmTC_5ff40.dir/Info.plist
    cd /Users/chungting/MyOpenCV/Repo/opencv/platforms/ios/output/build/build-armv7s-iphoneos/CMakeFiles/CMakeTmp
    builtin-infoPlistUtility /Users/chungting/MyOpenCV/Repo/opencv/platforms/ios/output/build/build-armv7s-iphoneos/CMakeFiles/CMakeTmp/CMakeFiles/cmTC_5ff40.dir/Info.plist -genpkginfo /Users/chungting/MyOpenCV/Repo/opencv/platforms/ios/output/build/build-armv7s-iphoneos/CMakeFiles/CMakeTmp/Debug/cmTC_5ff40.app/PkgInfo -expandbuildsettings -format binary -platform iphoneos -o /Users/chungting/MyOpenCV/Repo/opencv/platforms/ios/output/build/build-armv7s-iphoneos/CMakeFiles/CMakeTmp/Debug/cmTC_5ff40.app/Info.plist

CompileC CMAKE_TRY_COMPILE.build/Debug-iphoneos/cmTC_5ff40.build/Objects-normal/armv7s/src.o src.c normal armv7s c com.apple.compilers.llvm.clang.1_0.compiler
    cd /Users/chungting/MyOpenCV/Repo/opencv/platforms/ios/output/build/build-armv7s-iphoneos/CMakeFiles/CMakeTmp
    /Users/chungting/Downloads/Xcode.app/Contents/Developer/Toolchains/XcodeDefault.xctoolchain/usr/bin/clang -x c -target armv7s-apple-ios8.0 -fmessage-length=0 -fdiagnostics-show-note-include-stack -fmacro-backtrace-limit=0 -Wno-trigraphs -fpascal-strings -O0 -Wno-missing-field-initializers -Wno-missing-prototypes -Wno-return-type -Wno-missing-braces -Wparentheses -Wswitch -Wno-unused-function -Wno-unused-label -Wno-unused-parameter -Wno-unused-variable -Wunused-value -Wno-empty-body -Wno-uninitialized -Wno-unknown-pragmas -Wno-shadow -Wno-four-char-constants -Wno-conversion -Wno-constant-conversion -Wno-int-conversion -Wno-bool-conversion -Wno-enum-conversion -Wno-float-conversion -Wno-non-literal-null-conversion -Wno-objc-literal-conversion -Wno-shorten-64-to-32 -Wpointer-sign -Wno-newline-eof -DCMAKE_INTDIR=\"Debug-iphoneos\" -isysroot /Users/chungting/Downloads/Xcode.app/Contents/Developer/Platforms/iPhoneOS.platform/Developer/SDKs/iPhoneOS13.4.sdk -fstrict-aliasing -Wdeprecated-declarations -g -Wno-sign-conversion -Wno-infinite-recursion -Wno-comma -Wno-block-capture-autoreleasing -Wno-strict-prototypes -Wno-semicolon-before-method-body -fembed-bitcode-marker -I/Users/chungting/MyOpenCV/Repo/opencv/platforms/ios/output/build/build-armv7s-iphoneos/CMakeFiles/CMakeTmp/Debug/include -I/Users/chungting/MyOpenCV/Repo/opencv/platforms/ios/output/build/build-armv7s-iphoneos/CMakeFiles/CMakeTmp/CMAKE_TRY_COMPILE.build/Debug-iphoneos/cmTC_5ff40.build/DerivedSources-normal/armv7s -I/Users/chungting/MyOpenCV/Repo/opencv/platforms/ios/output/build/build-armv7s-iphoneos/CMakeFiles/CMakeTmp/CMAKE_TRY_COMPILE.build/Debug-iphoneos/cmTC_5ff40.build/DerivedSources/armv7s -I/Users/chungting/MyOpenCV/Repo/opencv/platforms/ios/output/build/build-armv7s-iphoneos/CMakeFiles/CMakeTmp/CMAKE_TRY_COMPILE.build/Debug-iphoneos/cmTC_5ff40.build/DerivedSources -F/Users/chungting/MyOpenCV/Repo/opencv/platforms/ios/output/build/build-armv7s-iphoneos/CMakeFiles/CMakeTmp/Debug -fembed-bitcode -fsigned-char -W -Wall -Werror=return-type -Werror=non-virtual-dtor -Werror=address -Werror=sequence-point -Wformat -Werror=format-security -Wmissing-declarations -Wmissing-prototypes -Wstrict-prototypes -Wundef -Winit-self -Wpointer-arith -Wsign-promo -Wuninitialized -Winit-self -Wno-delete-non-virtual-dtor -Wno-unnamed-type-template-args -Wno-comment -fdiagnostics-show-option -Qunused-arguments -Wno-semicolon-before-method-body -fvisibility=hidden -fvisibility-inlines-hidden -std=c99 -Wno-unused-variable -Wno-unused-function -Wno-shadow -fPIE -Wno-maybe-uninitialized -MMD -MT dependencies -MF /Users/chungting/MyOpenCV/Repo/opencv/platforms/ios/output/build/build-armv7s-iphoneos/CMakeFiles/CMakeTmp/CMAKE_TRY_COMPILE.build/Debug-iphoneos/cmTC_5ff40.build/Objects-normal/armv7s/src.d --serialize-diagnostics /Users/chungting/MyOpenCV/Repo/opencv/platforms/ios/output/build/build-armv7s-iphoneos/CMakeFiles/CMakeTmp/CMAKE_TRY_COMPILE.build/Debug-iphoneos/cmTC_5ff40.build/Objects-normal/armv7s/src.dia -c /Users/chungting/MyOpenCV/Repo/opencv/platforms/ios/output/build/build-armv7s-iphoneos/CMakeFiles/CMakeTmp/src.c -o /Users/chungting/MyOpenCV/Repo/opencv/platforms/ios/output/build/build-armv7s-iphoneos/CMakeFiles/CMakeTmp/CMAKE_TRY_COMPILE.build/Debug-iphoneos/cmTC_5ff40.build/Objects-normal/armv7s/src.o
warning: unknown warning option '-Wno-maybe-uninitialized'; did you mean '-Wno-uninitialized'? [-Wunknown-warning-option]
/Users/chungting/MyOpenCV/Repo/opencv/platforms/ios/output/build/build-armv7s-iphoneos/CMakeFiles/CMakeTmp/src.c:1:8: warning: unknown pragma ignored [-Wunknown-pragmas]
#pragma
       ^
2 warnings generated.

Ld Debug/cmTC_5ff40.app/cmTC_5ff40 normal armv7s
    cd /Users/chungting/MyOpenCV/Repo/opencv/platforms/ios/output/build/build-armv7s-iphoneos/CMakeFiles/CMakeTmp
    /Users/chungting/Downloads/Xcode.app/Contents/Developer/Toolchains/XcodeDefault.xctoolchain/usr/bin/clang -target armv7s-apple-ios8.0 -isysroot /Users/chungting/Downloads/Xcode.app/Contents/Developer/Platforms/iPhoneOS.platform/Developer/SDKs/iPhoneOS13.4.sdk -L/Users/chungting/MyOpenCV/Repo/opencv/platforms/ios/output/build/build-armv7s-iphoneos/CMakeFiles/CMakeTmp/Debug -F/Users/chungting/MyOpenCV/Repo/opencv/platforms/ios/output/build/build-armv7s-iphoneos/CMakeFiles/CMakeTmp/Debug -filelist /Users/chungting/MyOpenCV/Repo/opencv/platforms/ios/output/build/build-armv7s-iphoneos/CMakeFiles/CMakeTmp/CMAKE_TRY_COMPILE.build/Debug-iphoneos/cmTC_5ff40.build/Objects-normal/armv7s/cmTC_5ff40.LinkFileList -dead_strip -Xlinker -object_path_lto -Xlinker /Users/chungting/MyOpenCV/Repo/opencv/platforms/ios/output/build/build-armv7s-iphoneos/CMakeFiles/CMakeTmp/CMAKE_TRY_COMPILE.build/Debug-iphoneos/cmTC_5ff40.build/Objects-normal/armv7s/cmTC_5ff40_lto.o -Xlinker -no_deduplicate -fembed-bitcode-marker -Wl,-search_paths_first -Wl,-headerpad_max_install_names -Xlinker -dependency_info -Xlinker /Users/chungting/MyOpenCV/Repo/opencv/platforms/ios/output/build/build-armv7s-iphoneos/CMakeFiles/CMakeTmp/CMAKE_TRY_COMPILE.build/Debug-iphoneos/cmTC_5ff40.build/Objects-normal/armv7s/cmTC_5ff40_dependency_info.dat -o /Users/chungting/MyOpenCV/Repo/opencv/platforms/ios/output/build/build-armv7s-iphoneos/CMakeFiles/CMakeTmp/Debug/cmTC_5ff40.app/cmTC_5ff40
ld: warning: -headerpad_max_install_names is ignored when used with -bitcode_bundle (Xcode setting ENABLE_BITCODE=YES)

GenerateDSYMFile Debug/cmTC_5ff40.app.dSYM Debug/cmTC_5ff40.app/cmTC_5ff40
    cd /Users/chungting/MyOpenCV/Repo/opencv/platforms/ios/output/build/build-armv7s-iphoneos/CMakeFiles/CMakeTmp
    /Users/chungting/Downloads/Xcode.app/Contents/Developer/Toolchains/XcodeDefault.xctoolchain/usr/bin/dsymutil /Users/chungting/MyOpenCV/Repo/opencv/platforms/ios/output/build/build-armv7s-iphoneos/CMakeFiles/CMakeTmp/Debug/cmTC_5ff40.app/cmTC_5ff40 -o /Users/chungting/MyOpenCV/Repo/opencv/platforms/ios/output/build/build-armv7s-iphoneos/CMakeFiles/CMakeTmp/Debug/cmTC_5ff40.app.dSYM

Touch Debug/cmTC_5ff40.app
    cd /Users/chungting/MyOpenCV/Repo/opencv/platforms/ios/output/build/build-armv7s-iphoneos/CMakeFiles/CMakeTmp
    /usr/bin/touch -c /Users/chungting/MyOpenCV/Repo/opencv/platforms/ios/output/build/build-armv7s-iphoneos/CMakeFiles/CMakeTmp/Debug/cmTC_5ff40.app

Validate Debug/cmTC_5ff40.app
    cd /Users/chungting/MyOpenCV/Repo/opencv/platforms/ios/output/build/build-armv7s-iphoneos/CMakeFiles/CMakeTmp
    builtin-validationUtility /Users/chungting/MyOpenCV/Repo/opencv/platforms/ios/output/build/build-armv7s-iphoneos/CMakeFiles/CMakeTmp/Debug/cmTC_5ff40.app

** BUILD SUCCEEDED **



===== END =====

Build output check failed:
    Regex: 'unknown .*option'
    Output line: 'warning: unknown warning option '-Wno-suggest-override', did you mean '-Wno-shift-overflow'? [-Wunknown-warning-option]'
Compilation failed:
    source file: '/Users/chungting/MyOpenCV/Repo/opencv/platforms/ios/output/build/build-armv7s-iphoneos/CMakeFiles/CMakeTmp/src.cxx'
    check option: ' -Wno-suggest-override'
===== BUILD LOG =====
Change Dir: /Users/chungting/MyOpenCV/Repo/opencv/platforms/ios/output/build/build-armv7s-iphoneos/CMakeFiles/CMakeTmp

Run Build Command(s):/Users/chungting/MyOpenCV/Repo/opencv/platforms/ios/output/build/build-armv7s-iphoneos/xcodebuild_wrapper -project CMAKE_TRY_COMPILE.xcodeproj build -target cmTC_f527d -configuration Release -hideShellScriptEnvironment && Command line invocation:
    /Users/chungting/Downloads/Xcode.app/Contents/Developer/usr/bin/xcodebuild IPHONEOS_DEPLOYMENT_TARGET=8.0 CODE_SIGN_IDENTITY= CODE_SIGNING_REQUIRED=NO ARCHS=armv7s -sdk iphoneos -project CMAKE_TRY_COMPILE.xcodeproj build -target cmTC_f527d -configuration Debug -hideShellScriptEnvironment

User defaults from command line:
    HideShellScriptEnvironment = YES

Build settings from command line:
    ARCHS = armv7s
    CODE_SIGN_IDENTITY = 
    CODE_SIGNING_REQUIRED = NO
    IPHONEOS_DEPLOYMENT_TARGET = 8.0
    SDKROOT = iphoneos13.4

Prepare build
note: Using legacy build system
=== BUILD TARGET cmTC_f527d OF PROJECT CMAKE_TRY_COMPILE WITH CONFIGURATION Debug ===

Check dependencies

Write auxiliary files
/bin/mkdir -p /Users/chungting/MyOpenCV/Repo/opencv/platforms/ios/output/build/build-armv7s-iphoneos/CMakeFiles/CMakeTmp/CMAKE_TRY_COMPILE.build/Debug-iphoneos/cmTC_f527d.build/Objects-normal/armv7s
write-file /Users/chungting/MyOpenCV/Repo/opencv/platforms/ios/output/build/build-armv7s-iphoneos/CMakeFiles/CMakeTmp/CMAKE_TRY_COMPILE.build/Debug-iphoneos/cmTC_f527d.build/Objects-normal/armv7s/cmTC_f527d.LinkFileList

Create product structure
/bin/mkdir -p /Users/chungting/MyOpenCV/Repo/opencv/platforms/ios/output/build/build-armv7s-iphoneos/CMakeFiles/CMakeTmp/Debug/cmTC_f527d.app

ProcessInfoPlistFile Debug/cmTC_f527d.app/Info.plist CMakeFiles/cmTC_f527d.dir/Info.plist
    cd /Users/chungting/MyOpenCV/Repo/opencv/platforms/ios/output/build/build-armv7s-iphoneos/CMakeFiles/CMakeTmp
    builtin-infoPlistUtility /Users/chungting/MyOpenCV/Repo/opencv/platforms/ios/output/build/build-armv7s-iphoneos/CMakeFiles/CMakeTmp/CMakeFiles/cmTC_f527d.dir/Info.plist -genpkginfo /Users/chungting/MyOpenCV/Repo/opencv/platforms/ios/output/build/build-armv7s-iphoneos/CMakeFiles/CMakeTmp/Debug/cmTC_f527d.app/PkgInfo -expandbuildsettings -format binary -platform iphoneos -o /Users/chungting/MyOpenCV/Repo/opencv/platforms/ios/output/build/build-armv7s-iphoneos/CMakeFiles/CMakeTmp/Debug/cmTC_f527d.app/Info.plist

CompileC CMAKE_TRY_COMPILE.build/Debug-iphoneos/cmTC_f527d.build/Objects-normal/armv7s/src.o src.cxx normal armv7s c++ com.apple.compilers.llvm.clang.1_0.compiler
    cd /Users/chungting/MyOpenCV/Repo/opencv/platforms/ios/output/build/build-armv7s-iphoneos/CMakeFiles/CMakeTmp
    /Users/chungting/Downloads/Xcode.app/Contents/Developer/Toolchains/XcodeDefault.xctoolchain/usr/bin/clang -x c++ -target armv7s-apple-ios8.0 -fmessage-length=0 -fdiagnostics-show-note-include-stack -fmacro-backtrace-limit=0 -Wno-trigraphs -fpascal-strings -O0 -Wno-missing-field-initializers -Wno-missing-prototypes -Wno-return-type -Wno-non-virtual-dtor -Wno-overloaded-virtual -Wno-exit-time-destructors -Wno-missing-braces -Wparentheses -Wswitch -Wno-unused-function -Wno-unused-label -Wno-unused-parameter -Wno-unused-variable -Wunused-value -Wno-empty-body -Wno-uninitialized -Wno-unknown-pragmas -Wno-shadow -Wno-four-char-constants -Wno-conversion -Wno-constant-conversion -Wno-int-conversion -Wno-bool-conversion -Wno-enum-conversion -Wno-float-conversion -Wno-non-literal-null-conversion -Wno-objc-literal-conversion -Wno-shorten-64-to-32 -Wno-newline-eof -Wno-c++11-extensions -DCMAKE_INTDIR=\"Debug-iphoneos\" -isysroot /Users/chungting/Downloads/Xcode.app/Contents/Developer/Platforms/iPhoneOS.platform/Developer/SDKs/iPhoneOS13.4.sdk -fstrict-aliasing -Wdeprecated-declarations -Winvalid-offsetof -g -Wno-sign-conversion -Wno-infinite-recursion -Wno-move -Wno-comma -Wno-block-capture-autoreleasing -Wno-strict-prototypes -Wno-range-loop-analysis -Wno-semicolon-before-method-body -fembed-bitcode-marker -I/Users/chungting/MyOpenCV/Repo/opencv/platforms/ios/output/build/build-armv7s-iphoneos/CMakeFiles/CMakeTmp/Debug/include -I/Users/chungting/MyOpenCV/Repo/opencv/platforms/ios/output/build/build-armv7s-iphoneos/CMakeFiles/CMakeTmp/CMAKE_TRY_COMPILE.build/Debug-iphoneos/cmTC_f527d.build/DerivedSources-normal/armv7s -I/Users/chungting/MyOpenCV/Repo/opencv/platforms/ios/output/build/build-armv7s-iphoneos/CMakeFiles/CMakeTmp/CMAKE_TRY_COMPILE.build/Debug-iphoneos/cmTC_f527d.build/DerivedSources/armv7s -I/Users/chungting/MyOpenCV/Repo/opencv/platforms/ios/output/build/build-armv7s-iphoneos/CMakeFiles/CMakeTmp/CMAKE_TRY_COMPILE.build/Debug-iphoneos/cmTC_f527d.build/DerivedSources -F/Users/chungting/MyOpenCV/Repo/opencv/platforms/ios/output/build/build-armv7s-iphoneos/CMakeFiles/CMakeTmp/Debug -fembed-bitcode -fsigned-char -W -Wall -Werror=return-type -Werror=non-virtual-dtor -Werror=address -Werror=sequence-point -Wformat -Werror=format-security -Wstrict-prototypes -Winit-self -Wpointer-arith -Wuninitialized -Winit-self -Wno-delete-non-virtual-dtor -Wno-unnamed-type-template-args -Wno-comment -fdiagnostics-show-option -Qunused-arguments -Wno-semicolon-before-method-body -fvisibility=hidden -fvisibility-inlines-hidden -Wno-deprecated -Wno-missing-prototypes -Wno-missing-declarations -Wno-shadow -Wno-unused-parameter -Wno-unused-local-typedefs -Wno-sign-compare -Wno-sign-promo -Wno-undef -Wno-tautological-undefined-compare -Wno-ignored-qualifiers -Wno-extra -Wno-unused-function -Wno-unused-const-variable -Wno-shorten-64-to-32 -Wno-invalid-offsetof -Wno-enum-compare-switch -fPIE -std=c++11 -Wno-suggest-override -MMD -MT dependencies -MF /Users/chungting/MyOpenCV/Repo/opencv/platforms/ios/output/build/build-armv7s-iphoneos/CMakeFiles/CMakeTmp/CMAKE_TRY_COMPILE.build/Debug-iphoneos/cmTC_f527d.build/Objects-normal/armv7s/src.d --serialize-diagnostics /Users/chungting/MyOpenCV/Repo/opencv/platforms/ios/output/build/build-armv7s-iphoneos/CMakeFiles/CMakeTmp/CMAKE_TRY_COMPILE.build/Debug-iphoneos/cmTC_f527d.build/Objects-normal/armv7s/src.dia -c /Users/chungting/MyOpenCV/Repo/opencv/platforms/ios/output/build/build-armv7s-iphoneos/CMakeFiles/CMakeTmp/src.cxx -o /Users/chungting/MyOpenCV/Repo/opencv/platforms/ios/output/build/build-armv7s-iphoneos/CMakeFiles/CMakeTmp/CMAKE_TRY_COMPILE.build/Debug-iphoneos/cmTC_f527d.build/Objects-normal/armv7s/src.o
warning: unknown warning option '-Wno-suggest-override'; did you mean '-Wno-shift-overflow'? [-Wunknown-warning-option]
/Users/chungting/MyOpenCV/Repo/opencv/platforms/ios/output/build/build-armv7s-iphoneos/CMakeFiles/CMakeTmp/src.cxx:1:8: warning: unknown pragma ignored [-Wunknown-pragmas]
#pragma
       ^
2 warnings generated.

Ld Debug/cmTC_f527d.app/cmTC_f527d normal armv7s
    cd /Users/chungting/MyOpenCV/Repo/opencv/platforms/ios/output/build/build-armv7s-iphoneos/CMakeFiles/CMakeTmp
    /Users/chungting/Downloads/Xcode.app/Contents/Developer/Toolchains/XcodeDefault.xctoolchain/usr/bin/clang++ -target armv7s-apple-ios8.0 -isysroot /Users/chungting/Downloads/Xcode.app/Contents/Developer/Platforms/iPhoneOS.platform/Developer/SDKs/iPhoneOS13.4.sdk -L/Users/chungting/MyOpenCV/Repo/opencv/platforms/ios/output/build/build-armv7s-iphoneos/CMakeFiles/CMakeTmp/Debug -F/Users/chungting/MyOpenCV/Repo/opencv/platforms/ios/output/build/build-armv7s-iphoneos/CMakeFiles/CMakeTmp/Debug -filelist /Users/chungting/MyOpenCV/Repo/opencv/platforms/ios/output/build/build-armv7s-iphoneos/CMakeFiles/CMakeTmp/CMAKE_TRY_COMPILE.build/Debug-iphoneos/cmTC_f527d.build/Objects-normal/armv7s/cmTC_f527d.LinkFileList -dead_strip -Xlinker -object_path_lto -Xlinker /Users/chungting/MyOpenCV/Repo/opencv/platforms/ios/output/build/build-armv7s-iphoneos/CMakeFiles/CMakeTmp/CMAKE_TRY_COMPILE.build/Debug-iphoneos/cmTC_f527d.build/Objects-normal/armv7s/cmTC_f527d_lto.o -Xlinker -no_deduplicate -fembed-bitcode-marker -Wl,-search_paths_first -Wl,-headerpad_max_install_names -Xlinker -dependency_info -Xlinker /Users/chungting/MyOpenCV/Repo/opencv/platforms/ios/output/build/build-armv7s-iphoneos/CMakeFiles/CMakeTmp/CMAKE_TRY_COMPILE.build/Debug-iphoneos/cmTC_f527d.build/Objects-normal/armv7s/cmTC_f527d_dependency_info.dat -o /Users/chungting/MyOpenCV/Repo/opencv/platforms/ios/output/build/build-armv7s-iphoneos/CMakeFiles/CMakeTmp/Debug/cmTC_f527d.app/cmTC_f527d
ld: warning: -headerpad_max_install_names is ignored when used with -bitcode_bundle (Xcode setting ENABLE_BITCODE=YES)

GenerateDSYMFile Debug/cmTC_f527d.app.dSYM Debug/cmTC_f527d.app/cmTC_f527d
    cd /Users/chungting/MyOpenCV/Repo/opencv/platforms/ios/output/build/build-armv7s-iphoneos/CMakeFiles/CMakeTmp
    /Users/chungting/Downloads/Xcode.app/Contents/Developer/Toolchains/XcodeDefault.xctoolchain/usr/bin/dsymutil /Users/chungting/MyOpenCV/Repo/opencv/platforms/ios/output/build/build-armv7s-iphoneos/CMakeFiles/CMakeTmp/Debug/cmTC_f527d.app/cmTC_f527d -o /Users/chungting/MyOpenCV/Repo/opencv/platforms/ios/output/build/build-armv7s-iphoneos/CMakeFiles/CMakeTmp/Debug/cmTC_f527d.app.dSYM

Touch Debug/cmTC_f527d.app
    cd /Users/chungting/MyOpenCV/Repo/opencv/platforms/ios/output/build/build-armv7s-iphoneos/CMakeFiles/CMakeTmp
    /usr/bin/touch -c /Users/chungting/MyOpenCV/Repo/opencv/platforms/ios/output/build/build-armv7s-iphoneos/CMakeFiles/CMakeTmp/Debug/cmTC_f527d.app

Validate Debug/cmTC_f527d.app
    cd /Users/chungting/MyOpenCV/Repo/opencv/platforms/ios/output/build/build-armv7s-iphoneos/CMakeFiles/CMakeTmp
    builtin-validationUtility /Users/chungting/MyOpenCV/Repo/opencv/platforms/ios/output/build/build-armv7s-iphoneos/CMakeFiles/CMakeTmp/Debug/cmTC_f527d.app

** BUILD SUCCEEDED **



===== END =====

