Build output check failed:
    Regex: 'unknown .*option'
    Output line: 'warning: unknown warning option '-Wno-deprecated-enum-enum-conversion', did you mean '-Wno-bitfield-enum-conversion'? [-Wunknown-warning-option]'
Compilation failed:
    source file: '/Users/chungting/MyOpenCV/Repo/opencv/platforms/ios/output/build/build-arm64-iphoneos/CMakeFiles/CMakeTmp/src.cxx'
    check option: ' -fsigned-char -W -Wall -Werror=return-type -Werror=non-virtual-dtor -Werror=address -Werror=sequence-point -Wformat -Werror=format-security -Wmissing-declarations -Wmissing-prototypes -Wstrict-prototypes -Wundef -Winit-self -Wpointer-arith -Wshadow -Wsign-promo -Wuninitialized -Winit-self -Wno-delete-non-virtual-dtor -Wno-unnamed-type-template-args -Wno-comment  -Wno-deprecated-enum-enum-conversion'
===== BUILD LOG =====
Change Dir: /Users/chungting/MyOpenCV/Repo/opencv/platforms/ios/output/build/build-arm64-iphoneos/CMakeFiles/CMakeTmp

Run Build Command(s):/Users/chungting/MyOpenCV/Repo/opencv/platforms/ios/output/build/build-arm64-iphoneos/xcodebuild_wrapper -project CMAKE_TRY_COMPILE.xcodeproj build -target cmTC_fa906 -configuration Release -hideShellScriptEnvironment && Command line invocation:
    /Users/chungting/Downloads/Xcode.app/Contents/Developer/usr/bin/xcodebuild IPHONEOS_DEPLOYMENT_TARGET=8.0 CODE_SIGN_IDENTITY= CODE_SIGNING_REQUIRED=NO ARCHS=arm64 -sdk iphoneos -project CMAKE_TRY_COMPILE.xcodeproj build -target cmTC_fa906 -configuration Debug -hideShellScriptEnvironment

User defaults from command line:
    HideShellScriptEnvironment = YES

Build settings from command line:
    ARCHS = arm64
    CODE_SIGN_IDENTITY = 
    CODE_SIGNING_REQUIRED = NO
    IPHONEOS_DEPLOYMENT_TARGET = 8.0
    SDKROOT = iphoneos13.4

Prepare build
note: Using legacy build system
=== BUILD TARGET cmTC_fa906 OF PROJECT CMAKE_TRY_COMPILE WITH CONFIGURATION Debug ===

Check dependencies

Write auxiliary files
/bin/mkdir -p /Users/chungting/MyOpenCV/Repo/opencv/platforms/ios/output/build/build-arm64-iphoneos/CMakeFiles/CMakeTmp/CMAKE_TRY_COMPILE.build/Debug-iphoneos/cmTC_fa906.build/Objects-normal/arm64
write-file /Users/chungting/MyOpenCV/Repo/opencv/platforms/ios/output/build/build-arm64-iphoneos/CMakeFiles/CMakeTmp/CMAKE_TRY_COMPILE.build/Debug-iphoneos/cmTC_fa906.build/Objects-normal/arm64/cmTC_fa906.LinkFileList

Create product structure
/bin/mkdir -p /Users/chungting/MyOpenCV/Repo/opencv/platforms/ios/output/build/build-arm64-iphoneos/CMakeFiles/CMakeTmp/Debug/cmTC_fa906.app

ProcessInfoPlistFile Debug/cmTC_fa906.app/Info.plist CMakeFiles/cmTC_fa906.dir/Info.plist
    cd /Users/chungting/MyOpenCV/Repo/opencv/platforms/ios/output/build/build-arm64-iphoneos/CMakeFiles/CMakeTmp
    builtin-infoPlistUtility /Users/chungting/MyOpenCV/Repo/opencv/platforms/ios/output/build/build-arm64-iphoneos/CMakeFiles/CMakeTmp/CMakeFiles/cmTC_fa906.dir/Info.plist -genpkginfo /Users/chungting/MyOpenCV/Repo/opencv/platforms/ios/output/build/build-arm64-iphoneos/CMakeFiles/CMakeTmp/Debug/cmTC_fa906.app/PkgInfo -expandbuildsettings -format binary -platform iphoneos -requiredArchitecture arm64 -o /Users/chungting/MyOpenCV/Repo/opencv/platforms/ios/output/build/build-arm64-iphoneos/CMakeFiles/CMakeTmp/Debug/cmTC_fa906.app/Info.plist

CompileC CMAKE_TRY_COMPILE.build/Debug-iphoneos/cmTC_fa906.build/Objects-normal/arm64/src.o src.cxx normal arm64 c++ com.apple.compilers.llvm.clang.1_0.compiler
    cd /Users/chungting/MyOpenCV/Repo/opencv/platforms/ios/output/build/build-arm64-iphoneos/CMakeFiles/CMakeTmp
    /Users/chungting/Downloads/Xcode.app/Contents/Developer/Toolchains/XcodeDefault.xctoolchain/usr/bin/clang -x c++ -target arm64-apple-ios8.0 -fmessage-length=0 -fdiagnostics-show-note-include-stack -fmacro-backtrace-limit=0 -Wno-trigraphs -fpascal-strings -O0 -Wno-missing-field-initializers -Wno-missing-prototypes -Wno-return-type -Wno-non-virtual-dtor -Wno-overloaded-virtual -Wno-exit-time-destructors -Wno-missing-braces -Wparentheses -Wswitch -Wno-unused-function -Wno-unused-label -Wno-unused-parameter -Wno-unused-variable -Wunused-value -Wno-empty-body -Wno-uninitialized -Wno-unknown-pragmas -Wno-shadow -Wno-four-char-constants -Wno-conversion -Wno-constant-conversion -Wno-int-conversion -Wno-bool-conversion -Wno-enum-conversion -Wno-float-conversion -Wno-non-literal-null-conversion -Wno-objc-literal-conversion -Wshorten-64-to-32 -Wno-newline-eof -Wno-c++11-extensions -DCMAKE_INTDIR=\"Debug-iphoneos\" -isysroot /Users/chungting/Downloads/Xcode.app/Contents/Developer/Platforms/iPhoneOS.platform/Developer/SDKs/iPhoneOS13.4.sdk -fstrict-aliasing -Wdeprecated-declarations -Winvalid-offsetof -g -Wno-sign-conversion -Wno-infinite-recursion -Wno-move -Wno-comma -Wno-block-capture-autoreleasing -Wno-strict-prototypes -Wno-range-loop-analysis -Wno-semicolon-before-method-body -fembed-bitcode-marker -I/Users/chungting/MyOpenCV/Repo/opencv/platforms/ios/output/build/build-arm64-iphoneos/CMakeFiles/CMakeTmp/Debug/include -I/Users/chungting/MyOpenCV/Repo/opencv/platforms/ios/output/build/build-arm64-iphoneos/CMakeFiles/CMakeTmp/CMAKE_TRY_COMPILE.build/Debug-iphoneos/cmTC_fa906.build/DerivedSources-normal/arm64 -I/Users/chungting/MyOpenCV/Repo/opencv/platforms/ios/output/build/build-arm64-iphoneos/CMakeFiles/CMakeTmp/CMAKE_TRY_COMPILE.build/Debug-iphoneos/cmTC_fa906.build/DerivedSources/arm64 -I/Users/chungting/MyOpenCV/Repo/opencv/platforms/ios/output/build/build-arm64-iphoneos/CMakeFiles/CMakeTmp/CMAKE_TRY_COMPILE.build/Debug-iphoneos/cmTC_fa906.build/DerivedSources -F/Users/chungting/MyOpenCV/Repo/opencv/platforms/ios/output/build/build-arm64-iphoneos/CMakeFiles/CMakeTmp/Debug -fembed-bitcode -fPIE -std=c++11 -fsigned-char -W -Wall -Werror=return-type -Werror=non-virtual-dtor -Werror=address -Werror=sequence-point -Wformat -Werror=format-security -Wmissing-declarations -Wmissing-prototypes -Wstrict-prototypes -Wundef -Winit-self -Wpointer-arith -Wshadow -Wsign-promo -Wuninitialized -Winit-self -Wno-delete-non-virtual-dtor -Wno-unnamed-type-template-args -Wno-comment -Wno-deprecated-enum-enum-conversion -MMD -MT dependencies -MF /Users/chungting/MyOpenCV/Repo/opencv/platforms/ios/output/build/build-arm64-iphoneos/CMakeFiles/CMakeTmp/CMAKE_TRY_COMPILE.build/Debug-iphoneos/cmTC_fa906.build/Objects-normal/arm64/src.d --serialize-diagnostics /Users/chungting/MyOpenCV/Repo/opencv/platforms/ios/output/build/build-arm64-iphoneos/CMakeFiles/CMakeTmp/CMAKE_TRY_COMPILE.build/Debug-iphoneos/cmTC_fa906.build/Objects-normal/arm64/src.dia -c /Users/chungting/MyOpenCV/Repo/opencv/platforms/ios/output/build/build-arm64-iphoneos/CMakeFiles/CMakeTmp/src.cxx -o /Users/chungting/MyOpenCV/Repo/opencv/platforms/ios/output/build/build-arm64-iphoneos/CMakeFiles/CMakeTmp/CMAKE_TRY_COMPILE.build/Debug-iphoneos/cmTC_fa906.build/Objects-normal/arm64/src.o
warning: unknown warning option '-Wno-deprecated-enum-enum-conversion'; did you mean '-Wno-bitfield-enum-conversion'? [-Wunknown-warning-option]
/Users/chungting/MyOpenCV/Repo/opencv/platforms/ios/output/build/build-arm64-iphoneos/CMakeFiles/CMakeTmp/src.cxx:1:8: warning: unknown pragma ignored [-Wunknown-pragmas]
#pragma
       ^
2 warnings generated.

Ld Debug/cmTC_fa906.app/cmTC_fa906 normal arm64
    cd /Users/chungting/MyOpenCV/Repo/opencv/platforms/ios/output/build/build-arm64-iphoneos/CMakeFiles/CMakeTmp
    /Users/chungting/Downloads/Xcode.app/Contents/Developer/Toolchains/XcodeDefault.xctoolchain/usr/bin/clang++ -target arm64-apple-ios8.0 -isysroot /Users/chungting/Downloads/Xcode.app/Contents/Developer/Platforms/iPhoneOS.platform/Developer/SDKs/iPhoneOS13.4.sdk -L/Users/chungting/MyOpenCV/Repo/opencv/platforms/ios/output/build/build-arm64-iphoneos/CMakeFiles/CMakeTmp/Debug -F/Users/chungting/MyOpenCV/Repo/opencv/platforms/ios/output/build/build-arm64-iphoneos/CMakeFiles/CMakeTmp/Debug -filelist /Users/chungting/MyOpenCV/Repo/opencv/platforms/ios/output/build/build-arm64-iphoneos/CMakeFiles/CMakeTmp/CMAKE_TRY_COMPILE.build/Debug-iphoneos/cmTC_fa906.build/Objects-normal/arm64/cmTC_fa906.LinkFileList -dead_strip -Xlinker -object_path_lto -Xlinker /Users/chungting/MyOpenCV/Repo/opencv/platforms/ios/output/build/build-arm64-iphoneos/CMakeFiles/CMakeTmp/CMAKE_TRY_COMPILE.build/Debug-iphoneos/cmTC_fa906.build/Objects-normal/arm64/cmTC_fa906_lto.o -Xlinker -no_deduplicate -fembed-bitcode-marker -Wl,-search_paths_first -Wl,-headerpad_max_install_names -Xlinker -dependency_info -Xlinker /Users/chungting/MyOpenCV/Repo/opencv/platforms/ios/output/build/build-arm64-iphoneos/CMakeFiles/CMakeTmp/CMAKE_TRY_COMPILE.build/Debug-iphoneos/cmTC_fa906.build/Objects-normal/arm64/cmTC_fa906_dependency_info.dat -o /Users/chungting/MyOpenCV/Repo/opencv/platforms/ios/output/build/build-arm64-iphoneos/CMakeFiles/CMakeTmp/Debug/cmTC_fa906.app/cmTC_fa906
ld: warning: -headerpad_max_install_names is ignored when used with -bitcode_bundle (Xcode setting ENABLE_BITCODE=YES)

GenerateDSYMFile Debug/cmTC_fa906.app.dSYM Debug/cmTC_fa906.app/cmTC_fa906
    cd /Users/chungting/MyOpenCV/Repo/opencv/platforms/ios/output/build/build-arm64-iphoneos/CMakeFiles/CMakeTmp
    /Users/chungting/Downloads/Xcode.app/Contents/Developer/Toolchains/XcodeDefault.xctoolchain/usr/bin/dsymutil /Users/chungting/MyOpenCV/Repo/opencv/platforms/ios/output/build/build-arm64-iphoneos/CMakeFiles/CMakeTmp/Debug/cmTC_fa906.app/cmTC_fa906 -o /Users/chungting/MyOpenCV/Repo/opencv/platforms/ios/output/build/build-arm64-iphoneos/CMakeFiles/CMakeTmp/Debug/cmTC_fa906.app.dSYM

Touch Debug/cmTC_fa906.app
    cd /Users/chungting/MyOpenCV/Repo/opencv/platforms/ios/output/build/build-arm64-iphoneos/CMakeFiles/CMakeTmp
    /usr/bin/touch -c /Users/chungting/MyOpenCV/Repo/opencv/platforms/ios/output/build/build-arm64-iphoneos/CMakeFiles/CMakeTmp/Debug/cmTC_fa906.app

Validate Debug/cmTC_fa906.app
    cd /Users/chungting/MyOpenCV/Repo/opencv/platforms/ios/output/build/build-arm64-iphoneos/CMakeFiles/CMakeTmp
    builtin-validationUtility /Users/chungting/MyOpenCV/Repo/opencv/platforms/ios/output/build/build-arm64-iphoneos/CMakeFiles/CMakeTmp/Debug/cmTC_fa906.app

** BUILD SUCCEEDED **



===== END =====

Build output check failed:
    Regex: 'unknown .*option'
    Output line: 'warning: unknown warning option '-Wno-deprecated-enum-enum-conversion', did you mean '-Wno-bitfield-enum-conversion'? [-Wunknown-warning-option]'
Compilation failed:
    source file: '/Users/chungting/MyOpenCV/Repo/opencv/platforms/ios/output/build/build-arm64-iphoneos/CMakeFiles/CMakeTmp/src.c'
    check option: ' -fsigned-char -W -Wall -Werror=return-type -Werror=non-virtual-dtor -Werror=address -Werror=sequence-point -Wformat -Werror=format-security -Wmissing-declarations -Wmissing-prototypes -Wstrict-prototypes -Wundef -Winit-self -Wpointer-arith -Wshadow -Wsign-promo -Wuninitialized -Winit-self -Wno-delete-non-virtual-dtor -Wno-unnamed-type-template-args -Wno-comment  -Wno-deprecated-enum-enum-conversion'
===== BUILD LOG =====
Change Dir: /Users/chungting/MyOpenCV/Repo/opencv/platforms/ios/output/build/build-arm64-iphoneos/CMakeFiles/CMakeTmp

Run Build Command(s):/Users/chungting/MyOpenCV/Repo/opencv/platforms/ios/output/build/build-arm64-iphoneos/xcodebuild_wrapper -project CMAKE_TRY_COMPILE.xcodeproj build -target cmTC_ccf54 -configuration Release -hideShellScriptEnvironment && Command line invocation:
    /Users/chungting/Downloads/Xcode.app/Contents/Developer/usr/bin/xcodebuild IPHONEOS_DEPLOYMENT_TARGET=8.0 CODE_SIGN_IDENTITY= CODE_SIGNING_REQUIRED=NO ARCHS=arm64 -sdk iphoneos -project CMAKE_TRY_COMPILE.xcodeproj build -target cmTC_ccf54 -configuration Debug -hideShellScriptEnvironment

User defaults from command line:
    HideShellScriptEnvironment = YES

Build settings from command line:
    ARCHS = arm64
    CODE_SIGN_IDENTITY = 
    CODE_SIGNING_REQUIRED = NO
    IPHONEOS_DEPLOYMENT_TARGET = 8.0
    SDKROOT = iphoneos13.4

Prepare build
note: Using legacy build system
=== BUILD TARGET cmTC_ccf54 OF PROJECT CMAKE_TRY_COMPILE WITH CONFIGURATION Debug ===

Check dependencies

Write auxiliary files
/bin/mkdir -p /Users/chungting/MyOpenCV/Repo/opencv/platforms/ios/output/build/build-arm64-iphoneos/CMakeFiles/CMakeTmp/CMAKE_TRY_COMPILE.build/Debug-iphoneos/cmTC_ccf54.build/Objects-normal/arm64
write-file /Users/chungting/MyOpenCV/Repo/opencv/platforms/ios/output/build/build-arm64-iphoneos/CMakeFiles/CMakeTmp/CMAKE_TRY_COMPILE.build/Debug-iphoneos/cmTC_ccf54.build/Objects-normal/arm64/cmTC_ccf54.LinkFileList

Create product structure
/bin/mkdir -p /Users/chungting/MyOpenCV/Repo/opencv/platforms/ios/output/build/build-arm64-iphoneos/CMakeFiles/CMakeTmp/Debug/cmTC_ccf54.app

ProcessInfoPlistFile Debug/cmTC_ccf54.app/Info.plist CMakeFiles/cmTC_ccf54.dir/Info.plist
    cd /Users/chungting/MyOpenCV/Repo/opencv/platforms/ios/output/build/build-arm64-iphoneos/CMakeFiles/CMakeTmp
    builtin-infoPlistUtility /Users/chungting/MyOpenCV/Repo/opencv/platforms/ios/output/build/build-arm64-iphoneos/CMakeFiles/CMakeTmp/CMakeFiles/cmTC_ccf54.dir/Info.plist -genpkginfo /Users/chungting/MyOpenCV/Repo/opencv/platforms/ios/output/build/build-arm64-iphoneos/CMakeFiles/CMakeTmp/Debug/cmTC_ccf54.app/PkgInfo -expandbuildsettings -format binary -platform iphoneos -requiredArchitecture arm64 -o /Users/chungting/MyOpenCV/Repo/opencv/platforms/ios/output/build/build-arm64-iphoneos/CMakeFiles/CMakeTmp/Debug/cmTC_ccf54.app/Info.plist

CompileC CMAKE_TRY_COMPILE.build/Debug-iphoneos/cmTC_ccf54.build/Objects-normal/arm64/src.o src.c normal arm64 c com.apple.compilers.llvm.clang.1_0.compiler
    cd /Users/chungting/MyOpenCV/Repo/opencv/platforms/ios/output/build/build-arm64-iphoneos/CMakeFiles/CMakeTmp
    /Users/chungting/Downloads/Xcode.app/Contents/Developer/Toolchains/XcodeDefault.xctoolchain/usr/bin/clang -x c -target arm64-apple-ios8.0 -fmessage-length=0 -fdiagnostics-show-note-include-stack -fmacro-backtrace-limit=0 -Wno-trigraphs -fpascal-strings -O0 -Wno-missing-field-initializers -Wno-missing-prototypes -Wno-return-type -Wno-missing-braces -Wparentheses -Wswitch -Wno-unused-function -Wno-unused-label -Wno-unused-parameter -Wno-unused-variable -Wunused-value -Wno-empty-body -Wno-uninitialized -Wno-unknown-pragmas -Wno-shadow -Wno-four-char-constants -Wno-conversion -Wno-constant-conversion -Wno-int-conversion -Wno-bool-conversion -Wno-enum-conversion -Wno-float-conversion -Wno-non-literal-null-conversion -Wno-objc-literal-conversion -Wshorten-64-to-32 -Wpointer-sign -Wno-newline-eof -DCMAKE_INTDIR=\"Debug-iphoneos\" -isysroot /Users/chungting/Downloads/Xcode.app/Contents/Developer/Platforms/iPhoneOS.platform/Developer/SDKs/iPhoneOS13.4.sdk -fstrict-aliasing -Wdeprecated-declarations -g -Wno-sign-conversion -Wno-infinite-recursion -Wno-comma -Wno-block-capture-autoreleasing -Wno-strict-prototypes -Wno-semicolon-before-method-body -fembed-bitcode-marker -I/Users/chungting/MyOpenCV/Repo/opencv/platforms/ios/output/build/build-arm64-iphoneos/CMakeFiles/CMakeTmp/Debug/include -I/Users/chungting/MyOpenCV/Repo/opencv/platforms/ios/output/build/build-arm64-iphoneos/CMakeFiles/CMakeTmp/CMAKE_TRY_COMPILE.build/Debug-iphoneos/cmTC_ccf54.build/DerivedSources-normal/arm64 -I/Users/chungting/MyOpenCV/Repo/opencv/platforms/ios/output/build/build-arm64-iphoneos/CMakeFiles/CMakeTmp/CMAKE_TRY_COMPILE.build/Debug-iphoneos/cmTC_ccf54.build/DerivedSources/arm64 -I/Users/chungting/MyOpenCV/Repo/opencv/platforms/ios/output/build/build-arm64-iphoneos/CMakeFiles/CMakeTmp/CMAKE_TRY_COMPILE.build/Debug-iphoneos/cmTC_ccf54.build/DerivedSources -F/Users/chungting/MyOpenCV/Repo/opencv/platforms/ios/output/build/build-arm64-iphoneos/CMakeFiles/CMakeTmp/Debug -fembed-bitcode -fPIE -fsigned-char -W -Wall -Werror=return-type -Werror=non-virtual-dtor -Werror=address -Werror=sequence-point -Wformat -Werror=format-security -Wmissing-declarations -Wmissing-prototypes -Wstrict-prototypes -Wundef -Winit-self -Wpointer-arith -Wshadow -Wsign-promo -Wuninitialized -Winit-self -Wno-delete-non-virtual-dtor -Wno-unnamed-type-template-args -Wno-comment -Wno-deprecated-enum-enum-conversion -MMD -MT dependencies -MF /Users/chungting/MyOpenCV/Repo/opencv/platforms/ios/output/build/build-arm64-iphoneos/CMakeFiles/CMakeTmp/CMAKE_TRY_COMPILE.build/Debug-iphoneos/cmTC_ccf54.build/Objects-normal/arm64/src.d --serialize-diagnostics /Users/chungting/MyOpenCV/Repo/opencv/platforms/ios/output/build/build-arm64-iphoneos/CMakeFiles/CMakeTmp/CMAKE_TRY_COMPILE.build/Debug-iphoneos/cmTC_ccf54.build/Objects-normal/arm64/src.dia -c /Users/chungting/MyOpenCV/Repo/opencv/platforms/ios/output/build/build-arm64-iphoneos/CMakeFiles/CMakeTmp/src.c -o /Users/chungting/MyOpenCV/Repo/opencv/platforms/ios/output/build/build-arm64-iphoneos/CMakeFiles/CMakeTmp/CMAKE_TRY_COMPILE.build/Debug-iphoneos/cmTC_ccf54.build/Objects-normal/arm64/src.o
warning: unknown warning option '-Wno-deprecated-enum-enum-conversion'; did you mean '-Wno-bitfield-enum-conversion'? [-Wunknown-warning-option]
/Users/chungting/MyOpenCV/Repo/opencv/platforms/ios/output/build/build-arm64-iphoneos/CMakeFiles/CMakeTmp/src.c:1:8: warning: unknown pragma ignored [-Wunknown-pragmas]
#pragma
       ^
2 warnings generated.

Ld Debug/cmTC_ccf54.app/cmTC_ccf54 normal arm64
    cd /Users/chungting/MyOpenCV/Repo/opencv/platforms/ios/output/build/build-arm64-iphoneos/CMakeFiles/CMakeTmp
    /Users/chungting/Downloads/Xcode.app/Contents/Developer/Toolchains/XcodeDefault.xctoolchain/usr/bin/clang -target arm64-apple-ios8.0 -isysroot /Users/chungting/Downloads/Xcode.app/Contents/Developer/Platforms/iPhoneOS.platform/Developer/SDKs/iPhoneOS13.4.sdk -L/Users/chungting/MyOpenCV/Repo/opencv/platforms/ios/output/build/build-arm64-iphoneos/CMakeFiles/CMakeTmp/Debug -F/Users/chungting/MyOpenCV/Repo/opencv/platforms/ios/output/build/build-arm64-iphoneos/CMakeFiles/CMakeTmp/Debug -filelist /Users/chungting/MyOpenCV/Repo/opencv/platforms/ios/output/build/build-arm64-iphoneos/CMakeFiles/CMakeTmp/CMAKE_TRY_COMPILE.build/Debug-iphoneos/cmTC_ccf54.build/Objects-normal/arm64/cmTC_ccf54.LinkFileList -dead_strip -Xlinker -object_path_lto -Xlinker /Users/chungting/MyOpenCV/Repo/opencv/platforms/ios/output/build/build-arm64-iphoneos/CMakeFiles/CMakeTmp/CMAKE_TRY_COMPILE.build/Debug-iphoneos/cmTC_ccf54.build/Objects-normal/arm64/cmTC_ccf54_lto.o -Xlinker -no_deduplicate -fembed-bitcode-marker -Wl,-search_paths_first -Wl,-headerpad_max_install_names -Xlinker -dependency_info -Xlinker /Users/chungting/MyOpenCV/Repo/opencv/platforms/ios/output/build/build-arm64-iphoneos/CMakeFiles/CMakeTmp/CMAKE_TRY_COMPILE.build/Debug-iphoneos/cmTC_ccf54.build/Objects-normal/arm64/cmTC_ccf54_dependency_info.dat -o /Users/chungting/MyOpenCV/Repo/opencv/platforms/ios/output/build/build-arm64-iphoneos/CMakeFiles/CMakeTmp/Debug/cmTC_ccf54.app/cmTC_ccf54
ld: warning: -headerpad_max_install_names is ignored when used with -bitcode_bundle (Xcode setting ENABLE_BITCODE=YES)

GenerateDSYMFile Debug/cmTC_ccf54.app.dSYM Debug/cmTC_ccf54.app/cmTC_ccf54
    cd /Users/chungting/MyOpenCV/Repo/opencv/platforms/ios/output/build/build-arm64-iphoneos/CMakeFiles/CMakeTmp
    /Users/chungting/Downloads/Xcode.app/Contents/Developer/Toolchains/XcodeDefault.xctoolchain/usr/bin/dsymutil /Users/chungting/MyOpenCV/Repo/opencv/platforms/ios/output/build/build-arm64-iphoneos/CMakeFiles/CMakeTmp/Debug/cmTC_ccf54.app/cmTC_ccf54 -o /Users/chungting/MyOpenCV/Repo/opencv/platforms/ios/output/build/build-arm64-iphoneos/CMakeFiles/CMakeTmp/Debug/cmTC_ccf54.app.dSYM

Touch Debug/cmTC_ccf54.app
    cd /Users/chungting/MyOpenCV/Repo/opencv/platforms/ios/output/build/build-arm64-iphoneos/CMakeFiles/CMakeTmp
    /usr/bin/touch -c /Users/chungting/MyOpenCV/Repo/opencv/platforms/ios/output/build/build-arm64-iphoneos/CMakeFiles/CMakeTmp/Debug/cmTC_ccf54.app

Validate Debug/cmTC_ccf54.app
    cd /Users/chungting/MyOpenCV/Repo/opencv/platforms/ios/output/build/build-arm64-iphoneos/CMakeFiles/CMakeTmp
    builtin-validationUtility /Users/chungting/MyOpenCV/Repo/opencv/platforms/ios/output/build/build-arm64-iphoneos/CMakeFiles/CMakeTmp/Debug/cmTC_ccf54.app

** BUILD SUCCEEDED **



===== END =====

Build output check failed:
    Regex: 'unknown .*option'
    Output line: 'warning: unknown warning option '-Wno-deprecated-anon-enum-enum-conversion', did you mean '-Wno-deprecated-increment-bool'? [-Wunknown-warning-option]'
Compilation failed:
    source file: '/Users/chungting/MyOpenCV/Repo/opencv/platforms/ios/output/build/build-arm64-iphoneos/CMakeFiles/CMakeTmp/src.cxx'
    check option: ' -fsigned-char -W -Wall -Werror=return-type -Werror=non-virtual-dtor -Werror=address -Werror=sequence-point -Wformat -Werror=format-security -Wmissing-declarations -Wmissing-prototypes -Wstrict-prototypes -Wundef -Winit-self -Wpointer-arith -Wshadow -Wsign-promo -Wuninitialized -Winit-self -Wno-delete-non-virtual-dtor -Wno-unnamed-type-template-args -Wno-comment  -Wno-deprecated-anon-enum-enum-conversion'
===== BUILD LOG =====
Change Dir: /Users/chungting/MyOpenCV/Repo/opencv/platforms/ios/output/build/build-arm64-iphoneos/CMakeFiles/CMakeTmp

Run Build Command(s):/Users/chungting/MyOpenCV/Repo/opencv/platforms/ios/output/build/build-arm64-iphoneos/xcodebuild_wrapper -project CMAKE_TRY_COMPILE.xcodeproj build -target cmTC_7b45b -configuration Release -hideShellScriptEnvironment && Command line invocation:
    /Users/chungting/Downloads/Xcode.app/Contents/Developer/usr/bin/xcodebuild IPHONEOS_DEPLOYMENT_TARGET=8.0 CODE_SIGN_IDENTITY= CODE_SIGNING_REQUIRED=NO ARCHS=arm64 -sdk iphoneos -project CMAKE_TRY_COMPILE.xcodeproj build -target cmTC_7b45b -configuration Debug -hideShellScriptEnvironment

User defaults from command line:
    HideShellScriptEnvironment = YES

Build settings from command line:
    ARCHS = arm64
    CODE_SIGN_IDENTITY = 
    CODE_SIGNING_REQUIRED = NO
    IPHONEOS_DEPLOYMENT_TARGET = 8.0
    SDKROOT = iphoneos13.4

Prepare build
note: Using legacy build system
=== BUILD TARGET cmTC_7b45b OF PROJECT CMAKE_TRY_COMPILE WITH CONFIGURATION Debug ===

Check dependencies

Write auxiliary files
/bin/mkdir -p /Users/chungting/MyOpenCV/Repo/opencv/platforms/ios/output/build/build-arm64-iphoneos/CMakeFiles/CMakeTmp/CMAKE_TRY_COMPILE.build/Debug-iphoneos/cmTC_7b45b.build/Objects-normal/arm64
write-file /Users/chungting/MyOpenCV/Repo/opencv/platforms/ios/output/build/build-arm64-iphoneos/CMakeFiles/CMakeTmp/CMAKE_TRY_COMPILE.build/Debug-iphoneos/cmTC_7b45b.build/Objects-normal/arm64/cmTC_7b45b.LinkFileList

Create product structure
/bin/mkdir -p /Users/chungting/MyOpenCV/Repo/opencv/platforms/ios/output/build/build-arm64-iphoneos/CMakeFiles/CMakeTmp/Debug/cmTC_7b45b.app

ProcessInfoPlistFile Debug/cmTC_7b45b.app/Info.plist CMakeFiles/cmTC_7b45b.dir/Info.plist
    cd /Users/chungting/MyOpenCV/Repo/opencv/platforms/ios/output/build/build-arm64-iphoneos/CMakeFiles/CMakeTmp
    builtin-infoPlistUtility /Users/chungting/MyOpenCV/Repo/opencv/platforms/ios/output/build/build-arm64-iphoneos/CMakeFiles/CMakeTmp/CMakeFiles/cmTC_7b45b.dir/Info.plist -genpkginfo /Users/chungting/MyOpenCV/Repo/opencv/platforms/ios/output/build/build-arm64-iphoneos/CMakeFiles/CMakeTmp/Debug/cmTC_7b45b.app/PkgInfo -expandbuildsettings -format binary -platform iphoneos -requiredArchitecture arm64 -o /Users/chungting/MyOpenCV/Repo/opencv/platforms/ios/output/build/build-arm64-iphoneos/CMakeFiles/CMakeTmp/Debug/cmTC_7b45b.app/Info.plist

CompileC CMAKE_TRY_COMPILE.build/Debug-iphoneos/cmTC_7b45b.build/Objects-normal/arm64/src.o src.cxx normal arm64 c++ com.apple.compilers.llvm.clang.1_0.compiler
    cd /Users/chungting/MyOpenCV/Repo/opencv/platforms/ios/output/build/build-arm64-iphoneos/CMakeFiles/CMakeTmp
    /Users/chungting/Downloads/Xcode.app/Contents/Developer/Toolchains/XcodeDefault.xctoolchain/usr/bin/clang -x c++ -target arm64-apple-ios8.0 -fmessage-length=0 -fdiagnostics-show-note-include-stack -fmacro-backtrace-limit=0 -Wno-trigraphs -fpascal-strings -O0 -Wno-missing-field-initializers -Wno-missing-prototypes -Wno-return-type -Wno-non-virtual-dtor -Wno-overloaded-virtual -Wno-exit-time-destructors -Wno-missing-braces -Wparentheses -Wswitch -Wno-unused-function -Wno-unused-label -Wno-unused-parameter -Wno-unused-variable -Wunused-value -Wno-empty-body -Wno-uninitialized -Wno-unknown-pragmas -Wno-shadow -Wno-four-char-constants -Wno-conversion -Wno-constant-conversion -Wno-int-conversion -Wno-bool-conversion -Wno-enum-conversion -Wno-float-conversion -Wno-non-literal-null-conversion -Wno-objc-literal-conversion -Wshorten-64-to-32 -Wno-newline-eof -Wno-c++11-extensions -DCMAKE_INTDIR=\"Debug-iphoneos\" -isysroot /Users/chungting/Downloads/Xcode.app/Contents/Developer/Platforms/iPhoneOS.platform/Developer/SDKs/iPhoneOS13.4.sdk -fstrict-aliasing -Wdeprecated-declarations -Winvalid-offsetof -g -Wno-sign-conversion -Wno-infinite-recursion -Wno-move -Wno-comma -Wno-block-capture-autoreleasing -Wno-strict-prototypes -Wno-range-loop-analysis -Wno-semicolon-before-method-body -fembed-bitcode-marker -I/Users/chungting/MyOpenCV/Repo/opencv/platforms/ios/output/build/build-arm64-iphoneos/CMakeFiles/CMakeTmp/Debug/include -I/Users/chungting/MyOpenCV/Repo/opencv/platforms/ios/output/build/build-arm64-iphoneos/CMakeFiles/CMakeTmp/CMAKE_TRY_COMPILE.build/Debug-iphoneos/cmTC_7b45b.build/DerivedSources-normal/arm64 -I/Users/chungting/MyOpenCV/Repo/opencv/platforms/ios/output/build/build-arm64-iphoneos/CMakeFiles/CMakeTmp/CMAKE_TRY_COMPILE.build/Debug-iphoneos/cmTC_7b45b.build/DerivedSources/arm64 -I/Users/chungting/MyOpenCV/Repo/opencv/platforms/ios/output/build/build-arm64-iphoneos/CMakeFiles/CMakeTmp/CMAKE_TRY_COMPILE.build/Debug-iphoneos/cmTC_7b45b.build/DerivedSources -F/Users/chungting/MyOpenCV/Repo/opencv/platforms/ios/output/build/build-arm64-iphoneos/CMakeFiles/CMakeTmp/Debug -fembed-bitcode -fPIE -std=c++11 -fsigned-char -W -Wall -Werror=return-type -Werror=non-virtual-dtor -Werror=address -Werror=sequence-point -Wformat -Werror=format-security -Wmissing-declarations -Wmissing-prototypes -Wstrict-prototypes -Wundef -Winit-self -Wpointer-arith -Wshadow -Wsign-promo -Wuninitialized -Winit-self -Wno-delete-non-virtual-dtor -Wno-unnamed-type-template-args -Wno-comment -Wno-deprecated-anon-enum-enum-conversion -MMD -MT dependencies -MF /Users/chungting/MyOpenCV/Repo/opencv/platforms/ios/output/build/build-arm64-iphoneos/CMakeFiles/CMakeTmp/CMAKE_TRY_COMPILE.build/Debug-iphoneos/cmTC_7b45b.build/Objects-normal/arm64/src.d --serialize-diagnostics /Users/chungting/MyOpenCV/Repo/opencv/platforms/ios/output/build/build-arm64-iphoneos/CMakeFiles/CMakeTmp/CMAKE_TRY_COMPILE.build/Debug-iphoneos/cmTC_7b45b.build/Objects-normal/arm64/src.dia -c /Users/chungting/MyOpenCV/Repo/opencv/platforms/ios/output/build/build-arm64-iphoneos/CMakeFiles/CMakeTmp/src.cxx -o /Users/chungting/MyOpenCV/Repo/opencv/platforms/ios/output/build/build-arm64-iphoneos/CMakeFiles/CMakeTmp/CMAKE_TRY_COMPILE.build/Debug-iphoneos/cmTC_7b45b.build/Objects-normal/arm64/src.o
warning: unknown warning option '-Wno-deprecated-anon-enum-enum-conversion'; did you mean '-Wno-deprecated-increment-bool'? [-Wunknown-warning-option]
/Users/chungting/MyOpenCV/Repo/opencv/platforms/ios/output/build/build-arm64-iphoneos/CMakeFiles/CMakeTmp/src.cxx:1:8: warning: unknown pragma ignored [-Wunknown-pragmas]
#pragma
       ^
2 warnings generated.

Ld Debug/cmTC_7b45b.app/cmTC_7b45b normal arm64
    cd /Users/chungting/MyOpenCV/Repo/opencv/platforms/ios/output/build/build-arm64-iphoneos/CMakeFiles/CMakeTmp
    /Users/chungting/Downloads/Xcode.app/Contents/Developer/Toolchains/XcodeDefault.xctoolchain/usr/bin/clang++ -target arm64-apple-ios8.0 -isysroot /Users/chungting/Downloads/Xcode.app/Contents/Developer/Platforms/iPhoneOS.platform/Developer/SDKs/iPhoneOS13.4.sdk -L/Users/chungting/MyOpenCV/Repo/opencv/platforms/ios/output/build/build-arm64-iphoneos/CMakeFiles/CMakeTmp/Debug -F/Users/chungting/MyOpenCV/Repo/opencv/platforms/ios/output/build/build-arm64-iphoneos/CMakeFiles/CMakeTmp/Debug -filelist /Users/chungting/MyOpenCV/Repo/opencv/platforms/ios/output/build/build-arm64-iphoneos/CMakeFiles/CMakeTmp/CMAKE_TRY_COMPILE.build/Debug-iphoneos/cmTC_7b45b.build/Objects-normal/arm64/cmTC_7b45b.LinkFileList -dead_strip -Xlinker -object_path_lto -Xlinker /Users/chungting/MyOpenCV/Repo/opencv/platforms/ios/output/build/build-arm64-iphoneos/CMakeFiles/CMakeTmp/CMAKE_TRY_COMPILE.build/Debug-iphoneos/cmTC_7b45b.build/Objects-normal/arm64/cmTC_7b45b_lto.o -Xlinker -no_deduplicate -fembed-bitcode-marker -Wl,-search_paths_first -Wl,-headerpad_max_install_names -Xlinker -dependency_info -Xlinker /Users/chungting/MyOpenCV/Repo/opencv/platforms/ios/output/build/build-arm64-iphoneos/CMakeFiles/CMakeTmp/CMAKE_TRY_COMPILE.build/Debug-iphoneos/cmTC_7b45b.build/Objects-normal/arm64/cmTC_7b45b_dependency_info.dat -o /Users/chungting/MyOpenCV/Repo/opencv/platforms/ios/output/build/build-arm64-iphoneos/CMakeFiles/CMakeTmp/Debug/cmTC_7b45b.app/cmTC_7b45b
ld: warning: -headerpad_max_install_names is ignored when used with -bitcode_bundle (Xcode setting ENABLE_BITCODE=YES)

GenerateDSYMFile Debug/cmTC_7b45b.app.dSYM Debug/cmTC_7b45b.app/cmTC_7b45b
    cd /Users/chungting/MyOpenCV/Repo/opencv/platforms/ios/output/build/build-arm64-iphoneos/CMakeFiles/CMakeTmp
    /Users/chungting/Downloads/Xcode.app/Contents/Developer/Toolchains/XcodeDefault.xctoolchain/usr/bin/dsymutil /Users/chungting/MyOpenCV/Repo/opencv/platforms/ios/output/build/build-arm64-iphoneos/CMakeFiles/CMakeTmp/Debug/cmTC_7b45b.app/cmTC_7b45b -o /Users/chungting/MyOpenCV/Repo/opencv/platforms/ios/output/build/build-arm64-iphoneos/CMakeFiles/CMakeTmp/Debug/cmTC_7b45b.app.dSYM

Touch Debug/cmTC_7b45b.app
    cd /Users/chungting/MyOpenCV/Repo/opencv/platforms/ios/output/build/build-arm64-iphoneos/CMakeFiles/CMakeTmp
    /usr/bin/touch -c /Users/chungting/MyOpenCV/Repo/opencv/platforms/ios/output/build/build-arm64-iphoneos/CMakeFiles/CMakeTmp/Debug/cmTC_7b45b.app

Validate Debug/cmTC_7b45b.app
    cd /Users/chungting/MyOpenCV/Repo/opencv/platforms/ios/output/build/build-arm64-iphoneos/CMakeFiles/CMakeTmp
    builtin-validationUtility /Users/chungting/MyOpenCV/Repo/opencv/platforms/ios/output/build/build-arm64-iphoneos/CMakeFiles/CMakeTmp/Debug/cmTC_7b45b.app

** BUILD SUCCEEDED **



===== END =====

Build output check failed:
    Regex: 'unknown .*option'
    Output line: 'warning: unknown warning option '-Wno-deprecated-anon-enum-enum-conversion', did you mean '-Wno-deprecated-increment-bool'? [-Wunknown-warning-option]'
Compilation failed:
    source file: '/Users/chungting/MyOpenCV/Repo/opencv/platforms/ios/output/build/build-arm64-iphoneos/CMakeFiles/CMakeTmp/src.c'
    check option: ' -fsigned-char -W -Wall -Werror=return-type -Werror=non-virtual-dtor -Werror=address -Werror=sequence-point -Wformat -Werror=format-security -Wmissing-declarations -Wmissing-prototypes -Wstrict-prototypes -Wundef -Winit-self -Wpointer-arith -Wshadow -Wsign-promo -Wuninitialized -Winit-self -Wno-delete-non-virtual-dtor -Wno-unnamed-type-template-args -Wno-comment  -Wno-deprecated-anon-enum-enum-conversion'
===== BUILD LOG =====
Change Dir: /Users/chungting/MyOpenCV/Repo/opencv/platforms/ios/output/build/build-arm64-iphoneos/CMakeFiles/CMakeTmp

Run Build Command(s):/Users/chungting/MyOpenCV/Repo/opencv/platforms/ios/output/build/build-arm64-iphoneos/xcodebuild_wrapper -project CMAKE_TRY_COMPILE.xcodeproj build -target cmTC_c7876 -configuration Release -hideShellScriptEnvironment && Command line invocation:
    /Users/chungting/Downloads/Xcode.app/Contents/Developer/usr/bin/xcodebuild IPHONEOS_DEPLOYMENT_TARGET=8.0 CODE_SIGN_IDENTITY= CODE_SIGNING_REQUIRED=NO ARCHS=arm64 -sdk iphoneos -project CMAKE_TRY_COMPILE.xcodeproj build -target cmTC_c7876 -configuration Debug -hideShellScriptEnvironment

User defaults from command line:
    HideShellScriptEnvironment = YES

Build settings from command line:
    ARCHS = arm64
    CODE_SIGN_IDENTITY = 
    CODE_SIGNING_REQUIRED = NO
    IPHONEOS_DEPLOYMENT_TARGET = 8.0
    SDKROOT = iphoneos13.4

Prepare build
note: Using legacy build system
=== BUILD TARGET cmTC_c7876 OF PROJECT CMAKE_TRY_COMPILE WITH CONFIGURATION Debug ===

Check dependencies

Write auxiliary files
/bin/mkdir -p /Users/chungting/MyOpenCV/Repo/opencv/platforms/ios/output/build/build-arm64-iphoneos/CMakeFiles/CMakeTmp/CMAKE_TRY_COMPILE.build/Debug-iphoneos/cmTC_c7876.build/Objects-normal/arm64
write-file /Users/chungting/MyOpenCV/Repo/opencv/platforms/ios/output/build/build-arm64-iphoneos/CMakeFiles/CMakeTmp/CMAKE_TRY_COMPILE.build/Debug-iphoneos/cmTC_c7876.build/Objects-normal/arm64/cmTC_c7876.LinkFileList

Create product structure
/bin/mkdir -p /Users/chungting/MyOpenCV/Repo/opencv/platforms/ios/output/build/build-arm64-iphoneos/CMakeFiles/CMakeTmp/Debug/cmTC_c7876.app

ProcessInfoPlistFile Debug/cmTC_c7876.app/Info.plist CMakeFiles/cmTC_c7876.dir/Info.plist
    cd /Users/chungting/MyOpenCV/Repo/opencv/platforms/ios/output/build/build-arm64-iphoneos/CMakeFiles/CMakeTmp
    builtin-infoPlistUtility /Users/chungting/MyOpenCV/Repo/opencv/platforms/ios/output/build/build-arm64-iphoneos/CMakeFiles/CMakeTmp/CMakeFiles/cmTC_c7876.dir/Info.plist -genpkginfo /Users/chungting/MyOpenCV/Repo/opencv/platforms/ios/output/build/build-arm64-iphoneos/CMakeFiles/CMakeTmp/Debug/cmTC_c7876.app/PkgInfo -expandbuildsettings -format binary -platform iphoneos -requiredArchitecture arm64 -o /Users/chungting/MyOpenCV/Repo/opencv/platforms/ios/output/build/build-arm64-iphoneos/CMakeFiles/CMakeTmp/Debug/cmTC_c7876.app/Info.plist

CompileC CMAKE_TRY_COMPILE.build/Debug-iphoneos/cmTC_c7876.build/Objects-normal/arm64/src.o src.c normal arm64 c com.apple.compilers.llvm.clang.1_0.compiler
    cd /Users/chungting/MyOpenCV/Repo/opencv/platforms/ios/output/build/build-arm64-iphoneos/CMakeFiles/CMakeTmp
    /Users/chungting/Downloads/Xcode.app/Contents/Developer/Toolchains/XcodeDefault.xctoolchain/usr/bin/clang -x c -target arm64-apple-ios8.0 -fmessage-length=0 -fdiagnostics-show-note-include-stack -fmacro-backtrace-limit=0 -Wno-trigraphs -fpascal-strings -O0 -Wno-missing-field-initializers -Wno-missing-prototypes -Wno-return-type -Wno-missing-braces -Wparentheses -Wswitch -Wno-unused-function -Wno-unused-label -Wno-unused-parameter -Wno-unused-variable -Wunused-value -Wno-empty-body -Wno-uninitialized -Wno-unknown-pragmas -Wno-shadow -Wno-four-char-constants -Wno-conversion -Wno-constant-conversion -Wno-int-conversion -Wno-bool-conversion -Wno-enum-conversion -Wno-float-conversion -Wno-non-literal-null-conversion -Wno-objc-literal-conversion -Wshorten-64-to-32 -Wpointer-sign -Wno-newline-eof -DCMAKE_INTDIR=\"Debug-iphoneos\" -isysroot /Users/chungting/Downloads/Xcode.app/Contents/Developer/Platforms/iPhoneOS.platform/Developer/SDKs/iPhoneOS13.4.sdk -fstrict-aliasing -Wdeprecated-declarations -g -Wno-sign-conversion -Wno-infinite-recursion -Wno-comma -Wno-block-capture-autoreleasing -Wno-strict-prototypes -Wno-semicolon-before-method-body -fembed-bitcode-marker -I/Users/chungting/MyOpenCV/Repo/opencv/platforms/ios/output/build/build-arm64-iphoneos/CMakeFiles/CMakeTmp/Debug/include -I/Users/chungting/MyOpenCV/Repo/opencv/platforms/ios/output/build/build-arm64-iphoneos/CMakeFiles/CMakeTmp/CMAKE_TRY_COMPILE.build/Debug-iphoneos/cmTC_c7876.build/DerivedSources-normal/arm64 -I/Users/chungting/MyOpenCV/Repo/opencv/platforms/ios/output/build/build-arm64-iphoneos/CMakeFiles/CMakeTmp/CMAKE_TRY_COMPILE.build/Debug-iphoneos/cmTC_c7876.build/DerivedSources/arm64 -I/Users/chungting/MyOpenCV/Repo/opencv/platforms/ios/output/build/build-arm64-iphoneos/CMakeFiles/CMakeTmp/CMAKE_TRY_COMPILE.build/Debug-iphoneos/cmTC_c7876.build/DerivedSources -F/Users/chungting/MyOpenCV/Repo/opencv/platforms/ios/output/build/build-arm64-iphoneos/CMakeFiles/CMakeTmp/Debug -fembed-bitcode -fPIE -fsigned-char -W -Wall -Werror=return-type -Werror=non-virtual-dtor -Werror=address -Werror=sequence-point -Wformat -Werror=format-security -Wmissing-declarations -Wmissing-prototypes -Wstrict-prototypes -Wundef -Winit-self -Wpointer-arith -Wshadow -Wsign-promo -Wuninitialized -Winit-self -Wno-delete-non-virtual-dtor -Wno-unnamed-type-template-args -Wno-comment -Wno-deprecated-anon-enum-enum-conversion -MMD -MT dependencies -MF /Users/chungting/MyOpenCV/Repo/opencv/platforms/ios/output/build/build-arm64-iphoneos/CMakeFiles/CMakeTmp/CMAKE_TRY_COMPILE.build/Debug-iphoneos/cmTC_c7876.build/Objects-normal/arm64/src.d --serialize-diagnostics /Users/chungting/MyOpenCV/Repo/opencv/platforms/ios/output/build/build-arm64-iphoneos/CMakeFiles/CMakeTmp/CMAKE_TRY_COMPILE.build/Debug-iphoneos/cmTC_c7876.build/Objects-normal/arm64/src.dia -c /Users/chungting/MyOpenCV/Repo/opencv/platforms/ios/output/build/build-arm64-iphoneos/CMakeFiles/CMakeTmp/src.c -o /Users/chungting/MyOpenCV/Repo/opencv/platforms/ios/output/build/build-arm64-iphoneos/CMakeFiles/CMakeTmp/CMAKE_TRY_COMPILE.build/Debug-iphoneos/cmTC_c7876.build/Objects-normal/arm64/src.o
warning: unknown warning option '-Wno-deprecated-anon-enum-enum-conversion'; did you mean '-Wno-deprecated-increment-bool'? [-Wunknown-warning-option]
/Users/chungting/MyOpenCV/Repo/opencv/platforms/ios/output/build/build-arm64-iphoneos/CMakeFiles/CMakeTmp/src.c:1:8: warning: unknown pragma ignored [-Wunknown-pragmas]
#pragma
       ^
2 warnings generated.

Ld Debug/cmTC_c7876.app/cmTC_c7876 normal arm64
    cd /Users/chungting/MyOpenCV/Repo/opencv/platforms/ios/output/build/build-arm64-iphoneos/CMakeFiles/CMakeTmp
    /Users/chungting/Downloads/Xcode.app/Contents/Developer/Toolchains/XcodeDefault.xctoolchain/usr/bin/clang -target arm64-apple-ios8.0 -isysroot /Users/chungting/Downloads/Xcode.app/Contents/Developer/Platforms/iPhoneOS.platform/Developer/SDKs/iPhoneOS13.4.sdk -L/Users/chungting/MyOpenCV/Repo/opencv/platforms/ios/output/build/build-arm64-iphoneos/CMakeFiles/CMakeTmp/Debug -F/Users/chungting/MyOpenCV/Repo/opencv/platforms/ios/output/build/build-arm64-iphoneos/CMakeFiles/CMakeTmp/Debug -filelist /Users/chungting/MyOpenCV/Repo/opencv/platforms/ios/output/build/build-arm64-iphoneos/CMakeFiles/CMakeTmp/CMAKE_TRY_COMPILE.build/Debug-iphoneos/cmTC_c7876.build/Objects-normal/arm64/cmTC_c7876.LinkFileList -dead_strip -Xlinker -object_path_lto -Xlinker /Users/chungting/MyOpenCV/Repo/opencv/platforms/ios/output/build/build-arm64-iphoneos/CMakeFiles/CMakeTmp/CMAKE_TRY_COMPILE.build/Debug-iphoneos/cmTC_c7876.build/Objects-normal/arm64/cmTC_c7876_lto.o -Xlinker -no_deduplicate -fembed-bitcode-marker -Wl,-search_paths_first -Wl,-headerpad_max_install_names -Xlinker -dependency_info -Xlinker /Users/chungting/MyOpenCV/Repo/opencv/platforms/ios/output/build/build-arm64-iphoneos/CMakeFiles/CMakeTmp/CMAKE_TRY_COMPILE.build/Debug-iphoneos/cmTC_c7876.build/Objects-normal/arm64/cmTC_c7876_dependency_info.dat -o /Users/chungting/MyOpenCV/Repo/opencv/platforms/ios/output/build/build-arm64-iphoneos/CMakeFiles/CMakeTmp/Debug/cmTC_c7876.app/cmTC_c7876
ld: warning: -headerpad_max_install_names is ignored when used with -bitcode_bundle (Xcode setting ENABLE_BITCODE=YES)

GenerateDSYMFile Debug/cmTC_c7876.app.dSYM Debug/cmTC_c7876.app/cmTC_c7876
    cd /Users/chungting/MyOpenCV/Repo/opencv/platforms/ios/output/build/build-arm64-iphoneos/CMakeFiles/CMakeTmp
    /Users/chungting/Downloads/Xcode.app/Contents/Developer/Toolchains/XcodeDefault.xctoolchain/usr/bin/dsymutil /Users/chungting/MyOpenCV/Repo/opencv/platforms/ios/output/build/build-arm64-iphoneos/CMakeFiles/CMakeTmp/Debug/cmTC_c7876.app/cmTC_c7876 -o /Users/chungting/MyOpenCV/Repo/opencv/platforms/ios/output/build/build-arm64-iphoneos/CMakeFiles/CMakeTmp/Debug/cmTC_c7876.app.dSYM

Touch Debug/cmTC_c7876.app
    cd /Users/chungting/MyOpenCV/Repo/opencv/platforms/ios/output/build/build-arm64-iphoneos/CMakeFiles/CMakeTmp
    /usr/bin/touch -c /Users/chungting/MyOpenCV/Repo/opencv/platforms/ios/output/build/build-arm64-iphoneos/CMakeFiles/CMakeTmp/Debug/cmTC_c7876.app

Validate Debug/cmTC_c7876.app
    cd /Users/chungting/MyOpenCV/Repo/opencv/platforms/ios/output/build/build-arm64-iphoneos/CMakeFiles/CMakeTmp
    builtin-validationUtility /Users/chungting/MyOpenCV/Repo/opencv/platforms/ios/output/build/build-arm64-iphoneos/CMakeFiles/CMakeTmp/Debug/cmTC_c7876.app

** BUILD SUCCEEDED **



===== END =====

Compilation failed:
    source file: '/Users/chungting/MyOpenCV/Repo/opencv/platforms/ios/output/build/build-arm64-iphoneos/CMakeFiles/CMakeTmp/src.cxx'
    check option: ''
===== BUILD LOG =====
Change Dir: /Users/chungting/MyOpenCV/Repo/opencv/platforms/ios/output/build/build-arm64-iphoneos/CMakeFiles/CMakeTmp

Run Build Command(s):/Users/chungting/MyOpenCV/Repo/opencv/platforms/ios/output/build/build-arm64-iphoneos/xcodebuild_wrapper -project CMAKE_TRY_COMPILE.xcodeproj build -target cmTC_e9655 -configuration Release -hideShellScriptEnvironment && Command line invocation:
    /Users/chungting/Downloads/Xcode.app/Contents/Developer/usr/bin/xcodebuild IPHONEOS_DEPLOYMENT_TARGET=8.0 CODE_SIGN_IDENTITY= CODE_SIGNING_REQUIRED=NO ARCHS=arm64 -sdk iphoneos -project CMAKE_TRY_COMPILE.xcodeproj build -target cmTC_e9655 -configuration Debug -hideShellScriptEnvironment

User defaults from command line:
    HideShellScriptEnvironment = YES

Build settings from command line:
    ARCHS = arm64
    CODE_SIGN_IDENTITY = 
    CODE_SIGNING_REQUIRED = NO
    IPHONEOS_DEPLOYMENT_TARGET = 8.0
    SDKROOT = iphoneos13.4

Prepare build
note: Using legacy build system
=== BUILD TARGET cmTC_e9655 OF PROJECT CMAKE_TRY_COMPILE WITH CONFIGURATION Debug ===

Check dependencies

Write auxiliary files
/bin/mkdir -p /Users/chungting/MyOpenCV/Repo/opencv/platforms/ios/output/build/build-arm64-iphoneos/CMakeFiles/CMakeTmp/CMAKE_TRY_COMPILE.build/Debug-iphoneos/cmTC_e9655.build/Objects-normal/arm64
write-file /Users/chungting/MyOpenCV/Repo/opencv/platforms/ios/output/build/build-arm64-iphoneos/CMakeFiles/CMakeTmp/CMAKE_TRY_COMPILE.build/Debug-iphoneos/cmTC_e9655.build/Objects-normal/arm64/cmTC_e9655.LinkFileList

Create product structure
/bin/mkdir -p /Users/chungting/MyOpenCV/Repo/opencv/platforms/ios/output/build/build-arm64-iphoneos/CMakeFiles/CMakeTmp/Debug/cmTC_e9655.app

ProcessInfoPlistFile Debug/cmTC_e9655.app/Info.plist CMakeFiles/cmTC_e9655.dir/Info.plist
    cd /Users/chungting/MyOpenCV/Repo/opencv/platforms/ios/output/build/build-arm64-iphoneos/CMakeFiles/CMakeTmp
    builtin-infoPlistUtility /Users/chungting/MyOpenCV/Repo/opencv/platforms/ios/output/build/build-arm64-iphoneos/CMakeFiles/CMakeTmp/CMakeFiles/cmTC_e9655.dir/Info.plist -genpkginfo /Users/chungting/MyOpenCV/Repo/opencv/platforms/ios/output/build/build-arm64-iphoneos/CMakeFiles/CMakeTmp/Debug/cmTC_e9655.app/PkgInfo -expandbuildsettings -format binary -platform iphoneos -requiredArchitecture arm64 -o /Users/chungting/MyOpenCV/Repo/opencv/platforms/ios/output/build/build-arm64-iphoneos/CMakeFiles/CMakeTmp/Debug/cmTC_e9655.app/Info.plist

CompileC CMAKE_TRY_COMPILE.build/Debug-iphoneos/cmTC_e9655.build/Objects-normal/arm64/src.o src.cxx normal arm64 c++ com.apple.compilers.llvm.clang.1_0.compiler
    cd /Users/chungting/MyOpenCV/Repo/opencv/platforms/ios/output/build/build-arm64-iphoneos/CMakeFiles/CMakeTmp
    /Users/chungting/Downloads/Xcode.app/Contents/Developer/Toolchains/XcodeDefault.xctoolchain/usr/bin/clang -x c++ -target arm64-apple-ios8.0 -fmessage-length=0 -fdiagnostics-show-note-include-stack -fmacro-backtrace-limit=0 -Wno-trigraphs -fpascal-strings -O0 -Wno-missing-field-initializers -Wno-missing-prototypes -Wno-return-type -Wno-non-virtual-dtor -Wno-overloaded-virtual -Wno-exit-time-destructors -Wno-missing-braces -Wparentheses -Wswitch -Wno-unused-function -Wno-unused-label -Wno-unused-parameter -Wno-unused-variable -Wunused-value -Wno-empty-body -Wno-uninitialized -Wno-unknown-pragmas -Wno-shadow -Wno-four-char-constants -Wno-conversion -Wno-constant-conversion -Wno-int-conversion -Wno-bool-conversion -Wno-enum-conversion -Wno-float-conversion -Wno-non-literal-null-conversion -Wno-objc-literal-conversion -Wshorten-64-to-32 -Wno-newline-eof -Wno-c++11-extensions -DCMAKE_INTDIR=\"Debug-iphoneos\" -isysroot /Users/chungting/Downloads/Xcode.app/Contents/Developer/Platforms/iPhoneOS.platform/Developer/SDKs/iPhoneOS13.4.sdk -fstrict-aliasing -Wdeprecated-declarations -Winvalid-offsetof -g -Wno-sign-conversion -Wno-infinite-recursion -Wno-move -Wno-comma -Wno-block-capture-autoreleasing -Wno-strict-prototypes -Wno-range-loop-analysis -Wno-semicolon-before-method-body -fembed-bitcode-marker -I/Users/chungting/MyOpenCV/Repo/opencv/platforms/ios/output/build/build-arm64-iphoneos/CMakeFiles/CMakeTmp/Debug/include -I/Users/chungting/MyOpenCV/Repo/opencv/platforms/ios/output/build/build-arm64-iphoneos/CMakeFiles/CMakeTmp/CMAKE_TRY_COMPILE.build/Debug-iphoneos/cmTC_e9655.build/DerivedSources-normal/arm64 -I/Users/chungting/MyOpenCV/Repo/opencv/platforms/ios/output/build/build-arm64-iphoneos/CMakeFiles/CMakeTmp/CMAKE_TRY_COMPILE.build/Debug-iphoneos/cmTC_e9655.build/DerivedSources/arm64 -I/Users/chungting/MyOpenCV/Repo/opencv/platforms/ios/output/build/build-arm64-iphoneos/CMakeFiles/CMakeTmp/CMAKE_TRY_COMPILE.build/Debug-iphoneos/cmTC_e9655.build/DerivedSources -F/Users/chungting/MyOpenCV/Repo/opencv/platforms/ios/output/build/build-arm64-iphoneos/CMakeFiles/CMakeTmp/Debug -fembed-bitcode -fPIE -std=c++11 -MMD -MT dependencies -MF /Users/chungting/MyOpenCV/Repo/opencv/platforms/ios/output/build/build-arm64-iphoneos/CMakeFiles/CMakeTmp/CMAKE_TRY_COMPILE.build/Debug-iphoneos/cmTC_e9655.build/Objects-normal/arm64/src.d --serialize-diagnostics /Users/chungting/MyOpenCV/Repo/opencv/platforms/ios/output/build/build-arm64-iphoneos/CMakeFiles/CMakeTmp/CMAKE_TRY_COMPILE.build/Debug-iphoneos/cmTC_e9655.build/Objects-normal/arm64/src.dia -c /Users/chungting/MyOpenCV/Repo/opencv/platforms/ios/output/build/build-arm64-iphoneos/CMakeFiles/CMakeTmp/src.cxx -o /Users/chungting/MyOpenCV/Repo/opencv/platforms/ios/output/build/build-arm64-iphoneos/CMakeFiles/CMakeTmp/CMAKE_TRY_COMPILE.build/Debug-iphoneos/cmTC_e9655.build/Objects-normal/arm64/src.o

Ld Debug/cmTC_e9655.app/cmTC_e9655 normal arm64
    cd /Users/chungting/MyOpenCV/Repo/opencv/platforms/ios/output/build/build-arm64-iphoneos/CMakeFiles/CMakeTmp
    /Users/chungting/Downloads/Xcode.app/Contents/Developer/Toolchains/XcodeDefault.xctoolchain/usr/bin/clang++ -target arm64-apple-ios8.0 -isysroot /Users/chungting/Downloads/Xcode.app/Contents/Developer/Platforms/iPhoneOS.platform/Developer/SDKs/iPhoneOS13.4.sdk -L/Users/chungting/MyOpenCV/Repo/opencv/platforms/ios/output/build/build-arm64-iphoneos/CMakeFiles/CMakeTmp/Debug -F/Users/chungting/MyOpenCV/Repo/opencv/platforms/ios/output/build/build-arm64-iphoneos/CMakeFiles/CMakeTmp/Debug -filelist /Users/chungting/MyOpenCV/Repo/opencv/platforms/ios/output/build/build-arm64-iphoneos/CMakeFiles/CMakeTmp/CMAKE_TRY_COMPILE.build/Debug-iphoneos/cmTC_e9655.build/Objects-normal/arm64/cmTC_e9655.LinkFileList -dead_strip -Xlinker -object_path_lto -Xlinker /Users/chungting/MyOpenCV/Repo/opencv/platforms/ios/output/build/build-arm64-iphoneos/CMakeFiles/CMakeTmp/CMAKE_TRY_COMPILE.build/Debug-iphoneos/cmTC_e9655.build/Objects-normal/arm64/cmTC_e9655_lto.o -Xlinker -no_deduplicate -fembed-bitcode-marker -Wl,--as-needed -Wl,-search_paths_first -Wl,-headerpad_max_install_names -Xlinker -dependency_info -Xlinker /Users/chungting/MyOpenCV/Repo/opencv/platforms/ios/output/build/build-arm64-iphoneos/CMakeFiles/CMakeTmp/CMAKE_TRY_COMPILE.build/Debug-iphoneos/cmTC_e9655.build/Objects-normal/arm64/cmTC_e9655_dependency_info.dat -o /Users/chungting/MyOpenCV/Repo/opencv/platforms/ios/output/build/build-arm64-iphoneos/CMakeFiles/CMakeTmp/Debug/cmTC_e9655.app/cmTC_e9655
ld: unknown option: --as-needed
clang: error: linker command failed with exit code 1 (use -v to see invocation)

** BUILD FAILED **


The following build commands failed:
	Ld Debug/cmTC_e9655.app/cmTC_e9655 normal arm64
(1 failure)


===== END =====

Determining if the include file malloc.h exists failed with the following output:
Change Dir: /Users/chungting/MyOpenCV/Repo/opencv/platforms/ios/output/build/build-arm64-iphoneos/CMakeFiles/CMakeTmp

Run Build Command(s):/Users/chungting/MyOpenCV/Repo/opencv/platforms/ios/output/build/build-arm64-iphoneos/xcodebuild_wrapper -project CMAKE_TRY_COMPILE.xcodeproj build -target cmTC_8b331 -configuration Release -hideShellScriptEnvironment && Command line invocation:
    /Users/chungting/Downloads/Xcode.app/Contents/Developer/usr/bin/xcodebuild IPHONEOS_DEPLOYMENT_TARGET=8.0 CODE_SIGN_IDENTITY= CODE_SIGNING_REQUIRED=NO ARCHS=arm64 -sdk iphoneos -project CMAKE_TRY_COMPILE.xcodeproj build -target cmTC_8b331 -configuration Debug -hideShellScriptEnvironment

User defaults from command line:
    HideShellScriptEnvironment = YES

Build settings from command line:
    ARCHS = arm64
    CODE_SIGN_IDENTITY = 
    CODE_SIGNING_REQUIRED = NO
    IPHONEOS_DEPLOYMENT_TARGET = 8.0
    SDKROOT = iphoneos13.4

Prepare build
note: Using legacy build system
=== BUILD TARGET cmTC_8b331 OF PROJECT CMAKE_TRY_COMPILE WITH CONFIGURATION Debug ===

Check dependencies

Write auxiliary files
/bin/mkdir -p /Users/chungting/MyOpenCV/Repo/opencv/platforms/ios/output/build/build-arm64-iphoneos/CMakeFiles/CMakeTmp/CMAKE_TRY_COMPILE.build/Debug-iphoneos/cmTC_8b331.build/Objects-normal/arm64
write-file /Users/chungting/MyOpenCV/Repo/opencv/platforms/ios/output/build/build-arm64-iphoneos/CMakeFiles/CMakeTmp/CMAKE_TRY_COMPILE.build/Debug-iphoneos/cmTC_8b331.build/Objects-normal/arm64/cmTC_8b331.LinkFileList

Create product structure
/bin/mkdir -p /Users/chungting/MyOpenCV/Repo/opencv/platforms/ios/output/build/build-arm64-iphoneos/CMakeFiles/CMakeTmp/Debug/cmTC_8b331.app

ProcessInfoPlistFile Debug/cmTC_8b331.app/Info.plist CMakeFiles/cmTC_8b331.dir/Info.plist
    cd /Users/chungting/MyOpenCV/Repo/opencv/platforms/ios/output/build/build-arm64-iphoneos/CMakeFiles/CMakeTmp
    builtin-infoPlistUtility /Users/chungting/MyOpenCV/Repo/opencv/platforms/ios/output/build/build-arm64-iphoneos/CMakeFiles/CMakeTmp/CMakeFiles/cmTC_8b331.dir/Info.plist -genpkginfo /Users/chungting/MyOpenCV/Repo/opencv/platforms/ios/output/build/build-arm64-iphoneos/CMakeFiles/CMakeTmp/Debug/cmTC_8b331.app/PkgInfo -expandbuildsettings -format binary -platform iphoneos -requiredArchitecture arm64 -o /Users/chungting/MyOpenCV/Repo/opencv/platforms/ios/output/build/build-arm64-iphoneos/CMakeFiles/CMakeTmp/Debug/cmTC_8b331.app/Info.plist

CompileC CMAKE_TRY_COMPILE.build/Debug-iphoneos/cmTC_8b331.build/Objects-normal/arm64/CheckIncludeFile.o CheckIncludeFile.c normal arm64 c com.apple.compilers.llvm.clang.1_0.compiler
    cd /Users/chungting/MyOpenCV/Repo/opencv/platforms/ios/output/build/build-arm64-iphoneos/CMakeFiles/CMakeTmp
    /Users/chungting/Downloads/Xcode.app/Contents/Developer/Toolchains/XcodeDefault.xctoolchain/usr/bin/clang -x c -target arm64-apple-ios8.0 -fmessage-length=0 -fdiagnostics-show-note-include-stack -fmacro-backtrace-limit=0 -Wno-trigraphs -fpascal-strings -O0 -Wno-missing-field-initializers -Wno-missing-prototypes -Wno-return-type -Wno-missing-braces -Wparentheses -Wswitch -Wno-unused-function -Wno-unused-label -Wno-unused-parameter -Wno-unused-variable -Wunused-value -Wno-empty-body -Wno-uninitialized -Wno-unknown-pragmas -Wno-shadow -Wno-four-char-constants -Wno-conversion -Wno-constant-conversion -Wno-int-conversion -Wno-bool-conversion -Wno-enum-conversion -Wno-float-conversion -Wno-non-literal-null-conversion -Wno-objc-literal-conversion -Wshorten-64-to-32 -Wpointer-sign -Wno-newline-eof -DCMAKE_INTDIR=\"Debug-iphoneos\" -isysroot /Users/chungting/Downloads/Xcode.app/Contents/Developer/Platforms/iPhoneOS.platform/Developer/SDKs/iPhoneOS13.4.sdk -fstrict-aliasing -Wdeprecated-declarations -g -Wno-sign-conversion -Wno-infinite-recursion -Wno-comma -Wno-block-capture-autoreleasing -Wno-strict-prototypes -Wno-semicolon-before-method-body -fembed-bitcode-marker -I/Users/chungting/MyOpenCV/Repo/opencv/platforms/ios/output/build/build-arm64-iphoneos/CMakeFiles/CMakeTmp/Debug/include -I/Users/chungting/MyOpenCV/Repo/opencv/platforms/ios/output/build/build-arm64-iphoneos/CMakeFiles/CMakeTmp/CMAKE_TRY_COMPILE.build/Debug-iphoneos/cmTC_8b331.build/DerivedSources-normal/arm64 -I/Users/chungting/MyOpenCV/Repo/opencv/platforms/ios/output/build/build-arm64-iphoneos/CMakeFiles/CMakeTmp/CMAKE_TRY_COMPILE.build/Debug-iphoneos/cmTC_8b331.build/DerivedSources/arm64 -I/Users/chungting/MyOpenCV/Repo/opencv/platforms/ios/output/build/build-arm64-iphoneos/CMakeFiles/CMakeTmp/CMAKE_TRY_COMPILE.build/Debug-iphoneos/cmTC_8b331.build/DerivedSources -F/Users/chungting/MyOpenCV/Repo/opencv/platforms/ios/output/build/build-arm64-iphoneos/CMakeFiles/CMakeTmp/Debug -fembed-bitcode -fsigned-char -W -Wall -Werror=return-type -Werror=non-virtual-dtor -Werror=address -Werror=sequence-point -Wformat -Werror=format-security -Wmissing-declarations -Wmissing-prototypes -Wstrict-prototypes -Wundef -Winit-self -Wpointer-arith -Wshadow -Wsign-promo -Wuninitialized -Winit-self -Wno-delete-non-virtual-dtor -Wno-unnamed-type-template-args -Wno-comment -fdiagnostics-show-option -Qunused-arguments -Wno-semicolon-before-method-body -fvisibility=hidden -fvisibility-inlines-hidden -fPIE -MMD -MT dependencies -MF /Users/chungting/MyOpenCV/Repo/opencv/platforms/ios/output/build/build-arm64-iphoneos/CMakeFiles/CMakeTmp/CMAKE_TRY_COMPILE.build/Debug-iphoneos/cmTC_8b331.build/Objects-normal/arm64/CheckIncludeFile.d --serialize-diagnostics /Users/chungting/MyOpenCV/Repo/opencv/platforms/ios/output/build/build-arm64-iphoneos/CMakeFiles/CMakeTmp/CMAKE_TRY_COMPILE.build/Debug-iphoneos/cmTC_8b331.build/Objects-normal/arm64/CheckIncludeFile.dia -c /Users/chungting/MyOpenCV/Repo/opencv/platforms/ios/output/build/build-arm64-iphoneos/CMakeFiles/CMakeTmp/CheckIncludeFile.c -o /Users/chungting/MyOpenCV/Repo/opencv/platforms/ios/output/build/build-arm64-iphoneos/CMakeFiles/CMakeTmp/CMAKE_TRY_COMPILE.build/Debug-iphoneos/cmTC_8b331.build/Objects-normal/arm64/CheckIncludeFile.o
/Users/chungting/MyOpenCV/Repo/opencv/platforms/ios/output/build/build-arm64-iphoneos/CMakeFiles/CMakeTmp/CheckIncludeFile.c:1:10: fatal error: 'malloc.h' file not found
#include <malloc.h>
         ^~~~~~~~~~
1 error generated.

** BUILD FAILED **


The following build commands failed:
	CompileC CMAKE_TRY_COMPILE.build/Debug-iphoneos/cmTC_8b331.build/Objects-normal/arm64/CheckIncludeFile.o CheckIncludeFile.c normal arm64 c com.apple.compilers.llvm.clang.1_0.compiler
(1 failure)



Determining size of off64_t failed with the following output:
Change Dir: /Users/chungting/MyOpenCV/Repo/opencv/platforms/ios/output/build/build-arm64-iphoneos/CMakeFiles/CMakeTmp

Run Build Command(s):/Users/chungting/MyOpenCV/Repo/opencv/platforms/ios/output/build/build-arm64-iphoneos/xcodebuild_wrapper -project CMAKE_TRY_COMPILE.xcodeproj build -target cmTC_6b449 -configuration Release -hideShellScriptEnvironment && Command line invocation:
    /Users/chungting/Downloads/Xcode.app/Contents/Developer/usr/bin/xcodebuild IPHONEOS_DEPLOYMENT_TARGET=8.0 CODE_SIGN_IDENTITY= CODE_SIGNING_REQUIRED=NO ARCHS=arm64 -sdk iphoneos -project CMAKE_TRY_COMPILE.xcodeproj build -target cmTC_6b449 -configuration Debug -hideShellScriptEnvironment

User defaults from command line:
    HideShellScriptEnvironment = YES

Build settings from command line:
    ARCHS = arm64
    CODE_SIGN_IDENTITY = 
    CODE_SIGNING_REQUIRED = NO
    IPHONEOS_DEPLOYMENT_TARGET = 8.0
    SDKROOT = iphoneos13.4

Prepare build
note: Using legacy build system
=== BUILD TARGET cmTC_6b449 OF PROJECT CMAKE_TRY_COMPILE WITH CONFIGURATION Debug ===

Check dependencies

Write auxiliary files
/bin/mkdir -p /Users/chungting/MyOpenCV/Repo/opencv/platforms/ios/output/build/build-arm64-iphoneos/CMakeFiles/CMakeTmp/CMAKE_TRY_COMPILE.build/Debug-iphoneos/cmTC_6b449.build/Objects-normal/arm64
write-file /Users/chungting/MyOpenCV/Repo/opencv/platforms/ios/output/build/build-arm64-iphoneos/CMakeFiles/CMakeTmp/CMAKE_TRY_COMPILE.build/Debug-iphoneos/cmTC_6b449.build/Objects-normal/arm64/cmTC_6b449.LinkFileList

Create product structure
/bin/mkdir -p /Users/chungting/MyOpenCV/Repo/opencv/platforms/ios/output/build/build-arm64-iphoneos/CMakeFiles/CMakeTmp/Debug/cmTC_6b449.app

ProcessInfoPlistFile Debug/cmTC_6b449.app/Info.plist CMakeFiles/cmTC_6b449.dir/Info.plist
    cd /Users/chungting/MyOpenCV/Repo/opencv/platforms/ios/output/build/build-arm64-iphoneos/CMakeFiles/CMakeTmp
    builtin-infoPlistUtility /Users/chungting/MyOpenCV/Repo/opencv/platforms/ios/output/build/build-arm64-iphoneos/CMakeFiles/CMakeTmp/CMakeFiles/cmTC_6b449.dir/Info.plist -genpkginfo /Users/chungting/MyOpenCV/Repo/opencv/platforms/ios/output/build/build-arm64-iphoneos/CMakeFiles/CMakeTmp/Debug/cmTC_6b449.app/PkgInfo -expandbuildsettings -format binary -platform iphoneos -requiredArchitecture arm64 -o /Users/chungting/MyOpenCV/Repo/opencv/platforms/ios/output/build/build-arm64-iphoneos/CMakeFiles/CMakeTmp/Debug/cmTC_6b449.app/Info.plist

CompileC CMAKE_TRY_COMPILE.build/Debug-iphoneos/cmTC_6b449.build/Objects-normal/arm64/OFF64_T.o /Users/chungting/MyOpenCV/Repo/opencv/platforms/ios/output/build/build-arm64-iphoneos/CMakeFiles/CheckTypeSize/OFF64_T.c normal arm64 c com.apple.compilers.llvm.clang.1_0.compiler
    cd /Users/chungting/MyOpenCV/Repo/opencv/platforms/ios/output/build/build-arm64-iphoneos/CMakeFiles/CMakeTmp
    /Users/chungting/Downloads/Xcode.app/Contents/Developer/Toolchains/XcodeDefault.xctoolchain/usr/bin/clang -x c -target arm64-apple-ios8.0 -fmessage-length=0 -fdiagnostics-show-note-include-stack -fmacro-backtrace-limit=0 -Wno-trigraphs -fpascal-strings -O0 -Wno-missing-field-initializers -Wno-missing-prototypes -Wno-return-type -Wno-missing-braces -Wparentheses -Wswitch -Wno-unused-function -Wno-unused-label -Wno-unused-parameter -Wno-unused-variable -Wunused-value -Wno-empty-body -Wno-uninitialized -Wno-unknown-pragmas -Wno-shadow -Wno-four-char-constants -Wno-conversion -Wno-constant-conversion -Wno-int-conversion -Wno-bool-conversion -Wno-enum-conversion -Wno-float-conversion -Wno-non-literal-null-conversion -Wno-objc-literal-conversion -Wshorten-64-to-32 -Wpointer-sign -Wno-newline-eof -DCMAKE_INTDIR=\"Debug-iphoneos\" -isysroot /Users/chungting/Downloads/Xcode.app/Contents/Developer/Platforms/iPhoneOS.platform/Developer/SDKs/iPhoneOS13.4.sdk -fstrict-aliasing -Wdeprecated-declarations -g -Wno-sign-conversion -Wno-infinite-recursion -Wno-comma -Wno-block-capture-autoreleasing -Wno-strict-prototypes -Wno-semicolon-before-method-body -fembed-bitcode-marker -I/Users/chungting/MyOpenCV/Repo/opencv/platforms/ios/output/build/build-arm64-iphoneos/CMakeFiles/CMakeTmp/Debug/include -I/Users/chungting/MyOpenCV/Repo/opencv/platforms/ios/output/build/build-arm64-iphoneos/CMakeFiles/CMakeTmp/CMAKE_TRY_COMPILE.build/Debug-iphoneos/cmTC_6b449.build/DerivedSources-normal/arm64 -I/Users/chungting/MyOpenCV/Repo/opencv/platforms/ios/output/build/build-arm64-iphoneos/CMakeFiles/CMakeTmp/CMAKE_TRY_COMPILE.build/Debug-iphoneos/cmTC_6b449.build/DerivedSources/arm64 -I/Users/chungting/MyOpenCV/Repo/opencv/platforms/ios/output/build/build-arm64-iphoneos/CMakeFiles/CMakeTmp/CMAKE_TRY_COMPILE.build/Debug-iphoneos/cmTC_6b449.build/DerivedSources -F/Users/chungting/MyOpenCV/Repo/opencv/platforms/ios/output/build/build-arm64-iphoneos/CMakeFiles/CMakeTmp/Debug -fembed-bitcode -fsigned-char -W -Wall -Werror=return-type -Werror=non-virtual-dtor -Werror=address -Werror=sequence-point -Wformat -Werror=format-security -Wmissing-declarations -Wmissing-prototypes -Wstrict-prototypes -Wundef -Winit-self -Wpointer-arith -Wshadow -Wsign-promo -Wuninitialized -Winit-self -Wno-delete-non-virtual-dtor -Wno-unnamed-type-template-args -Wno-comment -fdiagnostics-show-option -Qunused-arguments -Wno-semicolon-before-method-body -fvisibility=hidden -fvisibility-inlines-hidden -fPIE -MMD -MT dependencies -MF /Users/chungting/MyOpenCV/Repo/opencv/platforms/ios/output/build/build-arm64-iphoneos/CMakeFiles/CMakeTmp/CMAKE_TRY_COMPILE.build/Debug-iphoneos/cmTC_6b449.build/Objects-normal/arm64/OFF64_T.d --serialize-diagnostics /Users/chungting/MyOpenCV/Repo/opencv/platforms/ios/output/build/build-arm64-iphoneos/CMakeFiles/CMakeTmp/CMAKE_TRY_COMPILE.build/Debug-iphoneos/cmTC_6b449.build/Objects-normal/arm64/OFF64_T.dia -c /Users/chungting/MyOpenCV/Repo/opencv/platforms/ios/output/build/build-arm64-iphoneos/CMakeFiles/CheckTypeSize/OFF64_T.c -o /Users/chungting/MyOpenCV/Repo/opencv/platforms/ios/output/build/build-arm64-iphoneos/CMakeFiles/CMakeTmp/CMAKE_TRY_COMPILE.build/Debug-iphoneos/cmTC_6b449.build/Objects-normal/arm64/OFF64_T.o
/Users/chungting/MyOpenCV/Repo/opencv/platforms/ios/output/build/build-arm64-iphoneos/CMakeFiles/CheckTypeSize/OFF64_T.c:29:12: error: use of undeclared identifier 'off64_t'
  ('0' + ((SIZE / 10000)%10)),
           ^
/Users/chungting/MyOpenCV/Repo/opencv/platforms/ios/output/build/build-arm64-iphoneos/CMakeFiles/CheckTypeSize/OFF64_T.c:27:22: note: expanded from macro 'SIZE'
#define SIZE (sizeof(off64_t))
                     ^
/Users/chungting/MyOpenCV/Repo/opencv/platforms/ios/output/build/build-arm64-iphoneos/CMakeFiles/CheckTypeSize/OFF64_T.c:30:12: error: use of undeclared identifier 'off64_t'
  ('0' + ((SIZE / 1000)%10)),
           ^
/Users/chungting/MyOpenCV/Repo/opencv/platforms/ios/output/build/build-arm64-iphoneos/CMakeFiles/CheckTypeSize/OFF64_T.c:27:22: note: expanded from macro 'SIZE'
#define SIZE (sizeof(off64_t))
                     ^
/Users/chungting/MyOpenCV/Repo/opencv/platforms/ios/output/build/build-arm64-iphoneos/CMakeFiles/CheckTypeSize/OFF64_T.c:31:12: error: use of undeclared identifier 'off64_t'
  ('0' + ((SIZE / 100)%10)),
           ^
/Users/chungting/MyOpenCV/Repo/opencv/platforms/ios/output/build/build-arm64-iphoneos/CMakeFiles/CheckTypeSize/OFF64_T.c:27:22: note: expanded from macro 'SIZE'
#define SIZE (sizeof(off64_t))
                     ^
/Users/chungting/MyOpenCV/Repo/opencv/platforms/ios/output/build/build-arm64-iphoneos/CMakeFiles/CheckTypeSize/OFF64_T.c:32:12: error: use of undeclared identifier 'off64_t'
  ('0' + ((SIZE / 10)%10)),
           ^
/Users/chungting/MyOpenCV/Repo/opencv/platforms/ios/output/build/build-arm64-iphoneos/CMakeFiles/CheckTypeSize/OFF64_T.c:27:22: note: expanded from macro 'SIZE'
#define SIZE (sizeof(off64_t))
                     ^
/Users/chungting/MyOpenCV/Repo/opencv/platforms/ios/output/build/build-arm64-iphoneos/CMakeFiles/CheckTypeSize/OFF64_T.c:33:12: error: use of undeclared identifier 'off64_t'
  ('0' +  (SIZE    % 10)),
           ^
/Users/chungting/MyOpenCV/Repo/opencv/platforms/ios/output/build/build-arm64-iphoneos/CMakeFiles/CheckTypeSize/OFF64_T.c:27:22: note: expanded from macro 'SIZE'
#define SIZE (sizeof(off64_t))
                     ^
5 errors generated.

** BUILD FAILED **


The following build commands failed:
	CompileC CMAKE_TRY_COMPILE.build/Debug-iphoneos/cmTC_6b449.build/Objects-normal/arm64/OFF64_T.o /Users/chungting/MyOpenCV/Repo/opencv/platforms/ios/output/build/build-arm64-iphoneos/CMakeFiles/CheckTypeSize/OFF64_T.c normal arm64 c com.apple.compilers.llvm.clang.1_0.compiler
(1 failure)


/Users/chungting/MyOpenCV/Repo/opencv/platforms/ios/output/build/build-arm64-iphoneos/CMakeFiles/CheckTypeSize/OFF64_T.c:
#include <sys/types.h>
#include <stdint.h>
#include <stddef.h>


#undef KEY
#if defined(__i386)
# define KEY '_','_','i','3','8','6'
#elif defined(__x86_64)
# define KEY '_','_','x','8','6','_','6','4'
#elif defined(__PPC64__)
# define KEY '_','_','P','P','C','6','4','_','_'
#elif defined(__ppc64__)
# define KEY '_','_','p','p','c','6','4','_','_'
#elif defined(__PPC__)
# define KEY '_','_','P','P','C','_','_'
#elif defined(__ppc__)
# define KEY '_','_','p','p','c','_','_'
#elif defined(__aarch64__)
# define KEY '_','_','a','a','r','c','h','6','4','_','_'
#elif defined(__ARM_ARCH_7A__)
# define KEY '_','_','A','R','M','_','A','R','C','H','_','7','A','_','_'
#elif defined(__ARM_ARCH_7S__)
# define KEY '_','_','A','R','M','_','A','R','C','H','_','7','S','_','_'
#endif

#define SIZE (sizeof(off64_t))
static char info_size[] =  {'I', 'N', 'F', 'O', ':', 's','i','z','e','[',
  ('0' + ((SIZE / 10000)%10)),
  ('0' + ((SIZE / 1000)%10)),
  ('0' + ((SIZE / 100)%10)),
  ('0' + ((SIZE / 10)%10)),
  ('0' +  (SIZE    % 10)),
  ']',
#ifdef KEY
  ' ','k','e','y','[', KEY, ']',
#endif
  '\0'};

#ifdef __CLASSIC_C__
int main(argc, argv) int argc; char *argv[];
#else
int main(int argc, char *argv[])
#endif
{
  int require = 0;
  require += info_size[argc];
  (void)argv;
  return require;
}


Build output check failed:
    Regex: 'unknown .*option'
    Output line: 'warning: unknown warning option '-Wno-maybe-uninitialized', did you mean '-Wno-uninitialized'? [-Wunknown-warning-option]'
Compilation failed:
    source file: '/Users/chungting/MyOpenCV/Repo/opencv/platforms/ios/output/build/build-arm64-iphoneos/CMakeFiles/CMakeTmp/src.c'
    check option: ' -Wno-maybe-uninitialized'
===== BUILD LOG =====
Change Dir: /Users/chungting/MyOpenCV/Repo/opencv/platforms/ios/output/build/build-arm64-iphoneos/CMakeFiles/CMakeTmp

Run Build Command(s):/Users/chungting/MyOpenCV/Repo/opencv/platforms/ios/output/build/build-arm64-iphoneos/xcodebuild_wrapper -project CMAKE_TRY_COMPILE.xcodeproj build -target cmTC_bbe74 -configuration Release -hideShellScriptEnvironment && Command line invocation:
    /Users/chungting/Downloads/Xcode.app/Contents/Developer/usr/bin/xcodebuild IPHONEOS_DEPLOYMENT_TARGET=8.0 CODE_SIGN_IDENTITY= CODE_SIGNING_REQUIRED=NO ARCHS=arm64 -sdk iphoneos -project CMAKE_TRY_COMPILE.xcodeproj build -target cmTC_bbe74 -configuration Debug -hideShellScriptEnvironment

User defaults from command line:
    HideShellScriptEnvironment = YES

Build settings from command line:
    ARCHS = arm64
    CODE_SIGN_IDENTITY = 
    CODE_SIGNING_REQUIRED = NO
    IPHONEOS_DEPLOYMENT_TARGET = 8.0
    SDKROOT = iphoneos13.4

Prepare build
note: Using legacy build system
=== BUILD TARGET cmTC_bbe74 OF PROJECT CMAKE_TRY_COMPILE WITH CONFIGURATION Debug ===

Check dependencies

Write auxiliary files
/bin/mkdir -p /Users/chungting/MyOpenCV/Repo/opencv/platforms/ios/output/build/build-arm64-iphoneos/CMakeFiles/CMakeTmp/CMAKE_TRY_COMPILE.build/Debug-iphoneos/cmTC_bbe74.build/Objects-normal/arm64
write-file /Users/chungting/MyOpenCV/Repo/opencv/platforms/ios/output/build/build-arm64-iphoneos/CMakeFiles/CMakeTmp/CMAKE_TRY_COMPILE.build/Debug-iphoneos/cmTC_bbe74.build/Objects-normal/arm64/cmTC_bbe74.LinkFileList

Create product structure
/bin/mkdir -p /Users/chungting/MyOpenCV/Repo/opencv/platforms/ios/output/build/build-arm64-iphoneos/CMakeFiles/CMakeTmp/Debug/cmTC_bbe74.app

ProcessInfoPlistFile Debug/cmTC_bbe74.app/Info.plist CMakeFiles/cmTC_bbe74.dir/Info.plist
    cd /Users/chungting/MyOpenCV/Repo/opencv/platforms/ios/output/build/build-arm64-iphoneos/CMakeFiles/CMakeTmp
    builtin-infoPlistUtility /Users/chungting/MyOpenCV/Repo/opencv/platforms/ios/output/build/build-arm64-iphoneos/CMakeFiles/CMakeTmp/CMakeFiles/cmTC_bbe74.dir/Info.plist -genpkginfo /Users/chungting/MyOpenCV/Repo/opencv/platforms/ios/output/build/build-arm64-iphoneos/CMakeFiles/CMakeTmp/Debug/cmTC_bbe74.app/PkgInfo -expandbuildsettings -format binary -platform iphoneos -requiredArchitecture arm64 -o /Users/chungting/MyOpenCV/Repo/opencv/platforms/ios/output/build/build-arm64-iphoneos/CMakeFiles/CMakeTmp/Debug/cmTC_bbe74.app/Info.plist

CompileC CMAKE_TRY_COMPILE.build/Debug-iphoneos/cmTC_bbe74.build/Objects-normal/arm64/src.o src.c normal arm64 c com.apple.compilers.llvm.clang.1_0.compiler
    cd /Users/chungting/MyOpenCV/Repo/opencv/platforms/ios/output/build/build-arm64-iphoneos/CMakeFiles/CMakeTmp
    /Users/chungting/Downloads/Xcode.app/Contents/Developer/Toolchains/XcodeDefault.xctoolchain/usr/bin/clang -x c -target arm64-apple-ios8.0 -fmessage-length=0 -fdiagnostics-show-note-include-stack -fmacro-backtrace-limit=0 -Wno-trigraphs -fpascal-strings -O0 -Wno-missing-field-initializers -Wno-missing-prototypes -Wno-return-type -Wno-missing-braces -Wparentheses -Wswitch -Wno-unused-function -Wno-unused-label -Wno-unused-parameter -Wno-unused-variable -Wunused-value -Wno-empty-body -Wno-uninitialized -Wno-unknown-pragmas -Wno-shadow -Wno-four-char-constants -Wno-conversion -Wno-constant-conversion -Wno-int-conversion -Wno-bool-conversion -Wno-enum-conversion -Wno-float-conversion -Wno-non-literal-null-conversion -Wno-objc-literal-conversion -Wshorten-64-to-32 -Wpointer-sign -Wno-newline-eof -DCMAKE_INTDIR=\"Debug-iphoneos\" -isysroot /Users/chungting/Downloads/Xcode.app/Contents/Developer/Platforms/iPhoneOS.platform/Developer/SDKs/iPhoneOS13.4.sdk -fstrict-aliasing -Wdeprecated-declarations -g -Wno-sign-conversion -Wno-infinite-recursion -Wno-comma -Wno-block-capture-autoreleasing -Wno-strict-prototypes -Wno-semicolon-before-method-body -fembed-bitcode-marker -I/Users/chungting/MyOpenCV/Repo/opencv/platforms/ios/output/build/build-arm64-iphoneos/CMakeFiles/CMakeTmp/Debug/include -I/Users/chungting/MyOpenCV/Repo/opencv/platforms/ios/output/build/build-arm64-iphoneos/CMakeFiles/CMakeTmp/CMAKE_TRY_COMPILE.build/Debug-iphoneos/cmTC_bbe74.build/DerivedSources-normal/arm64 -I/Users/chungting/MyOpenCV/Repo/opencv/platforms/ios/output/build/build-arm64-iphoneos/CMakeFiles/CMakeTmp/CMAKE_TRY_COMPILE.build/Debug-iphoneos/cmTC_bbe74.build/DerivedSources/arm64 -I/Users/chungting/MyOpenCV/Repo/opencv/platforms/ios/output/build/build-arm64-iphoneos/CMakeFiles/CMakeTmp/CMAKE_TRY_COMPILE.build/Debug-iphoneos/cmTC_bbe74.build/DerivedSources -F/Users/chungting/MyOpenCV/Repo/opencv/platforms/ios/output/build/build-arm64-iphoneos/CMakeFiles/CMakeTmp/Debug -fembed-bitcode -fsigned-char -W -Wall -Werror=return-type -Werror=non-virtual-dtor -Werror=address -Werror=sequence-point -Wformat -Werror=format-security -Wmissing-declarations -Wmissing-prototypes -Wstrict-prototypes -Wundef -Winit-self -Wpointer-arith -Wsign-promo -Wuninitialized -Winit-self -Wno-delete-non-virtual-dtor -Wno-unnamed-type-template-args -Wno-comment -fdiagnostics-show-option -Qunused-arguments -Wno-semicolon-before-method-body -fvisibility=hidden -fvisibility-inlines-hidden -std=c99 -Wno-unused-variable -Wno-unused-function -Wno-shadow -fPIE -Wno-maybe-uninitialized -MMD -MT dependencies -MF /Users/chungting/MyOpenCV/Repo/opencv/platforms/ios/output/build/build-arm64-iphoneos/CMakeFiles/CMakeTmp/CMAKE_TRY_COMPILE.build/Debug-iphoneos/cmTC_bbe74.build/Objects-normal/arm64/src.d --serialize-diagnostics /Users/chungting/MyOpenCV/Repo/opencv/platforms/ios/output/build/build-arm64-iphoneos/CMakeFiles/CMakeTmp/CMAKE_TRY_COMPILE.build/Debug-iphoneos/cmTC_bbe74.build/Objects-normal/arm64/src.dia -c /Users/chungting/MyOpenCV/Repo/opencv/platforms/ios/output/build/build-arm64-iphoneos/CMakeFiles/CMakeTmp/src.c -o /Users/chungting/MyOpenCV/Repo/opencv/platforms/ios/output/build/build-arm64-iphoneos/CMakeFiles/CMakeTmp/CMAKE_TRY_COMPILE.build/Debug-iphoneos/cmTC_bbe74.build/Objects-normal/arm64/src.o
warning: unknown warning option '-Wno-maybe-uninitialized'; did you mean '-Wno-uninitialized'? [-Wunknown-warning-option]
/Users/chungting/MyOpenCV/Repo/opencv/platforms/ios/output/build/build-arm64-iphoneos/CMakeFiles/CMakeTmp/src.c:1:8: warning: unknown pragma ignored [-Wunknown-pragmas]
#pragma
       ^
2 warnings generated.

Ld Debug/cmTC_bbe74.app/cmTC_bbe74 normal arm64
    cd /Users/chungting/MyOpenCV/Repo/opencv/platforms/ios/output/build/build-arm64-iphoneos/CMakeFiles/CMakeTmp
    /Users/chungting/Downloads/Xcode.app/Contents/Developer/Toolchains/XcodeDefault.xctoolchain/usr/bin/clang -target arm64-apple-ios8.0 -isysroot /Users/chungting/Downloads/Xcode.app/Contents/Developer/Platforms/iPhoneOS.platform/Developer/SDKs/iPhoneOS13.4.sdk -L/Users/chungting/MyOpenCV/Repo/opencv/platforms/ios/output/build/build-arm64-iphoneos/CMakeFiles/CMakeTmp/Debug -F/Users/chungting/MyOpenCV/Repo/opencv/platforms/ios/output/build/build-arm64-iphoneos/CMakeFiles/CMakeTmp/Debug -filelist /Users/chungting/MyOpenCV/Repo/opencv/platforms/ios/output/build/build-arm64-iphoneos/CMakeFiles/CMakeTmp/CMAKE_TRY_COMPILE.build/Debug-iphoneos/cmTC_bbe74.build/Objects-normal/arm64/cmTC_bbe74.LinkFileList -dead_strip -Xlinker -object_path_lto -Xlinker /Users/chungting/MyOpenCV/Repo/opencv/platforms/ios/output/build/build-arm64-iphoneos/CMakeFiles/CMakeTmp/CMAKE_TRY_COMPILE.build/Debug-iphoneos/cmTC_bbe74.build/Objects-normal/arm64/cmTC_bbe74_lto.o -Xlinker -no_deduplicate -fembed-bitcode-marker -Wl,-search_paths_first -Wl,-headerpad_max_install_names -Xlinker -dependency_info -Xlinker /Users/chungting/MyOpenCV/Repo/opencv/platforms/ios/output/build/build-arm64-iphoneos/CMakeFiles/CMakeTmp/CMAKE_TRY_COMPILE.build/Debug-iphoneos/cmTC_bbe74.build/Objects-normal/arm64/cmTC_bbe74_dependency_info.dat -o /Users/chungting/MyOpenCV/Repo/opencv/platforms/ios/output/build/build-arm64-iphoneos/CMakeFiles/CMakeTmp/Debug/cmTC_bbe74.app/cmTC_bbe74
ld: warning: -headerpad_max_install_names is ignored when used with -bitcode_bundle (Xcode setting ENABLE_BITCODE=YES)

GenerateDSYMFile Debug/cmTC_bbe74.app.dSYM Debug/cmTC_bbe74.app/cmTC_bbe74
    cd /Users/chungting/MyOpenCV/Repo/opencv/platforms/ios/output/build/build-arm64-iphoneos/CMakeFiles/CMakeTmp
    /Users/chungting/Downloads/Xcode.app/Contents/Developer/Toolchains/XcodeDefault.xctoolchain/usr/bin/dsymutil /Users/chungting/MyOpenCV/Repo/opencv/platforms/ios/output/build/build-arm64-iphoneos/CMakeFiles/CMakeTmp/Debug/cmTC_bbe74.app/cmTC_bbe74 -o /Users/chungting/MyOpenCV/Repo/opencv/platforms/ios/output/build/build-arm64-iphoneos/CMakeFiles/CMakeTmp/Debug/cmTC_bbe74.app.dSYM

Touch Debug/cmTC_bbe74.app
    cd /Users/chungting/MyOpenCV/Repo/opencv/platforms/ios/output/build/build-arm64-iphoneos/CMakeFiles/CMakeTmp
    /usr/bin/touch -c /Users/chungting/MyOpenCV/Repo/opencv/platforms/ios/output/build/build-arm64-iphoneos/CMakeFiles/CMakeTmp/Debug/cmTC_bbe74.app

Validate Debug/cmTC_bbe74.app
    cd /Users/chungting/MyOpenCV/Repo/opencv/platforms/ios/output/build/build-arm64-iphoneos/CMakeFiles/CMakeTmp
    builtin-validationUtility /Users/chungting/MyOpenCV/Repo/opencv/platforms/ios/output/build/build-arm64-iphoneos/CMakeFiles/CMakeTmp/Debug/cmTC_bbe74.app

** BUILD SUCCEEDED **



===== END =====

Build output check failed:
    Regex: 'unknown .*option'
    Output line: 'warning: unknown warning option '-Wno-suggest-override', did you mean '-Wno-shift-overflow'? [-Wunknown-warning-option]'
Compilation failed:
    source file: '/Users/chungting/MyOpenCV/Repo/opencv/platforms/ios/output/build/build-arm64-iphoneos/CMakeFiles/CMakeTmp/src.cxx'
    check option: ' -Wno-suggest-override'
===== BUILD LOG =====
Change Dir: /Users/chungting/MyOpenCV/Repo/opencv/platforms/ios/output/build/build-arm64-iphoneos/CMakeFiles/CMakeTmp

Run Build Command(s):/Users/chungting/MyOpenCV/Repo/opencv/platforms/ios/output/build/build-arm64-iphoneos/xcodebuild_wrapper -project CMAKE_TRY_COMPILE.xcodeproj build -target cmTC_3b044 -configuration Release -hideShellScriptEnvironment && Command line invocation:
    /Users/chungting/Downloads/Xcode.app/Contents/Developer/usr/bin/xcodebuild IPHONEOS_DEPLOYMENT_TARGET=8.0 CODE_SIGN_IDENTITY= CODE_SIGNING_REQUIRED=NO ARCHS=arm64 -sdk iphoneos -project CMAKE_TRY_COMPILE.xcodeproj build -target cmTC_3b044 -configuration Debug -hideShellScriptEnvironment

User defaults from command line:
    HideShellScriptEnvironment = YES

Build settings from command line:
    ARCHS = arm64
    CODE_SIGN_IDENTITY = 
    CODE_SIGNING_REQUIRED = NO
    IPHONEOS_DEPLOYMENT_TARGET = 8.0
    SDKROOT = iphoneos13.4

Prepare build
note: Using legacy build system
=== BUILD TARGET cmTC_3b044 OF PROJECT CMAKE_TRY_COMPILE WITH CONFIGURATION Debug ===

Check dependencies

Write auxiliary files
/bin/mkdir -p /Users/chungting/MyOpenCV/Repo/opencv/platforms/ios/output/build/build-arm64-iphoneos/CMakeFiles/CMakeTmp/CMAKE_TRY_COMPILE.build/Debug-iphoneos/cmTC_3b044.build/Objects-normal/arm64
write-file /Users/chungting/MyOpenCV/Repo/opencv/platforms/ios/output/build/build-arm64-iphoneos/CMakeFiles/CMakeTmp/CMAKE_TRY_COMPILE.build/Debug-iphoneos/cmTC_3b044.build/Objects-normal/arm64/cmTC_3b044.LinkFileList

Create product structure
/bin/mkdir -p /Users/chungting/MyOpenCV/Repo/opencv/platforms/ios/output/build/build-arm64-iphoneos/CMakeFiles/CMakeTmp/Debug/cmTC_3b044.app

ProcessInfoPlistFile Debug/cmTC_3b044.app/Info.plist CMakeFiles/cmTC_3b044.dir/Info.plist
    cd /Users/chungting/MyOpenCV/Repo/opencv/platforms/ios/output/build/build-arm64-iphoneos/CMakeFiles/CMakeTmp
    builtin-infoPlistUtility /Users/chungting/MyOpenCV/Repo/opencv/platforms/ios/output/build/build-arm64-iphoneos/CMakeFiles/CMakeTmp/CMakeFiles/cmTC_3b044.dir/Info.plist -genpkginfo /Users/chungting/MyOpenCV/Repo/opencv/platforms/ios/output/build/build-arm64-iphoneos/CMakeFiles/CMakeTmp/Debug/cmTC_3b044.app/PkgInfo -expandbuildsettings -format binary -platform iphoneos -requiredArchitecture arm64 -o /Users/chungting/MyOpenCV/Repo/opencv/platforms/ios/output/build/build-arm64-iphoneos/CMakeFiles/CMakeTmp/Debug/cmTC_3b044.app/Info.plist

CompileC CMAKE_TRY_COMPILE.build/Debug-iphoneos/cmTC_3b044.build/Objects-normal/arm64/src.o src.cxx normal arm64 c++ com.apple.compilers.llvm.clang.1_0.compiler
    cd /Users/chungting/MyOpenCV/Repo/opencv/platforms/ios/output/build/build-arm64-iphoneos/CMakeFiles/CMakeTmp
    /Users/chungting/Downloads/Xcode.app/Contents/Developer/Toolchains/XcodeDefault.xctoolchain/usr/bin/clang -x c++ -target arm64-apple-ios8.0 -fmessage-length=0 -fdiagnostics-show-note-include-stack -fmacro-backtrace-limit=0 -Wno-trigraphs -fpascal-strings -O0 -Wno-missing-field-initializers -Wno-missing-prototypes -Wno-return-type -Wno-non-virtual-dtor -Wno-overloaded-virtual -Wno-exit-time-destructors -Wno-missing-braces -Wparentheses -Wswitch -Wno-unused-function -Wno-unused-label -Wno-unused-parameter -Wno-unused-variable -Wunused-value -Wno-empty-body -Wno-uninitialized -Wno-unknown-pragmas -Wno-shadow -Wno-four-char-constants -Wno-conversion -Wno-constant-conversion -Wno-int-conversion -Wno-bool-conversion -Wno-enum-conversion -Wno-float-conversion -Wno-non-literal-null-conversion -Wno-objc-literal-conversion -Wshorten-64-to-32 -Wno-newline-eof -Wno-c++11-extensions -DCMAKE_INTDIR=\"Debug-iphoneos\" -isysroot /Users/chungting/Downloads/Xcode.app/Contents/Developer/Platforms/iPhoneOS.platform/Developer/SDKs/iPhoneOS13.4.sdk -fstrict-aliasing -Wdeprecated-declarations -Winvalid-offsetof -g -Wno-sign-conversion -Wno-infinite-recursion -Wno-move -Wno-comma -Wno-block-capture-autoreleasing -Wno-strict-prototypes -Wno-range-loop-analysis -Wno-semicolon-before-method-body -fembed-bitcode-marker -I/Users/chungting/MyOpenCV/Repo/opencv/platforms/ios/output/build/build-arm64-iphoneos/CMakeFiles/CMakeTmp/Debug/include -I/Users/chungting/MyOpenCV/Repo/opencv/platforms/ios/output/build/build-arm64-iphoneos/CMakeFiles/CMakeTmp/CMAKE_TRY_COMPILE.build/Debug-iphoneos/cmTC_3b044.build/DerivedSources-normal/arm64 -I/Users/chungting/MyOpenCV/Repo/opencv/platforms/ios/output/build/build-arm64-iphoneos/CMakeFiles/CMakeTmp/CMAKE_TRY_COMPILE.build/Debug-iphoneos/cmTC_3b044.build/DerivedSources/arm64 -I/Users/chungting/MyOpenCV/Repo/opencv/platforms/ios/output/build/build-arm64-iphoneos/CMakeFiles/CMakeTmp/CMAKE_TRY_COMPILE.build/Debug-iphoneos/cmTC_3b044.build/DerivedSources -F/Users/chungting/MyOpenCV/Repo/opencv/platforms/ios/output/build/build-arm64-iphoneos/CMakeFiles/CMakeTmp/Debug -fembed-bitcode -fsigned-char -W -Wall -Werror=return-type -Werror=non-virtual-dtor -Werror=address -Werror=sequence-point -Wformat -Werror=format-security -Wstrict-prototypes -Winit-self -Wpointer-arith -Wuninitialized -Winit-self -Wno-delete-non-virtual-dtor -Wno-unnamed-type-template-args -Wno-comment -fdiagnostics-show-option -Qunused-arguments -Wno-semicolon-before-method-body -fvisibility=hidden -fvisibility-inlines-hidden -Wno-deprecated -Wno-missing-prototypes -Wno-missing-declarations -Wno-shadow -Wno-unused-parameter -Wno-unused-local-typedefs -Wno-sign-compare -Wno-sign-promo -Wno-undef -Wno-tautological-undefined-compare -Wno-ignored-qualifiers -Wno-extra -Wno-unused-function -Wno-unused-const-variable -Wno-shorten-64-to-32 -Wno-invalid-offsetof -Wno-enum-compare-switch -fPIE -std=c++11 -Wno-suggest-override -MMD -MT dependencies -MF /Users/chungting/MyOpenCV/Repo/opencv/platforms/ios/output/build/build-arm64-iphoneos/CMakeFiles/CMakeTmp/CMAKE_TRY_COMPILE.build/Debug-iphoneos/cmTC_3b044.build/Objects-normal/arm64/src.d --serialize-diagnostics /Users/chungting/MyOpenCV/Repo/opencv/platforms/ios/output/build/build-arm64-iphoneos/CMakeFiles/CMakeTmp/CMAKE_TRY_COMPILE.build/Debug-iphoneos/cmTC_3b044.build/Objects-normal/arm64/src.dia -c /Users/chungting/MyOpenCV/Repo/opencv/platforms/ios/output/build/build-arm64-iphoneos/CMakeFiles/CMakeTmp/src.cxx -o /Users/chungting/MyOpenCV/Repo/opencv/platforms/ios/output/build/build-arm64-iphoneos/CMakeFiles/CMakeTmp/CMAKE_TRY_COMPILE.build/Debug-iphoneos/cmTC_3b044.build/Objects-normal/arm64/src.o
warning: unknown warning option '-Wno-suggest-override'; did you mean '-Wno-shift-overflow'? [-Wunknown-warning-option]
/Users/chungting/MyOpenCV/Repo/opencv/platforms/ios/output/build/build-arm64-iphoneos/CMakeFiles/CMakeTmp/src.cxx:1:8: warning: unknown pragma ignored [-Wunknown-pragmas]
#pragma
       ^
2 warnings generated.

Ld Debug/cmTC_3b044.app/cmTC_3b044 normal arm64
    cd /Users/chungting/MyOpenCV/Repo/opencv/platforms/ios/output/build/build-arm64-iphoneos/CMakeFiles/CMakeTmp
    /Users/chungting/Downloads/Xcode.app/Contents/Developer/Toolchains/XcodeDefault.xctoolchain/usr/bin/clang++ -target arm64-apple-ios8.0 -isysroot /Users/chungting/Downloads/Xcode.app/Contents/Developer/Platforms/iPhoneOS.platform/Developer/SDKs/iPhoneOS13.4.sdk -L/Users/chungting/MyOpenCV/Repo/opencv/platforms/ios/output/build/build-arm64-iphoneos/CMakeFiles/CMakeTmp/Debug -F/Users/chungting/MyOpenCV/Repo/opencv/platforms/ios/output/build/build-arm64-iphoneos/CMakeFiles/CMakeTmp/Debug -filelist /Users/chungting/MyOpenCV/Repo/opencv/platforms/ios/output/build/build-arm64-iphoneos/CMakeFiles/CMakeTmp/CMAKE_TRY_COMPILE.build/Debug-iphoneos/cmTC_3b044.build/Objects-normal/arm64/cmTC_3b044.LinkFileList -dead_strip -Xlinker -object_path_lto -Xlinker /Users/chungting/MyOpenCV/Repo/opencv/platforms/ios/output/build/build-arm64-iphoneos/CMakeFiles/CMakeTmp/CMAKE_TRY_COMPILE.build/Debug-iphoneos/cmTC_3b044.build/Objects-normal/arm64/cmTC_3b044_lto.o -Xlinker -no_deduplicate -fembed-bitcode-marker -Wl,-search_paths_first -Wl,-headerpad_max_install_names -Xlinker -dependency_info -Xlinker /Users/chungting/MyOpenCV/Repo/opencv/platforms/ios/output/build/build-arm64-iphoneos/CMakeFiles/CMakeTmp/CMAKE_TRY_COMPILE.build/Debug-iphoneos/cmTC_3b044.build/Objects-normal/arm64/cmTC_3b044_dependency_info.dat -o /Users/chungting/MyOpenCV/Repo/opencv/platforms/ios/output/build/build-arm64-iphoneos/CMakeFiles/CMakeTmp/Debug/cmTC_3b044.app/cmTC_3b044
ld: warning: -headerpad_max_install_names is ignored when used with -bitcode_bundle (Xcode setting ENABLE_BITCODE=YES)

GenerateDSYMFile Debug/cmTC_3b044.app.dSYM Debug/cmTC_3b044.app/cmTC_3b044
    cd /Users/chungting/MyOpenCV/Repo/opencv/platforms/ios/output/build/build-arm64-iphoneos/CMakeFiles/CMakeTmp
    /Users/chungting/Downloads/Xcode.app/Contents/Developer/Toolchains/XcodeDefault.xctoolchain/usr/bin/dsymutil /Users/chungting/MyOpenCV/Repo/opencv/platforms/ios/output/build/build-arm64-iphoneos/CMakeFiles/CMakeTmp/Debug/cmTC_3b044.app/cmTC_3b044 -o /Users/chungting/MyOpenCV/Repo/opencv/platforms/ios/output/build/build-arm64-iphoneos/CMakeFiles/CMakeTmp/Debug/cmTC_3b044.app.dSYM

Touch Debug/cmTC_3b044.app
    cd /Users/chungting/MyOpenCV/Repo/opencv/platforms/ios/output/build/build-arm64-iphoneos/CMakeFiles/CMakeTmp
    /usr/bin/touch -c /Users/chungting/MyOpenCV/Repo/opencv/platforms/ios/output/build/build-arm64-iphoneos/CMakeFiles/CMakeTmp/Debug/cmTC_3b044.app

Validate Debug/cmTC_3b044.app
    cd /Users/chungting/MyOpenCV/Repo/opencv/platforms/ios/output/build/build-arm64-iphoneos/CMakeFiles/CMakeTmp
    builtin-validationUtility /Users/chungting/MyOpenCV/Repo/opencv/platforms/ios/output/build/build-arm64-iphoneos/CMakeFiles/CMakeTmp/Debug/cmTC_3b044.app

** BUILD SUCCEEDED **



===== END =====

